$basis.indices.aims
# amount of basis functions used:   2888
# fn.   type   at.   n   l   m
    1 atomic     1   1   0   0
    2 hydro      1   3   0   0
    3 atomic     1   2   0   0
    4 atomic     1   2   1  -1
    5 atomic     1   2   1   0
    6 atomic     1   2   1   1
    7 hydro      1   2   1  -1
    8 hydro      1   2   1   0
    9 hydro      1   2   1   1
   10 hydro      1   3   2  -2
   11 hydro      1   3   2  -1
   12 hydro      1   3   2   0
   13 hydro      1   3   2   1
   14 hydro      1   3   2   2
   15 atomic     2   1   0   0
   16 hydro      2   2   0   0
   17 atomic     2   2   0   0
   18 atomic     2   2   1  -1
   19 atomic     2   2   1   0
   20 atomic     2   2   1   1
   21 hydro      2   2   1  -1
   22 hydro      2   2   1   0
   23 hydro      2   2   1   1
   24 hydro      2   3   2  -2
   25 hydro      2   3   2  -1
   26 hydro      2   3   2   0
   27 hydro      2   3   2   1
   28 hydro      2   3   2   2
   29 atomic     3   1   0   0
   30 hydro      3   2   0   0
   31 atomic     3   2   0   0
   32 atomic     3   2   1  -1
   33 atomic     3   2   1   0
   34 atomic     3   2   1   1
   35 hydro      3   2   1  -1
   36 hydro      3   2   1   0
   37 hydro      3   2   1   1
   38 hydro      3   3   2  -2
   39 hydro      3   3   2  -1
   40 hydro      3   3   2   0
   41 hydro      3   3   2   1
   42 hydro      3   3   2   2
   43 atomic     4   1   0   0
   44 hydro      4   2   0   0
   45 atomic     4   2   0   0
   46 atomic     4   2   1  -1
   47 atomic     4   2   1   0
   48 atomic     4   2   1   1
   49 hydro      4   2   1  -1
   50 hydro      4   2   1   0
   51 hydro      4   2   1   1
   52 hydro      4   3   2  -2
   53 hydro      4   3   2  -1
   54 hydro      4   3   2   0
   55 hydro      4   3   2   1
   56 hydro      4   3   2   2
   57 atomic     5   1   0   0
   58 hydro      5   3   0   0
   59 atomic     5   2   0   0
   60 atomic     5   2   1  -1
   61 atomic     5   2   1   0
   62 atomic     5   2   1   1
   63 hydro      5   2   1  -1
   64 hydro      5   2   1   0
   65 hydro      5   2   1   1
   66 hydro      5   3   2  -2
   67 hydro      5   3   2  -1
   68 hydro      5   3   2   0
   69 hydro      5   3   2   1
   70 hydro      5   3   2   2
   71 atomic     6   1   0   0
   72 hydro      6   2   0   0
   73 hydro      6   2   1  -1
   74 hydro      6   2   1   0
   75 hydro      6   2   1   1
   76 atomic     7   1   0   0
   77 hydro      7   2   0   0
   78 hydro      7   2   1  -1
   79 hydro      7   2   1   0
   80 hydro      7   2   1   1
   81 atomic     8   1   0   0
   82 hydro      8   2   0   0
   83 atomic     8   2   0   0
   84 atomic     8   2   1  -1
   85 atomic     8   2   1   0
   86 atomic     8   2   1   1
   87 hydro      8   2   1  -1
   88 hydro      8   2   1   0
   89 hydro      8   2   1   1
   90 hydro      8   3   2  -2
   91 hydro      8   3   2  -1
   92 hydro      8   3   2   0
   93 hydro      8   3   2   1
   94 hydro      8   3   2   2
   95 atomic     9   1   0   0
   96 hydro      9   2   0   0
   97 hydro      9   2   1  -1
   98 hydro      9   2   1   0
   99 hydro      9   2   1   1
  100 atomic    10   1   0   0
  101 hydro     10   2   0   0
  102 hydro     10   2   1  -1
  103 hydro     10   2   1   0
  104 hydro     10   2   1   1
  105 atomic    11   1   0   0
  106 hydro     11   2   0   0
  107 atomic    11   2   0   0
  108 atomic    11   2   1  -1
  109 atomic    11   2   1   0
  110 atomic    11   2   1   1
  111 hydro     11   2   1  -1
  112 hydro     11   2   1   0
  113 hydro     11   2   1   1
  114 hydro     11   3   2  -2
  115 hydro     11   3   2  -1
  116 hydro     11   3   2   0
  117 hydro     11   3   2   1
  118 hydro     11   3   2   2
  119 atomic    12   1   0   0
  120 hydro     12   2   0   0
  121 hydro     12   2   1  -1
  122 hydro     12   2   1   0
  123 hydro     12   2   1   1
  124 atomic    13   1   0   0
  125 hydro     13   2   0   0
  126 hydro     13   2   1  -1
  127 hydro     13   2   1   0
  128 hydro     13   2   1   1
  129 atomic    14   1   0   0
  130 hydro     14   3   0   0
  131 atomic    14   2   0   0
  132 atomic    14   2   1  -1
  133 atomic    14   2   1   0
  134 atomic    14   2   1   1
  135 hydro     14   2   1  -1
  136 hydro     14   2   1   0
  137 hydro     14   2   1   1
  138 hydro     14   3   2  -2
  139 hydro     14   3   2  -1
  140 hydro     14   3   2   0
  141 hydro     14   3   2   1
  142 hydro     14   3   2   2
  143 atomic    15   1   0   0
  144 hydro     15   2   0   0
  145 hydro     15   2   1  -1
  146 hydro     15   2   1   0
  147 hydro     15   2   1   1
  148 atomic    16   1   0   0
  149 hydro     16   2   0   0
  150 hydro     16   2   1  -1
  151 hydro     16   2   1   0
  152 hydro     16   2   1   1
  153 atomic    17   1   0   0
  154 atomic    17   2   0   0
  155 atomic    17   3   0   0
  156 atomic    17   4   0   0
  157 atomic    17   5   0   0
  158 ionic     17   6   0   0
  159 atomic    17   6   0   0
  160 atomic    17   2   1  -1
  161 atomic    17   2   1   0
  162 atomic    17   2   1   1
  163 atomic    17   3   1  -1
  164 atomic    17   3   1   0
  165 atomic    17   3   1   1
  166 atomic    17   4   1  -1
  167 atomic    17   4   1   0
  168 atomic    17   4   1   1
  169 atomic    17   5   1  -1
  170 atomic    17   5   1   0
  171 atomic    17   5   1   1
  172 ionic     17   6   1  -1
  173 ionic     17   6   1   0
  174 ionic     17   6   1   1
  175 atomic    17   3   2  -2
  176 atomic    17   3   2  -1
  177 atomic    17   3   2   0
  178 atomic    17   3   2   1
  179 atomic    17   3   2   2
  180 atomic    17   4   2  -2
  181 atomic    17   4   2  -1
  182 atomic    17   4   2   0
  183 atomic    17   4   2   1
  184 atomic    17   4   2   2
  185 atomic    17   5   2  -2
  186 atomic    17   5   2  -1
  187 atomic    17   5   2   0
  188 atomic    17   5   2   1
  189 atomic    17   5   2   2
  190 hydro     17   3   2  -2
  191 hydro     17   3   2  -1
  192 hydro     17   3   2   0
  193 hydro     17   3   2   1
  194 hydro     17   3   2   2
  195 atomic    17   4   3  -3
  196 atomic    17   4   3  -2
  197 atomic    17   4   3  -1
  198 atomic    17   4   3   0
  199 atomic    17   4   3   1
  200 atomic    17   4   3   2
  201 atomic    17   4   3   3
  202 hydro     17   4   3  -3
  203 hydro     17   4   3  -2
  204 hydro     17   4   3  -1
  205 hydro     17   4   3   0
  206 hydro     17   4   3   1
  207 hydro     17   4   3   2
  208 hydro     17   4   3   3
  209 hydro     17   5   4  -4
  210 hydro     17   5   4  -3
  211 hydro     17   5   4  -2
  212 hydro     17   5   4  -1
  213 hydro     17   5   4   0
  214 hydro     17   5   4   1
  215 hydro     17   5   4   2
  216 hydro     17   5   4   3
  217 hydro     17   5   4   4
  218 hydro     17   6   5  -5
  219 hydro     17   6   5  -4
  220 hydro     17   6   5  -3
  221 hydro     17   6   5  -2
  222 hydro     17   6   5  -1
  223 hydro     17   6   5   0
  224 hydro     17   6   5   1
  225 hydro     17   6   5   2
  226 hydro     17   6   5   3
  227 hydro     17   6   5   4
  228 hydro     17   6   5   5
  229 atomic    18   1   0   0
  230 atomic    18   2   0   0
  231 atomic    18   3   0   0
  232 atomic    18   4   0   0
  233 atomic    18   5   0   0
  234 ionic     18   6   0   0
  235 atomic    18   6   0   0
  236 atomic    18   2   1  -1
  237 atomic    18   2   1   0
  238 atomic    18   2   1   1
  239 atomic    18   3   1  -1
  240 atomic    18   3   1   0
  241 atomic    18   3   1   1
  242 atomic    18   4   1  -1
  243 atomic    18   4   1   0
  244 atomic    18   4   1   1
  245 atomic    18   5   1  -1
  246 atomic    18   5   1   0
  247 atomic    18   5   1   1
  248 ionic     18   6   1  -1
  249 ionic     18   6   1   0
  250 ionic     18   6   1   1
  251 atomic    18   3   2  -2
  252 atomic    18   3   2  -1
  253 atomic    18   3   2   0
  254 atomic    18   3   2   1
  255 atomic    18   3   2   2
  256 atomic    18   4   2  -2
  257 atomic    18   4   2  -1
  258 atomic    18   4   2   0
  259 atomic    18   4   2   1
  260 atomic    18   4   2   2
  261 atomic    18   5   2  -2
  262 atomic    18   5   2  -1
  263 atomic    18   5   2   0
  264 atomic    18   5   2   1
  265 atomic    18   5   2   2
  266 hydro     18   3   2  -2
  267 hydro     18   3   2  -1
  268 hydro     18   3   2   0
  269 hydro     18   3   2   1
  270 hydro     18   3   2   2
  271 atomic    18   4   3  -3
  272 atomic    18   4   3  -2
  273 atomic    18   4   3  -1
  274 atomic    18   4   3   0
  275 atomic    18   4   3   1
  276 atomic    18   4   3   2
  277 atomic    18   4   3   3
  278 hydro     18   4   3  -3
  279 hydro     18   4   3  -2
  280 hydro     18   4   3  -1
  281 hydro     18   4   3   0
  282 hydro     18   4   3   1
  283 hydro     18   4   3   2
  284 hydro     18   4   3   3
  285 hydro     18   5   4  -4
  286 hydro     18   5   4  -3
  287 hydro     18   5   4  -2
  288 hydro     18   5   4  -1
  289 hydro     18   5   4   0
  290 hydro     18   5   4   1
  291 hydro     18   5   4   2
  292 hydro     18   5   4   3
  293 hydro     18   5   4   4
  294 hydro     18   6   5  -5
  295 hydro     18   6   5  -4
  296 hydro     18   6   5  -3
  297 hydro     18   6   5  -2
  298 hydro     18   6   5  -1
  299 hydro     18   6   5   0
  300 hydro     18   6   5   1
  301 hydro     18   6   5   2
  302 hydro     18   6   5   3
  303 hydro     18   6   5   4
  304 hydro     18   6   5   5
  305 atomic    19   1   0   0
  306 atomic    19   2   0   0
  307 atomic    19   3   0   0
  308 atomic    19   4   0   0
  309 atomic    19   5   0   0
  310 ionic     19   6   0   0
  311 atomic    19   6   0   0
  312 atomic    19   2   1  -1
  313 atomic    19   2   1   0
  314 atomic    19   2   1   1
  315 atomic    19   3   1  -1
  316 atomic    19   3   1   0
  317 atomic    19   3   1   1
  318 atomic    19   4   1  -1
  319 atomic    19   4   1   0
  320 atomic    19   4   1   1
  321 atomic    19   5   1  -1
  322 atomic    19   5   1   0
  323 atomic    19   5   1   1
  324 ionic     19   6   1  -1
  325 ionic     19   6   1   0
  326 ionic     19   6   1   1
  327 atomic    19   3   2  -2
  328 atomic    19   3   2  -1
  329 atomic    19   3   2   0
  330 atomic    19   3   2   1
  331 atomic    19   3   2   2
  332 atomic    19   4   2  -2
  333 atomic    19   4   2  -1
  334 atomic    19   4   2   0
  335 atomic    19   4   2   1
  336 atomic    19   4   2   2
  337 atomic    19   5   2  -2
  338 atomic    19   5   2  -1
  339 atomic    19   5   2   0
  340 atomic    19   5   2   1
  341 atomic    19   5   2   2
  342 hydro     19   3   2  -2
  343 hydro     19   3   2  -1
  344 hydro     19   3   2   0
  345 hydro     19   3   2   1
  346 hydro     19   3   2   2
  347 atomic    19   4   3  -3
  348 atomic    19   4   3  -2
  349 atomic    19   4   3  -1
  350 atomic    19   4   3   0
  351 atomic    19   4   3   1
  352 atomic    19   4   3   2
  353 atomic    19   4   3   3
  354 hydro     19   4   3  -3
  355 hydro     19   4   3  -2
  356 hydro     19   4   3  -1
  357 hydro     19   4   3   0
  358 hydro     19   4   3   1
  359 hydro     19   4   3   2
  360 hydro     19   4   3   3
  361 hydro     19   5   4  -4
  362 hydro     19   5   4  -3
  363 hydro     19   5   4  -2
  364 hydro     19   5   4  -1
  365 hydro     19   5   4   0
  366 hydro     19   5   4   1
  367 hydro     19   5   4   2
  368 hydro     19   5   4   3
  369 hydro     19   5   4   4
  370 hydro     19   6   5  -5
  371 hydro     19   6   5  -4
  372 hydro     19   6   5  -3
  373 hydro     19   6   5  -2
  374 hydro     19   6   5  -1
  375 hydro     19   6   5   0
  376 hydro     19   6   5   1
  377 hydro     19   6   5   2
  378 hydro     19   6   5   3
  379 hydro     19   6   5   4
  380 hydro     19   6   5   5
  381 atomic    20   1   0   0
  382 atomic    20   2   0   0
  383 atomic    20   3   0   0
  384 atomic    20   4   0   0
  385 atomic    20   5   0   0
  386 ionic     20   6   0   0
  387 atomic    20   6   0   0
  388 atomic    20   2   1  -1
  389 atomic    20   2   1   0
  390 atomic    20   2   1   1
  391 atomic    20   3   1  -1
  392 atomic    20   3   1   0
  393 atomic    20   3   1   1
  394 atomic    20   4   1  -1
  395 atomic    20   4   1   0
  396 atomic    20   4   1   1
  397 atomic    20   5   1  -1
  398 atomic    20   5   1   0
  399 atomic    20   5   1   1
  400 ionic     20   6   1  -1
  401 ionic     20   6   1   0
  402 ionic     20   6   1   1
  403 atomic    20   3   2  -2
  404 atomic    20   3   2  -1
  405 atomic    20   3   2   0
  406 atomic    20   3   2   1
  407 atomic    20   3   2   2
  408 atomic    20   4   2  -2
  409 atomic    20   4   2  -1
  410 atomic    20   4   2   0
  411 atomic    20   4   2   1
  412 atomic    20   4   2   2
  413 atomic    20   5   2  -2
  414 atomic    20   5   2  -1
  415 atomic    20   5   2   0
  416 atomic    20   5   2   1
  417 atomic    20   5   2   2
  418 hydro     20   3   2  -2
  419 hydro     20   3   2  -1
  420 hydro     20   3   2   0
  421 hydro     20   3   2   1
  422 hydro     20   3   2   2
  423 atomic    20   4   3  -3
  424 atomic    20   4   3  -2
  425 atomic    20   4   3  -1
  426 atomic    20   4   3   0
  427 atomic    20   4   3   1
  428 atomic    20   4   3   2
  429 atomic    20   4   3   3
  430 hydro     20   4   3  -3
  431 hydro     20   4   3  -2
  432 hydro     20   4   3  -1
  433 hydro     20   4   3   0
  434 hydro     20   4   3   1
  435 hydro     20   4   3   2
  436 hydro     20   4   3   3
  437 hydro     20   5   4  -4
  438 hydro     20   5   4  -3
  439 hydro     20   5   4  -2
  440 hydro     20   5   4  -1
  441 hydro     20   5   4   0
  442 hydro     20   5   4   1
  443 hydro     20   5   4   2
  444 hydro     20   5   4   3
  445 hydro     20   5   4   4
  446 hydro     20   6   5  -5
  447 hydro     20   6   5  -4
  448 hydro     20   6   5  -3
  449 hydro     20   6   5  -2
  450 hydro     20   6   5  -1
  451 hydro     20   6   5   0
  452 hydro     20   6   5   1
  453 hydro     20   6   5   2
  454 hydro     20   6   5   3
  455 hydro     20   6   5   4
  456 hydro     20   6   5   5
  457 atomic    21   1   0   0
  458 atomic    21   2   0   0
  459 atomic    21   3   0   0
  460 atomic    21   4   0   0
  461 atomic    21   5   0   0
  462 ionic     21   6   0   0
  463 atomic    21   6   0   0
  464 atomic    21   2   1  -1
  465 atomic    21   2   1   0
  466 atomic    21   2   1   1
  467 atomic    21   3   1  -1
  468 atomic    21   3   1   0
  469 atomic    21   3   1   1
  470 atomic    21   4   1  -1
  471 atomic    21   4   1   0
  472 atomic    21   4   1   1
  473 atomic    21   5   1  -1
  474 atomic    21   5   1   0
  475 atomic    21   5   1   1
  476 ionic     21   6   1  -1
  477 ionic     21   6   1   0
  478 ionic     21   6   1   1
  479 atomic    21   3   2  -2
  480 atomic    21   3   2  -1
  481 atomic    21   3   2   0
  482 atomic    21   3   2   1
  483 atomic    21   3   2   2
  484 atomic    21   4   2  -2
  485 atomic    21   4   2  -1
  486 atomic    21   4   2   0
  487 atomic    21   4   2   1
  488 atomic    21   4   2   2
  489 atomic    21   5   2  -2
  490 atomic    21   5   2  -1
  491 atomic    21   5   2   0
  492 atomic    21   5   2   1
  493 atomic    21   5   2   2
  494 hydro     21   3   2  -2
  495 hydro     21   3   2  -1
  496 hydro     21   3   2   0
  497 hydro     21   3   2   1
  498 hydro     21   3   2   2
  499 atomic    21   4   3  -3
  500 atomic    21   4   3  -2
  501 atomic    21   4   3  -1
  502 atomic    21   4   3   0
  503 atomic    21   4   3   1
  504 atomic    21   4   3   2
  505 atomic    21   4   3   3
  506 hydro     21   4   3  -3
  507 hydro     21   4   3  -2
  508 hydro     21   4   3  -1
  509 hydro     21   4   3   0
  510 hydro     21   4   3   1
  511 hydro     21   4   3   2
  512 hydro     21   4   3   3
  513 hydro     21   5   4  -4
  514 hydro     21   5   4  -3
  515 hydro     21   5   4  -2
  516 hydro     21   5   4  -1
  517 hydro     21   5   4   0
  518 hydro     21   5   4   1
  519 hydro     21   5   4   2
  520 hydro     21   5   4   3
  521 hydro     21   5   4   4
  522 hydro     21   6   5  -5
  523 hydro     21   6   5  -4
  524 hydro     21   6   5  -3
  525 hydro     21   6   5  -2
  526 hydro     21   6   5  -1
  527 hydro     21   6   5   0
  528 hydro     21   6   5   1
  529 hydro     21   6   5   2
  530 hydro     21   6   5   3
  531 hydro     21   6   5   4
  532 hydro     21   6   5   5
  533 atomic    22   1   0   0
  534 atomic    22   2   0   0
  535 atomic    22   3   0   0
  536 atomic    22   4   0   0
  537 atomic    22   5   0   0
  538 ionic     22   6   0   0
  539 atomic    22   6   0   0
  540 atomic    22   2   1  -1
  541 atomic    22   2   1   0
  542 atomic    22   2   1   1
  543 atomic    22   3   1  -1
  544 atomic    22   3   1   0
  545 atomic    22   3   1   1
  546 atomic    22   4   1  -1
  547 atomic    22   4   1   0
  548 atomic    22   4   1   1
  549 atomic    22   5   1  -1
  550 atomic    22   5   1   0
  551 atomic    22   5   1   1
  552 ionic     22   6   1  -1
  553 ionic     22   6   1   0
  554 ionic     22   6   1   1
  555 atomic    22   3   2  -2
  556 atomic    22   3   2  -1
  557 atomic    22   3   2   0
  558 atomic    22   3   2   1
  559 atomic    22   3   2   2
  560 atomic    22   4   2  -2
  561 atomic    22   4   2  -1
  562 atomic    22   4   2   0
  563 atomic    22   4   2   1
  564 atomic    22   4   2   2
  565 atomic    22   5   2  -2
  566 atomic    22   5   2  -1
  567 atomic    22   5   2   0
  568 atomic    22   5   2   1
  569 atomic    22   5   2   2
  570 hydro     22   3   2  -2
  571 hydro     22   3   2  -1
  572 hydro     22   3   2   0
  573 hydro     22   3   2   1
  574 hydro     22   3   2   2
  575 atomic    22   4   3  -3
  576 atomic    22   4   3  -2
  577 atomic    22   4   3  -1
  578 atomic    22   4   3   0
  579 atomic    22   4   3   1
  580 atomic    22   4   3   2
  581 atomic    22   4   3   3
  582 hydro     22   4   3  -3
  583 hydro     22   4   3  -2
  584 hydro     22   4   3  -1
  585 hydro     22   4   3   0
  586 hydro     22   4   3   1
  587 hydro     22   4   3   2
  588 hydro     22   4   3   3
  589 hydro     22   5   4  -4
  590 hydro     22   5   4  -3
  591 hydro     22   5   4  -2
  592 hydro     22   5   4  -1
  593 hydro     22   5   4   0
  594 hydro     22   5   4   1
  595 hydro     22   5   4   2
  596 hydro     22   5   4   3
  597 hydro     22   5   4   4
  598 hydro     22   6   5  -5
  599 hydro     22   6   5  -4
  600 hydro     22   6   5  -3
  601 hydro     22   6   5  -2
  602 hydro     22   6   5  -1
  603 hydro     22   6   5   0
  604 hydro     22   6   5   1
  605 hydro     22   6   5   2
  606 hydro     22   6   5   3
  607 hydro     22   6   5   4
  608 hydro     22   6   5   5
  609 atomic    23   1   0   0
  610 atomic    23   2   0   0
  611 atomic    23   3   0   0
  612 atomic    23   4   0   0
  613 atomic    23   5   0   0
  614 ionic     23   6   0   0
  615 atomic    23   6   0   0
  616 atomic    23   2   1  -1
  617 atomic    23   2   1   0
  618 atomic    23   2   1   1
  619 atomic    23   3   1  -1
  620 atomic    23   3   1   0
  621 atomic    23   3   1   1
  622 atomic    23   4   1  -1
  623 atomic    23   4   1   0
  624 atomic    23   4   1   1
  625 atomic    23   5   1  -1
  626 atomic    23   5   1   0
  627 atomic    23   5   1   1
  628 ionic     23   6   1  -1
  629 ionic     23   6   1   0
  630 ionic     23   6   1   1
  631 atomic    23   3   2  -2
  632 atomic    23   3   2  -1
  633 atomic    23   3   2   0
  634 atomic    23   3   2   1
  635 atomic    23   3   2   2
  636 atomic    23   4   2  -2
  637 atomic    23   4   2  -1
  638 atomic    23   4   2   0
  639 atomic    23   4   2   1
  640 atomic    23   4   2   2
  641 atomic    23   5   2  -2
  642 atomic    23   5   2  -1
  643 atomic    23   5   2   0
  644 atomic    23   5   2   1
  645 atomic    23   5   2   2
  646 hydro     23   3   2  -2
  647 hydro     23   3   2  -1
  648 hydro     23   3   2   0
  649 hydro     23   3   2   1
  650 hydro     23   3   2   2
  651 atomic    23   4   3  -3
  652 atomic    23   4   3  -2
  653 atomic    23   4   3  -1
  654 atomic    23   4   3   0
  655 atomic    23   4   3   1
  656 atomic    23   4   3   2
  657 atomic    23   4   3   3
  658 hydro     23   4   3  -3
  659 hydro     23   4   3  -2
  660 hydro     23   4   3  -1
  661 hydro     23   4   3   0
  662 hydro     23   4   3   1
  663 hydro     23   4   3   2
  664 hydro     23   4   3   3
  665 hydro     23   5   4  -4
  666 hydro     23   5   4  -3
  667 hydro     23   5   4  -2
  668 hydro     23   5   4  -1
  669 hydro     23   5   4   0
  670 hydro     23   5   4   1
  671 hydro     23   5   4   2
  672 hydro     23   5   4   3
  673 hydro     23   5   4   4
  674 hydro     23   6   5  -5
  675 hydro     23   6   5  -4
  676 hydro     23   6   5  -3
  677 hydro     23   6   5  -2
  678 hydro     23   6   5  -1
  679 hydro     23   6   5   0
  680 hydro     23   6   5   1
  681 hydro     23   6   5   2
  682 hydro     23   6   5   3
  683 hydro     23   6   5   4
  684 hydro     23   6   5   5
  685 atomic    24   1   0   0
  686 atomic    24   2   0   0
  687 atomic    24   3   0   0
  688 atomic    24   4   0   0
  689 atomic    24   5   0   0
  690 ionic     24   6   0   0
  691 atomic    24   6   0   0
  692 atomic    24   2   1  -1
  693 atomic    24   2   1   0
  694 atomic    24   2   1   1
  695 atomic    24   3   1  -1
  696 atomic    24   3   1   0
  697 atomic    24   3   1   1
  698 atomic    24   4   1  -1
  699 atomic    24   4   1   0
  700 atomic    24   4   1   1
  701 atomic    24   5   1  -1
  702 atomic    24   5   1   0
  703 atomic    24   5   1   1
  704 ionic     24   6   1  -1
  705 ionic     24   6   1   0
  706 ionic     24   6   1   1
  707 atomic    24   3   2  -2
  708 atomic    24   3   2  -1
  709 atomic    24   3   2   0
  710 atomic    24   3   2   1
  711 atomic    24   3   2   2
  712 atomic    24   4   2  -2
  713 atomic    24   4   2  -1
  714 atomic    24   4   2   0
  715 atomic    24   4   2   1
  716 atomic    24   4   2   2
  717 atomic    24   5   2  -2
  718 atomic    24   5   2  -1
  719 atomic    24   5   2   0
  720 atomic    24   5   2   1
  721 atomic    24   5   2   2
  722 hydro     24   3   2  -2
  723 hydro     24   3   2  -1
  724 hydro     24   3   2   0
  725 hydro     24   3   2   1
  726 hydro     24   3   2   2
  727 atomic    24   4   3  -3
  728 atomic    24   4   3  -2
  729 atomic    24   4   3  -1
  730 atomic    24   4   3   0
  731 atomic    24   4   3   1
  732 atomic    24   4   3   2
  733 atomic    24   4   3   3
  734 hydro     24   4   3  -3
  735 hydro     24   4   3  -2
  736 hydro     24   4   3  -1
  737 hydro     24   4   3   0
  738 hydro     24   4   3   1
  739 hydro     24   4   3   2
  740 hydro     24   4   3   3
  741 hydro     24   5   4  -4
  742 hydro     24   5   4  -3
  743 hydro     24   5   4  -2
  744 hydro     24   5   4  -1
  745 hydro     24   5   4   0
  746 hydro     24   5   4   1
  747 hydro     24   5   4   2
  748 hydro     24   5   4   3
  749 hydro     24   5   4   4
  750 hydro     24   6   5  -5
  751 hydro     24   6   5  -4
  752 hydro     24   6   5  -3
  753 hydro     24   6   5  -2
  754 hydro     24   6   5  -1
  755 hydro     24   6   5   0
  756 hydro     24   6   5   1
  757 hydro     24   6   5   2
  758 hydro     24   6   5   3
  759 hydro     24   6   5   4
  760 hydro     24   6   5   5
  761 atomic    25   1   0   0
  762 atomic    25   2   0   0
  763 atomic    25   3   0   0
  764 atomic    25   4   0   0
  765 atomic    25   5   0   0
  766 ionic     25   6   0   0
  767 atomic    25   6   0   0
  768 atomic    25   2   1  -1
  769 atomic    25   2   1   0
  770 atomic    25   2   1   1
  771 atomic    25   3   1  -1
  772 atomic    25   3   1   0
  773 atomic    25   3   1   1
  774 atomic    25   4   1  -1
  775 atomic    25   4   1   0
  776 atomic    25   4   1   1
  777 atomic    25   5   1  -1
  778 atomic    25   5   1   0
  779 atomic    25   5   1   1
  780 ionic     25   6   1  -1
  781 ionic     25   6   1   0
  782 ionic     25   6   1   1
  783 atomic    25   3   2  -2
  784 atomic    25   3   2  -1
  785 atomic    25   3   2   0
  786 atomic    25   3   2   1
  787 atomic    25   3   2   2
  788 atomic    25   4   2  -2
  789 atomic    25   4   2  -1
  790 atomic    25   4   2   0
  791 atomic    25   4   2   1
  792 atomic    25   4   2   2
  793 atomic    25   5   2  -2
  794 atomic    25   5   2  -1
  795 atomic    25   5   2   0
  796 atomic    25   5   2   1
  797 atomic    25   5   2   2
  798 hydro     25   3   2  -2
  799 hydro     25   3   2  -1
  800 hydro     25   3   2   0
  801 hydro     25   3   2   1
  802 hydro     25   3   2   2
  803 atomic    25   4   3  -3
  804 atomic    25   4   3  -2
  805 atomic    25   4   3  -1
  806 atomic    25   4   3   0
  807 atomic    25   4   3   1
  808 atomic    25   4   3   2
  809 atomic    25   4   3   3
  810 hydro     25   4   3  -3
  811 hydro     25   4   3  -2
  812 hydro     25   4   3  -1
  813 hydro     25   4   3   0
  814 hydro     25   4   3   1
  815 hydro     25   4   3   2
  816 hydro     25   4   3   3
  817 hydro     25   5   4  -4
  818 hydro     25   5   4  -3
  819 hydro     25   5   4  -2
  820 hydro     25   5   4  -1
  821 hydro     25   5   4   0
  822 hydro     25   5   4   1
  823 hydro     25   5   4   2
  824 hydro     25   5   4   3
  825 hydro     25   5   4   4
  826 hydro     25   6   5  -5
  827 hydro     25   6   5  -4
  828 hydro     25   6   5  -3
  829 hydro     25   6   5  -2
  830 hydro     25   6   5  -1
  831 hydro     25   6   5   0
  832 hydro     25   6   5   1
  833 hydro     25   6   5   2
  834 hydro     25   6   5   3
  835 hydro     25   6   5   4
  836 hydro     25   6   5   5
  837 atomic    26   1   0   0
  838 atomic    26   2   0   0
  839 atomic    26   3   0   0
  840 atomic    26   4   0   0
  841 atomic    26   5   0   0
  842 ionic     26   6   0   0
  843 atomic    26   6   0   0
  844 atomic    26   2   1  -1
  845 atomic    26   2   1   0
  846 atomic    26   2   1   1
  847 atomic    26   3   1  -1
  848 atomic    26   3   1   0
  849 atomic    26   3   1   1
  850 atomic    26   4   1  -1
  851 atomic    26   4   1   0
  852 atomic    26   4   1   1
  853 atomic    26   5   1  -1
  854 atomic    26   5   1   0
  855 atomic    26   5   1   1
  856 ionic     26   6   1  -1
  857 ionic     26   6   1   0
  858 ionic     26   6   1   1
  859 atomic    26   3   2  -2
  860 atomic    26   3   2  -1
  861 atomic    26   3   2   0
  862 atomic    26   3   2   1
  863 atomic    26   3   2   2
  864 atomic    26   4   2  -2
  865 atomic    26   4   2  -1
  866 atomic    26   4   2   0
  867 atomic    26   4   2   1
  868 atomic    26   4   2   2
  869 atomic    26   5   2  -2
  870 atomic    26   5   2  -1
  871 atomic    26   5   2   0
  872 atomic    26   5   2   1
  873 atomic    26   5   2   2
  874 hydro     26   3   2  -2
  875 hydro     26   3   2  -1
  876 hydro     26   3   2   0
  877 hydro     26   3   2   1
  878 hydro     26   3   2   2
  879 atomic    26   4   3  -3
  880 atomic    26   4   3  -2
  881 atomic    26   4   3  -1
  882 atomic    26   4   3   0
  883 atomic    26   4   3   1
  884 atomic    26   4   3   2
  885 atomic    26   4   3   3
  886 hydro     26   4   3  -3
  887 hydro     26   4   3  -2
  888 hydro     26   4   3  -1
  889 hydro     26   4   3   0
  890 hydro     26   4   3   1
  891 hydro     26   4   3   2
  892 hydro     26   4   3   3
  893 hydro     26   5   4  -4
  894 hydro     26   5   4  -3
  895 hydro     26   5   4  -2
  896 hydro     26   5   4  -1
  897 hydro     26   5   4   0
  898 hydro     26   5   4   1
  899 hydro     26   5   4   2
  900 hydro     26   5   4   3
  901 hydro     26   5   4   4
  902 hydro     26   6   5  -5
  903 hydro     26   6   5  -4
  904 hydro     26   6   5  -3
  905 hydro     26   6   5  -2
  906 hydro     26   6   5  -1
  907 hydro     26   6   5   0
  908 hydro     26   6   5   1
  909 hydro     26   6   5   2
  910 hydro     26   6   5   3
  911 hydro     26   6   5   4
  912 hydro     26   6   5   5
  913 atomic    27   1   0   0
  914 atomic    27   2   0   0
  915 atomic    27   3   0   0
  916 atomic    27   4   0   0
  917 atomic    27   5   0   0
  918 ionic     27   6   0   0
  919 atomic    27   6   0   0
  920 atomic    27   2   1  -1
  921 atomic    27   2   1   0
  922 atomic    27   2   1   1
  923 atomic    27   3   1  -1
  924 atomic    27   3   1   0
  925 atomic    27   3   1   1
  926 atomic    27   4   1  -1
  927 atomic    27   4   1   0
  928 atomic    27   4   1   1
  929 atomic    27   5   1  -1
  930 atomic    27   5   1   0
  931 atomic    27   5   1   1
  932 ionic     27   6   1  -1
  933 ionic     27   6   1   0
  934 ionic     27   6   1   1
  935 atomic    27   3   2  -2
  936 atomic    27   3   2  -1
  937 atomic    27   3   2   0
  938 atomic    27   3   2   1
  939 atomic    27   3   2   2
  940 atomic    27   4   2  -2
  941 atomic    27   4   2  -1
  942 atomic    27   4   2   0
  943 atomic    27   4   2   1
  944 atomic    27   4   2   2
  945 atomic    27   5   2  -2
  946 atomic    27   5   2  -1
  947 atomic    27   5   2   0
  948 atomic    27   5   2   1
  949 atomic    27   5   2   2
  950 hydro     27   3   2  -2
  951 hydro     27   3   2  -1
  952 hydro     27   3   2   0
  953 hydro     27   3   2   1
  954 hydro     27   3   2   2
  955 atomic    27   4   3  -3
  956 atomic    27   4   3  -2
  957 atomic    27   4   3  -1
  958 atomic    27   4   3   0
  959 atomic    27   4   3   1
  960 atomic    27   4   3   2
  961 atomic    27   4   3   3
  962 hydro     27   4   3  -3
  963 hydro     27   4   3  -2
  964 hydro     27   4   3  -1
  965 hydro     27   4   3   0
  966 hydro     27   4   3   1
  967 hydro     27   4   3   2
  968 hydro     27   4   3   3
  969 hydro     27   5   4  -4
  970 hydro     27   5   4  -3
  971 hydro     27   5   4  -2
  972 hydro     27   5   4  -1
  973 hydro     27   5   4   0
  974 hydro     27   5   4   1
  975 hydro     27   5   4   2
  976 hydro     27   5   4   3
  977 hydro     27   5   4   4
  978 hydro     27   6   5  -5
  979 hydro     27   6   5  -4
  980 hydro     27   6   5  -3
  981 hydro     27   6   5  -2
  982 hydro     27   6   5  -1
  983 hydro     27   6   5   0
  984 hydro     27   6   5   1
  985 hydro     27   6   5   2
  986 hydro     27   6   5   3
  987 hydro     27   6   5   4
  988 hydro     27   6   5   5
  989 atomic    28   1   0   0
  990 atomic    28   2   0   0
  991 atomic    28   3   0   0
  992 atomic    28   4   0   0
  993 atomic    28   5   0   0
  994 ionic     28   6   0   0
  995 atomic    28   6   0   0
  996 atomic    28   2   1  -1
  997 atomic    28   2   1   0
  998 atomic    28   2   1   1
  999 atomic    28   3   1  -1
 1000 atomic    28   3   1   0
 1001 atomic    28   3   1   1
 1002 atomic    28   4   1  -1
 1003 atomic    28   4   1   0
 1004 atomic    28   4   1   1
 1005 atomic    28   5   1  -1
 1006 atomic    28   5   1   0
 1007 atomic    28   5   1   1
 1008 ionic     28   6   1  -1
 1009 ionic     28   6   1   0
 1010 ionic     28   6   1   1
 1011 atomic    28   3   2  -2
 1012 atomic    28   3   2  -1
 1013 atomic    28   3   2   0
 1014 atomic    28   3   2   1
 1015 atomic    28   3   2   2
 1016 atomic    28   4   2  -2
 1017 atomic    28   4   2  -1
 1018 atomic    28   4   2   0
 1019 atomic    28   4   2   1
 1020 atomic    28   4   2   2
 1021 atomic    28   5   2  -2
 1022 atomic    28   5   2  -1
 1023 atomic    28   5   2   0
 1024 atomic    28   5   2   1
 1025 atomic    28   5   2   2
 1026 hydro     28   3   2  -2
 1027 hydro     28   3   2  -1
 1028 hydro     28   3   2   0
 1029 hydro     28   3   2   1
 1030 hydro     28   3   2   2
 1031 atomic    28   4   3  -3
 1032 atomic    28   4   3  -2
 1033 atomic    28   4   3  -1
 1034 atomic    28   4   3   0
 1035 atomic    28   4   3   1
 1036 atomic    28   4   3   2
 1037 atomic    28   4   3   3
 1038 hydro     28   4   3  -3
 1039 hydro     28   4   3  -2
 1040 hydro     28   4   3  -1
 1041 hydro     28   4   3   0
 1042 hydro     28   4   3   1
 1043 hydro     28   4   3   2
 1044 hydro     28   4   3   3
 1045 hydro     28   5   4  -4
 1046 hydro     28   5   4  -3
 1047 hydro     28   5   4  -2
 1048 hydro     28   5   4  -1
 1049 hydro     28   5   4   0
 1050 hydro     28   5   4   1
 1051 hydro     28   5   4   2
 1052 hydro     28   5   4   3
 1053 hydro     28   5   4   4
 1054 hydro     28   6   5  -5
 1055 hydro     28   6   5  -4
 1056 hydro     28   6   5  -3
 1057 hydro     28   6   5  -2
 1058 hydro     28   6   5  -1
 1059 hydro     28   6   5   0
 1060 hydro     28   6   5   1
 1061 hydro     28   6   5   2
 1062 hydro     28   6   5   3
 1063 hydro     28   6   5   4
 1064 hydro     28   6   5   5
 1065 atomic    29   1   0   0
 1066 atomic    29   2   0   0
 1067 atomic    29   3   0   0
 1068 atomic    29   4   0   0
 1069 atomic    29   5   0   0
 1070 ionic     29   6   0   0
 1071 atomic    29   6   0   0
 1072 atomic    29   2   1  -1
 1073 atomic    29   2   1   0
 1074 atomic    29   2   1   1
 1075 atomic    29   3   1  -1
 1076 atomic    29   3   1   0
 1077 atomic    29   3   1   1
 1078 atomic    29   4   1  -1
 1079 atomic    29   4   1   0
 1080 atomic    29   4   1   1
 1081 atomic    29   5   1  -1
 1082 atomic    29   5   1   0
 1083 atomic    29   5   1   1
 1084 ionic     29   6   1  -1
 1085 ionic     29   6   1   0
 1086 ionic     29   6   1   1
 1087 atomic    29   3   2  -2
 1088 atomic    29   3   2  -1
 1089 atomic    29   3   2   0
 1090 atomic    29   3   2   1
 1091 atomic    29   3   2   2
 1092 atomic    29   4   2  -2
 1093 atomic    29   4   2  -1
 1094 atomic    29   4   2   0
 1095 atomic    29   4   2   1
 1096 atomic    29   4   2   2
 1097 atomic    29   5   2  -2
 1098 atomic    29   5   2  -1
 1099 atomic    29   5   2   0
 1100 atomic    29   5   2   1
 1101 atomic    29   5   2   2
 1102 hydro     29   3   2  -2
 1103 hydro     29   3   2  -1
 1104 hydro     29   3   2   0
 1105 hydro     29   3   2   1
 1106 hydro     29   3   2   2
 1107 atomic    29   4   3  -3
 1108 atomic    29   4   3  -2
 1109 atomic    29   4   3  -1
 1110 atomic    29   4   3   0
 1111 atomic    29   4   3   1
 1112 atomic    29   4   3   2
 1113 atomic    29   4   3   3
 1114 hydro     29   4   3  -3
 1115 hydro     29   4   3  -2
 1116 hydro     29   4   3  -1
 1117 hydro     29   4   3   0
 1118 hydro     29   4   3   1
 1119 hydro     29   4   3   2
 1120 hydro     29   4   3   3
 1121 hydro     29   5   4  -4
 1122 hydro     29   5   4  -3
 1123 hydro     29   5   4  -2
 1124 hydro     29   5   4  -1
 1125 hydro     29   5   4   0
 1126 hydro     29   5   4   1
 1127 hydro     29   5   4   2
 1128 hydro     29   5   4   3
 1129 hydro     29   5   4   4
 1130 hydro     29   6   5  -5
 1131 hydro     29   6   5  -4
 1132 hydro     29   6   5  -3
 1133 hydro     29   6   5  -2
 1134 hydro     29   6   5  -1
 1135 hydro     29   6   5   0
 1136 hydro     29   6   5   1
 1137 hydro     29   6   5   2
 1138 hydro     29   6   5   3
 1139 hydro     29   6   5   4
 1140 hydro     29   6   5   5
 1141 atomic    30   1   0   0
 1142 atomic    30   2   0   0
 1143 atomic    30   3   0   0
 1144 atomic    30   4   0   0
 1145 atomic    30   5   0   0
 1146 ionic     30   6   0   0
 1147 atomic    30   6   0   0
 1148 atomic    30   2   1  -1
 1149 atomic    30   2   1   0
 1150 atomic    30   2   1   1
 1151 atomic    30   3   1  -1
 1152 atomic    30   3   1   0
 1153 atomic    30   3   1   1
 1154 atomic    30   4   1  -1
 1155 atomic    30   4   1   0
 1156 atomic    30   4   1   1
 1157 atomic    30   5   1  -1
 1158 atomic    30   5   1   0
 1159 atomic    30   5   1   1
 1160 ionic     30   6   1  -1
 1161 ionic     30   6   1   0
 1162 ionic     30   6   1   1
 1163 atomic    30   3   2  -2
 1164 atomic    30   3   2  -1
 1165 atomic    30   3   2   0
 1166 atomic    30   3   2   1
 1167 atomic    30   3   2   2
 1168 atomic    30   4   2  -2
 1169 atomic    30   4   2  -1
 1170 atomic    30   4   2   0
 1171 atomic    30   4   2   1
 1172 atomic    30   4   2   2
 1173 atomic    30   5   2  -2
 1174 atomic    30   5   2  -1
 1175 atomic    30   5   2   0
 1176 atomic    30   5   2   1
 1177 atomic    30   5   2   2
 1178 hydro     30   3   2  -2
 1179 hydro     30   3   2  -1
 1180 hydro     30   3   2   0
 1181 hydro     30   3   2   1
 1182 hydro     30   3   2   2
 1183 atomic    30   4   3  -3
 1184 atomic    30   4   3  -2
 1185 atomic    30   4   3  -1
 1186 atomic    30   4   3   0
 1187 atomic    30   4   3   1
 1188 atomic    30   4   3   2
 1189 atomic    30   4   3   3
 1190 hydro     30   4   3  -3
 1191 hydro     30   4   3  -2
 1192 hydro     30   4   3  -1
 1193 hydro     30   4   3   0
 1194 hydro     30   4   3   1
 1195 hydro     30   4   3   2
 1196 hydro     30   4   3   3
 1197 hydro     30   5   4  -4
 1198 hydro     30   5   4  -3
 1199 hydro     30   5   4  -2
 1200 hydro     30   5   4  -1
 1201 hydro     30   5   4   0
 1202 hydro     30   5   4   1
 1203 hydro     30   5   4   2
 1204 hydro     30   5   4   3
 1205 hydro     30   5   4   4
 1206 hydro     30   6   5  -5
 1207 hydro     30   6   5  -4
 1208 hydro     30   6   5  -3
 1209 hydro     30   6   5  -2
 1210 hydro     30   6   5  -1
 1211 hydro     30   6   5   0
 1212 hydro     30   6   5   1
 1213 hydro     30   6   5   2
 1214 hydro     30   6   5   3
 1215 hydro     30   6   5   4
 1216 hydro     30   6   5   5
 1217 atomic    31   1   0   0
 1218 atomic    31   2   0   0
 1219 atomic    31   3   0   0
 1220 atomic    31   4   0   0
 1221 atomic    31   5   0   0
 1222 ionic     31   6   0   0
 1223 atomic    31   6   0   0
 1224 atomic    31   2   1  -1
 1225 atomic    31   2   1   0
 1226 atomic    31   2   1   1
 1227 atomic    31   3   1  -1
 1228 atomic    31   3   1   0
 1229 atomic    31   3   1   1
 1230 atomic    31   4   1  -1
 1231 atomic    31   4   1   0
 1232 atomic    31   4   1   1
 1233 atomic    31   5   1  -1
 1234 atomic    31   5   1   0
 1235 atomic    31   5   1   1
 1236 ionic     31   6   1  -1
 1237 ionic     31   6   1   0
 1238 ionic     31   6   1   1
 1239 atomic    31   3   2  -2
 1240 atomic    31   3   2  -1
 1241 atomic    31   3   2   0
 1242 atomic    31   3   2   1
 1243 atomic    31   3   2   2
 1244 atomic    31   4   2  -2
 1245 atomic    31   4   2  -1
 1246 atomic    31   4   2   0
 1247 atomic    31   4   2   1
 1248 atomic    31   4   2   2
 1249 atomic    31   5   2  -2
 1250 atomic    31   5   2  -1
 1251 atomic    31   5   2   0
 1252 atomic    31   5   2   1
 1253 atomic    31   5   2   2
 1254 hydro     31   3   2  -2
 1255 hydro     31   3   2  -1
 1256 hydro     31   3   2   0
 1257 hydro     31   3   2   1
 1258 hydro     31   3   2   2
 1259 atomic    31   4   3  -3
 1260 atomic    31   4   3  -2
 1261 atomic    31   4   3  -1
 1262 atomic    31   4   3   0
 1263 atomic    31   4   3   1
 1264 atomic    31   4   3   2
 1265 atomic    31   4   3   3
 1266 hydro     31   4   3  -3
 1267 hydro     31   4   3  -2
 1268 hydro     31   4   3  -1
 1269 hydro     31   4   3   0
 1270 hydro     31   4   3   1
 1271 hydro     31   4   3   2
 1272 hydro     31   4   3   3
 1273 hydro     31   5   4  -4
 1274 hydro     31   5   4  -3
 1275 hydro     31   5   4  -2
 1276 hydro     31   5   4  -1
 1277 hydro     31   5   4   0
 1278 hydro     31   5   4   1
 1279 hydro     31   5   4   2
 1280 hydro     31   5   4   3
 1281 hydro     31   5   4   4
 1282 hydro     31   6   5  -5
 1283 hydro     31   6   5  -4
 1284 hydro     31   6   5  -3
 1285 hydro     31   6   5  -2
 1286 hydro     31   6   5  -1
 1287 hydro     31   6   5   0
 1288 hydro     31   6   5   1
 1289 hydro     31   6   5   2
 1290 hydro     31   6   5   3
 1291 hydro     31   6   5   4
 1292 hydro     31   6   5   5
 1293 atomic    32   1   0   0
 1294 atomic    32   2   0   0
 1295 atomic    32   3   0   0
 1296 atomic    32   4   0   0
 1297 atomic    32   5   0   0
 1298 ionic     32   6   0   0
 1299 atomic    32   6   0   0
 1300 atomic    32   2   1  -1
 1301 atomic    32   2   1   0
 1302 atomic    32   2   1   1
 1303 atomic    32   3   1  -1
 1304 atomic    32   3   1   0
 1305 atomic    32   3   1   1
 1306 atomic    32   4   1  -1
 1307 atomic    32   4   1   0
 1308 atomic    32   4   1   1
 1309 atomic    32   5   1  -1
 1310 atomic    32   5   1   0
 1311 atomic    32   5   1   1
 1312 ionic     32   6   1  -1
 1313 ionic     32   6   1   0
 1314 ionic     32   6   1   1
 1315 atomic    32   3   2  -2
 1316 atomic    32   3   2  -1
 1317 atomic    32   3   2   0
 1318 atomic    32   3   2   1
 1319 atomic    32   3   2   2
 1320 atomic    32   4   2  -2
 1321 atomic    32   4   2  -1
 1322 atomic    32   4   2   0
 1323 atomic    32   4   2   1
 1324 atomic    32   4   2   2
 1325 atomic    32   5   2  -2
 1326 atomic    32   5   2  -1
 1327 atomic    32   5   2   0
 1328 atomic    32   5   2   1
 1329 atomic    32   5   2   2
 1330 hydro     32   3   2  -2
 1331 hydro     32   3   2  -1
 1332 hydro     32   3   2   0
 1333 hydro     32   3   2   1
 1334 hydro     32   3   2   2
 1335 atomic    32   4   3  -3
 1336 atomic    32   4   3  -2
 1337 atomic    32   4   3  -1
 1338 atomic    32   4   3   0
 1339 atomic    32   4   3   1
 1340 atomic    32   4   3   2
 1341 atomic    32   4   3   3
 1342 hydro     32   4   3  -3
 1343 hydro     32   4   3  -2
 1344 hydro     32   4   3  -1
 1345 hydro     32   4   3   0
 1346 hydro     32   4   3   1
 1347 hydro     32   4   3   2
 1348 hydro     32   4   3   3
 1349 hydro     32   5   4  -4
 1350 hydro     32   5   4  -3
 1351 hydro     32   5   4  -2
 1352 hydro     32   5   4  -1
 1353 hydro     32   5   4   0
 1354 hydro     32   5   4   1
 1355 hydro     32   5   4   2
 1356 hydro     32   5   4   3
 1357 hydro     32   5   4   4
 1358 hydro     32   6   5  -5
 1359 hydro     32   6   5  -4
 1360 hydro     32   6   5  -3
 1361 hydro     32   6   5  -2
 1362 hydro     32   6   5  -1
 1363 hydro     32   6   5   0
 1364 hydro     32   6   5   1
 1365 hydro     32   6   5   2
 1366 hydro     32   6   5   3
 1367 hydro     32   6   5   4
 1368 hydro     32   6   5   5
 1369 atomic    33   1   0   0
 1370 atomic    33   2   0   0
 1371 atomic    33   3   0   0
 1372 atomic    33   4   0   0
 1373 atomic    33   5   0   0
 1374 ionic     33   6   0   0
 1375 atomic    33   6   0   0
 1376 atomic    33   2   1  -1
 1377 atomic    33   2   1   0
 1378 atomic    33   2   1   1
 1379 atomic    33   3   1  -1
 1380 atomic    33   3   1   0
 1381 atomic    33   3   1   1
 1382 atomic    33   4   1  -1
 1383 atomic    33   4   1   0
 1384 atomic    33   4   1   1
 1385 atomic    33   5   1  -1
 1386 atomic    33   5   1   0
 1387 atomic    33   5   1   1
 1388 ionic     33   6   1  -1
 1389 ionic     33   6   1   0
 1390 ionic     33   6   1   1
 1391 atomic    33   3   2  -2
 1392 atomic    33   3   2  -1
 1393 atomic    33   3   2   0
 1394 atomic    33   3   2   1
 1395 atomic    33   3   2   2
 1396 atomic    33   4   2  -2
 1397 atomic    33   4   2  -1
 1398 atomic    33   4   2   0
 1399 atomic    33   4   2   1
 1400 atomic    33   4   2   2
 1401 atomic    33   5   2  -2
 1402 atomic    33   5   2  -1
 1403 atomic    33   5   2   0
 1404 atomic    33   5   2   1
 1405 atomic    33   5   2   2
 1406 hydro     33   3   2  -2
 1407 hydro     33   3   2  -1
 1408 hydro     33   3   2   0
 1409 hydro     33   3   2   1
 1410 hydro     33   3   2   2
 1411 atomic    33   4   3  -3
 1412 atomic    33   4   3  -2
 1413 atomic    33   4   3  -1
 1414 atomic    33   4   3   0
 1415 atomic    33   4   3   1
 1416 atomic    33   4   3   2
 1417 atomic    33   4   3   3
 1418 hydro     33   4   3  -3
 1419 hydro     33   4   3  -2
 1420 hydro     33   4   3  -1
 1421 hydro     33   4   3   0
 1422 hydro     33   4   3   1
 1423 hydro     33   4   3   2
 1424 hydro     33   4   3   3
 1425 hydro     33   5   4  -4
 1426 hydro     33   5   4  -3
 1427 hydro     33   5   4  -2
 1428 hydro     33   5   4  -1
 1429 hydro     33   5   4   0
 1430 hydro     33   5   4   1
 1431 hydro     33   5   4   2
 1432 hydro     33   5   4   3
 1433 hydro     33   5   4   4
 1434 hydro     33   6   5  -5
 1435 hydro     33   6   5  -4
 1436 hydro     33   6   5  -3
 1437 hydro     33   6   5  -2
 1438 hydro     33   6   5  -1
 1439 hydro     33   6   5   0
 1440 hydro     33   6   5   1
 1441 hydro     33   6   5   2
 1442 hydro     33   6   5   3
 1443 hydro     33   6   5   4
 1444 hydro     33   6   5   5
 1445 atomic    34   1   0   0
 1446 atomic    34   2   0   0
 1447 atomic    34   3   0   0
 1448 atomic    34   4   0   0
 1449 atomic    34   5   0   0
 1450 ionic     34   6   0   0
 1451 atomic    34   6   0   0
 1452 atomic    34   2   1  -1
 1453 atomic    34   2   1   0
 1454 atomic    34   2   1   1
 1455 atomic    34   3   1  -1
 1456 atomic    34   3   1   0
 1457 atomic    34   3   1   1
 1458 atomic    34   4   1  -1
 1459 atomic    34   4   1   0
 1460 atomic    34   4   1   1
 1461 atomic    34   5   1  -1
 1462 atomic    34   5   1   0
 1463 atomic    34   5   1   1
 1464 ionic     34   6   1  -1
 1465 ionic     34   6   1   0
 1466 ionic     34   6   1   1
 1467 atomic    34   3   2  -2
 1468 atomic    34   3   2  -1
 1469 atomic    34   3   2   0
 1470 atomic    34   3   2   1
 1471 atomic    34   3   2   2
 1472 atomic    34   4   2  -2
 1473 atomic    34   4   2  -1
 1474 atomic    34   4   2   0
 1475 atomic    34   4   2   1
 1476 atomic    34   4   2   2
 1477 atomic    34   5   2  -2
 1478 atomic    34   5   2  -1
 1479 atomic    34   5   2   0
 1480 atomic    34   5   2   1
 1481 atomic    34   5   2   2
 1482 hydro     34   3   2  -2
 1483 hydro     34   3   2  -1
 1484 hydro     34   3   2   0
 1485 hydro     34   3   2   1
 1486 hydro     34   3   2   2
 1487 atomic    34   4   3  -3
 1488 atomic    34   4   3  -2
 1489 atomic    34   4   3  -1
 1490 atomic    34   4   3   0
 1491 atomic    34   4   3   1
 1492 atomic    34   4   3   2
 1493 atomic    34   4   3   3
 1494 hydro     34   4   3  -3
 1495 hydro     34   4   3  -2
 1496 hydro     34   4   3  -1
 1497 hydro     34   4   3   0
 1498 hydro     34   4   3   1
 1499 hydro     34   4   3   2
 1500 hydro     34   4   3   3
 1501 hydro     34   5   4  -4
 1502 hydro     34   5   4  -3
 1503 hydro     34   5   4  -2
 1504 hydro     34   5   4  -1
 1505 hydro     34   5   4   0
 1506 hydro     34   5   4   1
 1507 hydro     34   5   4   2
 1508 hydro     34   5   4   3
 1509 hydro     34   5   4   4
 1510 hydro     34   6   5  -5
 1511 hydro     34   6   5  -4
 1512 hydro     34   6   5  -3
 1513 hydro     34   6   5  -2
 1514 hydro     34   6   5  -1
 1515 hydro     34   6   5   0
 1516 hydro     34   6   5   1
 1517 hydro     34   6   5   2
 1518 hydro     34   6   5   3
 1519 hydro     34   6   5   4
 1520 hydro     34   6   5   5
 1521 atomic    35   1   0   0
 1522 atomic    35   2   0   0
 1523 atomic    35   3   0   0
 1524 atomic    35   4   0   0
 1525 atomic    35   5   0   0
 1526 ionic     35   6   0   0
 1527 atomic    35   6   0   0
 1528 atomic    35   2   1  -1
 1529 atomic    35   2   1   0
 1530 atomic    35   2   1   1
 1531 atomic    35   3   1  -1
 1532 atomic    35   3   1   0
 1533 atomic    35   3   1   1
 1534 atomic    35   4   1  -1
 1535 atomic    35   4   1   0
 1536 atomic    35   4   1   1
 1537 atomic    35   5   1  -1
 1538 atomic    35   5   1   0
 1539 atomic    35   5   1   1
 1540 ionic     35   6   1  -1
 1541 ionic     35   6   1   0
 1542 ionic     35   6   1   1
 1543 atomic    35   3   2  -2
 1544 atomic    35   3   2  -1
 1545 atomic    35   3   2   0
 1546 atomic    35   3   2   1
 1547 atomic    35   3   2   2
 1548 atomic    35   4   2  -2
 1549 atomic    35   4   2  -1
 1550 atomic    35   4   2   0
 1551 atomic    35   4   2   1
 1552 atomic    35   4   2   2
 1553 atomic    35   5   2  -2
 1554 atomic    35   5   2  -1
 1555 atomic    35   5   2   0
 1556 atomic    35   5   2   1
 1557 atomic    35   5   2   2
 1558 hydro     35   3   2  -2
 1559 hydro     35   3   2  -1
 1560 hydro     35   3   2   0
 1561 hydro     35   3   2   1
 1562 hydro     35   3   2   2
 1563 atomic    35   4   3  -3
 1564 atomic    35   4   3  -2
 1565 atomic    35   4   3  -1
 1566 atomic    35   4   3   0
 1567 atomic    35   4   3   1
 1568 atomic    35   4   3   2
 1569 atomic    35   4   3   3
 1570 hydro     35   4   3  -3
 1571 hydro     35   4   3  -2
 1572 hydro     35   4   3  -1
 1573 hydro     35   4   3   0
 1574 hydro     35   4   3   1
 1575 hydro     35   4   3   2
 1576 hydro     35   4   3   3
 1577 hydro     35   5   4  -4
 1578 hydro     35   5   4  -3
 1579 hydro     35   5   4  -2
 1580 hydro     35   5   4  -1
 1581 hydro     35   5   4   0
 1582 hydro     35   5   4   1
 1583 hydro     35   5   4   2
 1584 hydro     35   5   4   3
 1585 hydro     35   5   4   4
 1586 hydro     35   6   5  -5
 1587 hydro     35   6   5  -4
 1588 hydro     35   6   5  -3
 1589 hydro     35   6   5  -2
 1590 hydro     35   6   5  -1
 1591 hydro     35   6   5   0
 1592 hydro     35   6   5   1
 1593 hydro     35   6   5   2
 1594 hydro     35   6   5   3
 1595 hydro     35   6   5   4
 1596 hydro     35   6   5   5
 1597 atomic    36   1   0   0
 1598 atomic    36   2   0   0
 1599 atomic    36   3   0   0
 1600 atomic    36   4   0   0
 1601 atomic    36   5   0   0
 1602 ionic     36   6   0   0
 1603 atomic    36   6   0   0
 1604 atomic    36   2   1  -1
 1605 atomic    36   2   1   0
 1606 atomic    36   2   1   1
 1607 atomic    36   3   1  -1
 1608 atomic    36   3   1   0
 1609 atomic    36   3   1   1
 1610 atomic    36   4   1  -1
 1611 atomic    36   4   1   0
 1612 atomic    36   4   1   1
 1613 atomic    36   5   1  -1
 1614 atomic    36   5   1   0
 1615 atomic    36   5   1   1
 1616 ionic     36   6   1  -1
 1617 ionic     36   6   1   0
 1618 ionic     36   6   1   1
 1619 atomic    36   3   2  -2
 1620 atomic    36   3   2  -1
 1621 atomic    36   3   2   0
 1622 atomic    36   3   2   1
 1623 atomic    36   3   2   2
 1624 atomic    36   4   2  -2
 1625 atomic    36   4   2  -1
 1626 atomic    36   4   2   0
 1627 atomic    36   4   2   1
 1628 atomic    36   4   2   2
 1629 atomic    36   5   2  -2
 1630 atomic    36   5   2  -1
 1631 atomic    36   5   2   0
 1632 atomic    36   5   2   1
 1633 atomic    36   5   2   2
 1634 hydro     36   3   2  -2
 1635 hydro     36   3   2  -1
 1636 hydro     36   3   2   0
 1637 hydro     36   3   2   1
 1638 hydro     36   3   2   2
 1639 atomic    36   4   3  -3
 1640 atomic    36   4   3  -2
 1641 atomic    36   4   3  -1
 1642 atomic    36   4   3   0
 1643 atomic    36   4   3   1
 1644 atomic    36   4   3   2
 1645 atomic    36   4   3   3
 1646 hydro     36   4   3  -3
 1647 hydro     36   4   3  -2
 1648 hydro     36   4   3  -1
 1649 hydro     36   4   3   0
 1650 hydro     36   4   3   1
 1651 hydro     36   4   3   2
 1652 hydro     36   4   3   3
 1653 hydro     36   5   4  -4
 1654 hydro     36   5   4  -3
 1655 hydro     36   5   4  -2
 1656 hydro     36   5   4  -1
 1657 hydro     36   5   4   0
 1658 hydro     36   5   4   1
 1659 hydro     36   5   4   2
 1660 hydro     36   5   4   3
 1661 hydro     36   5   4   4
 1662 hydro     36   6   5  -5
 1663 hydro     36   6   5  -4
 1664 hydro     36   6   5  -3
 1665 hydro     36   6   5  -2
 1666 hydro     36   6   5  -1
 1667 hydro     36   6   5   0
 1668 hydro     36   6   5   1
 1669 hydro     36   6   5   2
 1670 hydro     36   6   5   3
 1671 hydro     36   6   5   4
 1672 hydro     36   6   5   5
 1673 atomic    37   1   0   0
 1674 atomic    37   2   0   0
 1675 atomic    37   3   0   0
 1676 atomic    37   4   0   0
 1677 atomic    37   5   0   0
 1678 ionic     37   6   0   0
 1679 atomic    37   6   0   0
 1680 atomic    37   2   1  -1
 1681 atomic    37   2   1   0
 1682 atomic    37   2   1   1
 1683 atomic    37   3   1  -1
 1684 atomic    37   3   1   0
 1685 atomic    37   3   1   1
 1686 atomic    37   4   1  -1
 1687 atomic    37   4   1   0
 1688 atomic    37   4   1   1
 1689 atomic    37   5   1  -1
 1690 atomic    37   5   1   0
 1691 atomic    37   5   1   1
 1692 ionic     37   6   1  -1
 1693 ionic     37   6   1   0
 1694 ionic     37   6   1   1
 1695 atomic    37   3   2  -2
 1696 atomic    37   3   2  -1
 1697 atomic    37   3   2   0
 1698 atomic    37   3   2   1
 1699 atomic    37   3   2   2
 1700 atomic    37   4   2  -2
 1701 atomic    37   4   2  -1
 1702 atomic    37   4   2   0
 1703 atomic    37   4   2   1
 1704 atomic    37   4   2   2
 1705 atomic    37   5   2  -2
 1706 atomic    37   5   2  -1
 1707 atomic    37   5   2   0
 1708 atomic    37   5   2   1
 1709 atomic    37   5   2   2
 1710 hydro     37   3   2  -2
 1711 hydro     37   3   2  -1
 1712 hydro     37   3   2   0
 1713 hydro     37   3   2   1
 1714 hydro     37   3   2   2
 1715 atomic    37   4   3  -3
 1716 atomic    37   4   3  -2
 1717 atomic    37   4   3  -1
 1718 atomic    37   4   3   0
 1719 atomic    37   4   3   1
 1720 atomic    37   4   3   2
 1721 atomic    37   4   3   3
 1722 hydro     37   4   3  -3
 1723 hydro     37   4   3  -2
 1724 hydro     37   4   3  -1
 1725 hydro     37   4   3   0
 1726 hydro     37   4   3   1
 1727 hydro     37   4   3   2
 1728 hydro     37   4   3   3
 1729 hydro     37   5   4  -4
 1730 hydro     37   5   4  -3
 1731 hydro     37   5   4  -2
 1732 hydro     37   5   4  -1
 1733 hydro     37   5   4   0
 1734 hydro     37   5   4   1
 1735 hydro     37   5   4   2
 1736 hydro     37   5   4   3
 1737 hydro     37   5   4   4
 1738 hydro     37   6   5  -5
 1739 hydro     37   6   5  -4
 1740 hydro     37   6   5  -3
 1741 hydro     37   6   5  -2
 1742 hydro     37   6   5  -1
 1743 hydro     37   6   5   0
 1744 hydro     37   6   5   1
 1745 hydro     37   6   5   2
 1746 hydro     37   6   5   3
 1747 hydro     37   6   5   4
 1748 hydro     37   6   5   5
 1749 atomic    38   1   0   0
 1750 atomic    38   2   0   0
 1751 atomic    38   3   0   0
 1752 atomic    38   4   0   0
 1753 atomic    38   5   0   0
 1754 ionic     38   6   0   0
 1755 atomic    38   6   0   0
 1756 atomic    38   2   1  -1
 1757 atomic    38   2   1   0
 1758 atomic    38   2   1   1
 1759 atomic    38   3   1  -1
 1760 atomic    38   3   1   0
 1761 atomic    38   3   1   1
 1762 atomic    38   4   1  -1
 1763 atomic    38   4   1   0
 1764 atomic    38   4   1   1
 1765 atomic    38   5   1  -1
 1766 atomic    38   5   1   0
 1767 atomic    38   5   1   1
 1768 ionic     38   6   1  -1
 1769 ionic     38   6   1   0
 1770 ionic     38   6   1   1
 1771 atomic    38   3   2  -2
 1772 atomic    38   3   2  -1
 1773 atomic    38   3   2   0
 1774 atomic    38   3   2   1
 1775 atomic    38   3   2   2
 1776 atomic    38   4   2  -2
 1777 atomic    38   4   2  -1
 1778 atomic    38   4   2   0
 1779 atomic    38   4   2   1
 1780 atomic    38   4   2   2
 1781 atomic    38   5   2  -2
 1782 atomic    38   5   2  -1
 1783 atomic    38   5   2   0
 1784 atomic    38   5   2   1
 1785 atomic    38   5   2   2
 1786 hydro     38   3   2  -2
 1787 hydro     38   3   2  -1
 1788 hydro     38   3   2   0
 1789 hydro     38   3   2   1
 1790 hydro     38   3   2   2
 1791 atomic    38   4   3  -3
 1792 atomic    38   4   3  -2
 1793 atomic    38   4   3  -1
 1794 atomic    38   4   3   0
 1795 atomic    38   4   3   1
 1796 atomic    38   4   3   2
 1797 atomic    38   4   3   3
 1798 hydro     38   4   3  -3
 1799 hydro     38   4   3  -2
 1800 hydro     38   4   3  -1
 1801 hydro     38   4   3   0
 1802 hydro     38   4   3   1
 1803 hydro     38   4   3   2
 1804 hydro     38   4   3   3
 1805 hydro     38   5   4  -4
 1806 hydro     38   5   4  -3
 1807 hydro     38   5   4  -2
 1808 hydro     38   5   4  -1
 1809 hydro     38   5   4   0
 1810 hydro     38   5   4   1
 1811 hydro     38   5   4   2
 1812 hydro     38   5   4   3
 1813 hydro     38   5   4   4
 1814 hydro     38   6   5  -5
 1815 hydro     38   6   5  -4
 1816 hydro     38   6   5  -3
 1817 hydro     38   6   5  -2
 1818 hydro     38   6   5  -1
 1819 hydro     38   6   5   0
 1820 hydro     38   6   5   1
 1821 hydro     38   6   5   2
 1822 hydro     38   6   5   3
 1823 hydro     38   6   5   4
 1824 hydro     38   6   5   5
 1825 atomic    39   1   0   0
 1826 atomic    39   2   0   0
 1827 atomic    39   3   0   0
 1828 atomic    39   4   0   0
 1829 atomic    39   5   0   0
 1830 ionic     39   6   0   0
 1831 atomic    39   6   0   0
 1832 atomic    39   2   1  -1
 1833 atomic    39   2   1   0
 1834 atomic    39   2   1   1
 1835 atomic    39   3   1  -1
 1836 atomic    39   3   1   0
 1837 atomic    39   3   1   1
 1838 atomic    39   4   1  -1
 1839 atomic    39   4   1   0
 1840 atomic    39   4   1   1
 1841 atomic    39   5   1  -1
 1842 atomic    39   5   1   0
 1843 atomic    39   5   1   1
 1844 ionic     39   6   1  -1
 1845 ionic     39   6   1   0
 1846 ionic     39   6   1   1
 1847 atomic    39   3   2  -2
 1848 atomic    39   3   2  -1
 1849 atomic    39   3   2   0
 1850 atomic    39   3   2   1
 1851 atomic    39   3   2   2
 1852 atomic    39   4   2  -2
 1853 atomic    39   4   2  -1
 1854 atomic    39   4   2   0
 1855 atomic    39   4   2   1
 1856 atomic    39   4   2   2
 1857 atomic    39   5   2  -2
 1858 atomic    39   5   2  -1
 1859 atomic    39   5   2   0
 1860 atomic    39   5   2   1
 1861 atomic    39   5   2   2
 1862 hydro     39   3   2  -2
 1863 hydro     39   3   2  -1
 1864 hydro     39   3   2   0
 1865 hydro     39   3   2   1
 1866 hydro     39   3   2   2
 1867 atomic    39   4   3  -3
 1868 atomic    39   4   3  -2
 1869 atomic    39   4   3  -1
 1870 atomic    39   4   3   0
 1871 atomic    39   4   3   1
 1872 atomic    39   4   3   2
 1873 atomic    39   4   3   3
 1874 hydro     39   4   3  -3
 1875 hydro     39   4   3  -2
 1876 hydro     39   4   3  -1
 1877 hydro     39   4   3   0
 1878 hydro     39   4   3   1
 1879 hydro     39   4   3   2
 1880 hydro     39   4   3   3
 1881 hydro     39   5   4  -4
 1882 hydro     39   5   4  -3
 1883 hydro     39   5   4  -2
 1884 hydro     39   5   4  -1
 1885 hydro     39   5   4   0
 1886 hydro     39   5   4   1
 1887 hydro     39   5   4   2
 1888 hydro     39   5   4   3
 1889 hydro     39   5   4   4
 1890 hydro     39   6   5  -5
 1891 hydro     39   6   5  -4
 1892 hydro     39   6   5  -3
 1893 hydro     39   6   5  -2
 1894 hydro     39   6   5  -1
 1895 hydro     39   6   5   0
 1896 hydro     39   6   5   1
 1897 hydro     39   6   5   2
 1898 hydro     39   6   5   3
 1899 hydro     39   6   5   4
 1900 hydro     39   6   5   5
 1901 atomic    40   1   0   0
 1902 atomic    40   2   0   0
 1903 atomic    40   3   0   0
 1904 atomic    40   4   0   0
 1905 atomic    40   5   0   0
 1906 ionic     40   6   0   0
 1907 atomic    40   6   0   0
 1908 atomic    40   2   1  -1
 1909 atomic    40   2   1   0
 1910 atomic    40   2   1   1
 1911 atomic    40   3   1  -1
 1912 atomic    40   3   1   0
 1913 atomic    40   3   1   1
 1914 atomic    40   4   1  -1
 1915 atomic    40   4   1   0
 1916 atomic    40   4   1   1
 1917 atomic    40   5   1  -1
 1918 atomic    40   5   1   0
 1919 atomic    40   5   1   1
 1920 ionic     40   6   1  -1
 1921 ionic     40   6   1   0
 1922 ionic     40   6   1   1
 1923 atomic    40   3   2  -2
 1924 atomic    40   3   2  -1
 1925 atomic    40   3   2   0
 1926 atomic    40   3   2   1
 1927 atomic    40   3   2   2
 1928 atomic    40   4   2  -2
 1929 atomic    40   4   2  -1
 1930 atomic    40   4   2   0
 1931 atomic    40   4   2   1
 1932 atomic    40   4   2   2
 1933 atomic    40   5   2  -2
 1934 atomic    40   5   2  -1
 1935 atomic    40   5   2   0
 1936 atomic    40   5   2   1
 1937 atomic    40   5   2   2
 1938 hydro     40   3   2  -2
 1939 hydro     40   3   2  -1
 1940 hydro     40   3   2   0
 1941 hydro     40   3   2   1
 1942 hydro     40   3   2   2
 1943 atomic    40   4   3  -3
 1944 atomic    40   4   3  -2
 1945 atomic    40   4   3  -1
 1946 atomic    40   4   3   0
 1947 atomic    40   4   3   1
 1948 atomic    40   4   3   2
 1949 atomic    40   4   3   3
 1950 hydro     40   4   3  -3
 1951 hydro     40   4   3  -2
 1952 hydro     40   4   3  -1
 1953 hydro     40   4   3   0
 1954 hydro     40   4   3   1
 1955 hydro     40   4   3   2
 1956 hydro     40   4   3   3
 1957 hydro     40   5   4  -4
 1958 hydro     40   5   4  -3
 1959 hydro     40   5   4  -2
 1960 hydro     40   5   4  -1
 1961 hydro     40   5   4   0
 1962 hydro     40   5   4   1
 1963 hydro     40   5   4   2
 1964 hydro     40   5   4   3
 1965 hydro     40   5   4   4
 1966 hydro     40   6   5  -5
 1967 hydro     40   6   5  -4
 1968 hydro     40   6   5  -3
 1969 hydro     40   6   5  -2
 1970 hydro     40   6   5  -1
 1971 hydro     40   6   5   0
 1972 hydro     40   6   5   1
 1973 hydro     40   6   5   2
 1974 hydro     40   6   5   3
 1975 hydro     40   6   5   4
 1976 hydro     40   6   5   5
 1977 atomic    41   1   0   0
 1978 atomic    41   2   0   0
 1979 atomic    41   3   0   0
 1980 atomic    41   4   0   0
 1981 atomic    41   5   0   0
 1982 ionic     41   6   0   0
 1983 atomic    41   6   0   0
 1984 atomic    41   2   1  -1
 1985 atomic    41   2   1   0
 1986 atomic    41   2   1   1
 1987 atomic    41   3   1  -1
 1988 atomic    41   3   1   0
 1989 atomic    41   3   1   1
 1990 atomic    41   4   1  -1
 1991 atomic    41   4   1   0
 1992 atomic    41   4   1   1
 1993 atomic    41   5   1  -1
 1994 atomic    41   5   1   0
 1995 atomic    41   5   1   1
 1996 ionic     41   6   1  -1
 1997 ionic     41   6   1   0
 1998 ionic     41   6   1   1
 1999 atomic    41   3   2  -2
 2000 atomic    41   3   2  -1
 2001 atomic    41   3   2   0
 2002 atomic    41   3   2   1
 2003 atomic    41   3   2   2
 2004 atomic    41   4   2  -2
 2005 atomic    41   4   2  -1
 2006 atomic    41   4   2   0
 2007 atomic    41   4   2   1
 2008 atomic    41   4   2   2
 2009 atomic    41   5   2  -2
 2010 atomic    41   5   2  -1
 2011 atomic    41   5   2   0
 2012 atomic    41   5   2   1
 2013 atomic    41   5   2   2
 2014 hydro     41   3   2  -2
 2015 hydro     41   3   2  -1
 2016 hydro     41   3   2   0
 2017 hydro     41   3   2   1
 2018 hydro     41   3   2   2
 2019 atomic    41   4   3  -3
 2020 atomic    41   4   3  -2
 2021 atomic    41   4   3  -1
 2022 atomic    41   4   3   0
 2023 atomic    41   4   3   1
 2024 atomic    41   4   3   2
 2025 atomic    41   4   3   3
 2026 hydro     41   4   3  -3
 2027 hydro     41   4   3  -2
 2028 hydro     41   4   3  -1
 2029 hydro     41   4   3   0
 2030 hydro     41   4   3   1
 2031 hydro     41   4   3   2
 2032 hydro     41   4   3   3
 2033 hydro     41   5   4  -4
 2034 hydro     41   5   4  -3
 2035 hydro     41   5   4  -2
 2036 hydro     41   5   4  -1
 2037 hydro     41   5   4   0
 2038 hydro     41   5   4   1
 2039 hydro     41   5   4   2
 2040 hydro     41   5   4   3
 2041 hydro     41   5   4   4
 2042 hydro     41   6   5  -5
 2043 hydro     41   6   5  -4
 2044 hydro     41   6   5  -3
 2045 hydro     41   6   5  -2
 2046 hydro     41   6   5  -1
 2047 hydro     41   6   5   0
 2048 hydro     41   6   5   1
 2049 hydro     41   6   5   2
 2050 hydro     41   6   5   3
 2051 hydro     41   6   5   4
 2052 hydro     41   6   5   5
 2053 atomic    42   1   0   0
 2054 atomic    42   2   0   0
 2055 atomic    42   3   0   0
 2056 atomic    42   4   0   0
 2057 atomic    42   5   0   0
 2058 ionic     42   6   0   0
 2059 atomic    42   6   0   0
 2060 atomic    42   2   1  -1
 2061 atomic    42   2   1   0
 2062 atomic    42   2   1   1
 2063 atomic    42   3   1  -1
 2064 atomic    42   3   1   0
 2065 atomic    42   3   1   1
 2066 atomic    42   4   1  -1
 2067 atomic    42   4   1   0
 2068 atomic    42   4   1   1
 2069 atomic    42   5   1  -1
 2070 atomic    42   5   1   0
 2071 atomic    42   5   1   1
 2072 ionic     42   6   1  -1
 2073 ionic     42   6   1   0
 2074 ionic     42   6   1   1
 2075 atomic    42   3   2  -2
 2076 atomic    42   3   2  -1
 2077 atomic    42   3   2   0
 2078 atomic    42   3   2   1
 2079 atomic    42   3   2   2
 2080 atomic    42   4   2  -2
 2081 atomic    42   4   2  -1
 2082 atomic    42   4   2   0
 2083 atomic    42   4   2   1
 2084 atomic    42   4   2   2
 2085 atomic    42   5   2  -2
 2086 atomic    42   5   2  -1
 2087 atomic    42   5   2   0
 2088 atomic    42   5   2   1
 2089 atomic    42   5   2   2
 2090 hydro     42   3   2  -2
 2091 hydro     42   3   2  -1
 2092 hydro     42   3   2   0
 2093 hydro     42   3   2   1
 2094 hydro     42   3   2   2
 2095 atomic    42   4   3  -3
 2096 atomic    42   4   3  -2
 2097 atomic    42   4   3  -1
 2098 atomic    42   4   3   0
 2099 atomic    42   4   3   1
 2100 atomic    42   4   3   2
 2101 atomic    42   4   3   3
 2102 hydro     42   4   3  -3
 2103 hydro     42   4   3  -2
 2104 hydro     42   4   3  -1
 2105 hydro     42   4   3   0
 2106 hydro     42   4   3   1
 2107 hydro     42   4   3   2
 2108 hydro     42   4   3   3
 2109 hydro     42   5   4  -4
 2110 hydro     42   5   4  -3
 2111 hydro     42   5   4  -2
 2112 hydro     42   5   4  -1
 2113 hydro     42   5   4   0
 2114 hydro     42   5   4   1
 2115 hydro     42   5   4   2
 2116 hydro     42   5   4   3
 2117 hydro     42   5   4   4
 2118 hydro     42   6   5  -5
 2119 hydro     42   6   5  -4
 2120 hydro     42   6   5  -3
 2121 hydro     42   6   5  -2
 2122 hydro     42   6   5  -1
 2123 hydro     42   6   5   0
 2124 hydro     42   6   5   1
 2125 hydro     42   6   5   2
 2126 hydro     42   6   5   3
 2127 hydro     42   6   5   4
 2128 hydro     42   6   5   5
 2129 atomic    43   1   0   0
 2130 atomic    43   2   0   0
 2131 atomic    43   3   0   0
 2132 atomic    43   4   0   0
 2133 atomic    43   5   0   0
 2134 ionic     43   6   0   0
 2135 atomic    43   6   0   0
 2136 atomic    43   2   1  -1
 2137 atomic    43   2   1   0
 2138 atomic    43   2   1   1
 2139 atomic    43   3   1  -1
 2140 atomic    43   3   1   0
 2141 atomic    43   3   1   1
 2142 atomic    43   4   1  -1
 2143 atomic    43   4   1   0
 2144 atomic    43   4   1   1
 2145 atomic    43   5   1  -1
 2146 atomic    43   5   1   0
 2147 atomic    43   5   1   1
 2148 ionic     43   6   1  -1
 2149 ionic     43   6   1   0
 2150 ionic     43   6   1   1
 2151 atomic    43   3   2  -2
 2152 atomic    43   3   2  -1
 2153 atomic    43   3   2   0
 2154 atomic    43   3   2   1
 2155 atomic    43   3   2   2
 2156 atomic    43   4   2  -2
 2157 atomic    43   4   2  -1
 2158 atomic    43   4   2   0
 2159 atomic    43   4   2   1
 2160 atomic    43   4   2   2
 2161 atomic    43   5   2  -2
 2162 atomic    43   5   2  -1
 2163 atomic    43   5   2   0
 2164 atomic    43   5   2   1
 2165 atomic    43   5   2   2
 2166 hydro     43   3   2  -2
 2167 hydro     43   3   2  -1
 2168 hydro     43   3   2   0
 2169 hydro     43   3   2   1
 2170 hydro     43   3   2   2
 2171 atomic    43   4   3  -3
 2172 atomic    43   4   3  -2
 2173 atomic    43   4   3  -1
 2174 atomic    43   4   3   0
 2175 atomic    43   4   3   1
 2176 atomic    43   4   3   2
 2177 atomic    43   4   3   3
 2178 hydro     43   4   3  -3
 2179 hydro     43   4   3  -2
 2180 hydro     43   4   3  -1
 2181 hydro     43   4   3   0
 2182 hydro     43   4   3   1
 2183 hydro     43   4   3   2
 2184 hydro     43   4   3   3
 2185 hydro     43   5   4  -4
 2186 hydro     43   5   4  -3
 2187 hydro     43   5   4  -2
 2188 hydro     43   5   4  -1
 2189 hydro     43   5   4   0
 2190 hydro     43   5   4   1
 2191 hydro     43   5   4   2
 2192 hydro     43   5   4   3
 2193 hydro     43   5   4   4
 2194 hydro     43   6   5  -5
 2195 hydro     43   6   5  -4
 2196 hydro     43   6   5  -3
 2197 hydro     43   6   5  -2
 2198 hydro     43   6   5  -1
 2199 hydro     43   6   5   0
 2200 hydro     43   6   5   1
 2201 hydro     43   6   5   2
 2202 hydro     43   6   5   3
 2203 hydro     43   6   5   4
 2204 hydro     43   6   5   5
 2205 atomic    44   1   0   0
 2206 atomic    44   2   0   0
 2207 atomic    44   3   0   0
 2208 atomic    44   4   0   0
 2209 atomic    44   5   0   0
 2210 ionic     44   6   0   0
 2211 atomic    44   6   0   0
 2212 atomic    44   2   1  -1
 2213 atomic    44   2   1   0
 2214 atomic    44   2   1   1
 2215 atomic    44   3   1  -1
 2216 atomic    44   3   1   0
 2217 atomic    44   3   1   1
 2218 atomic    44   4   1  -1
 2219 atomic    44   4   1   0
 2220 atomic    44   4   1   1
 2221 atomic    44   5   1  -1
 2222 atomic    44   5   1   0
 2223 atomic    44   5   1   1
 2224 ionic     44   6   1  -1
 2225 ionic     44   6   1   0
 2226 ionic     44   6   1   1
 2227 atomic    44   3   2  -2
 2228 atomic    44   3   2  -1
 2229 atomic    44   3   2   0
 2230 atomic    44   3   2   1
 2231 atomic    44   3   2   2
 2232 atomic    44   4   2  -2
 2233 atomic    44   4   2  -1
 2234 atomic    44   4   2   0
 2235 atomic    44   4   2   1
 2236 atomic    44   4   2   2
 2237 atomic    44   5   2  -2
 2238 atomic    44   5   2  -1
 2239 atomic    44   5   2   0
 2240 atomic    44   5   2   1
 2241 atomic    44   5   2   2
 2242 hydro     44   3   2  -2
 2243 hydro     44   3   2  -1
 2244 hydro     44   3   2   0
 2245 hydro     44   3   2   1
 2246 hydro     44   3   2   2
 2247 atomic    44   4   3  -3
 2248 atomic    44   4   3  -2
 2249 atomic    44   4   3  -1
 2250 atomic    44   4   3   0
 2251 atomic    44   4   3   1
 2252 atomic    44   4   3   2
 2253 atomic    44   4   3   3
 2254 hydro     44   4   3  -3
 2255 hydro     44   4   3  -2
 2256 hydro     44   4   3  -1
 2257 hydro     44   4   3   0
 2258 hydro     44   4   3   1
 2259 hydro     44   4   3   2
 2260 hydro     44   4   3   3
 2261 hydro     44   5   4  -4
 2262 hydro     44   5   4  -3
 2263 hydro     44   5   4  -2
 2264 hydro     44   5   4  -1
 2265 hydro     44   5   4   0
 2266 hydro     44   5   4   1
 2267 hydro     44   5   4   2
 2268 hydro     44   5   4   3
 2269 hydro     44   5   4   4
 2270 hydro     44   6   5  -5
 2271 hydro     44   6   5  -4
 2272 hydro     44   6   5  -3
 2273 hydro     44   6   5  -2
 2274 hydro     44   6   5  -1
 2275 hydro     44   6   5   0
 2276 hydro     44   6   5   1
 2277 hydro     44   6   5   2
 2278 hydro     44   6   5   3
 2279 hydro     44   6   5   4
 2280 hydro     44   6   5   5
 2281 atomic    45   1   0   0
 2282 atomic    45   2   0   0
 2283 atomic    45   3   0   0
 2284 atomic    45   4   0   0
 2285 atomic    45   5   0   0
 2286 ionic     45   6   0   0
 2287 atomic    45   6   0   0
 2288 atomic    45   2   1  -1
 2289 atomic    45   2   1   0
 2290 atomic    45   2   1   1
 2291 atomic    45   3   1  -1
 2292 atomic    45   3   1   0
 2293 atomic    45   3   1   1
 2294 atomic    45   4   1  -1
 2295 atomic    45   4   1   0
 2296 atomic    45   4   1   1
 2297 atomic    45   5   1  -1
 2298 atomic    45   5   1   0
 2299 atomic    45   5   1   1
 2300 ionic     45   6   1  -1
 2301 ionic     45   6   1   0
 2302 ionic     45   6   1   1
 2303 atomic    45   3   2  -2
 2304 atomic    45   3   2  -1
 2305 atomic    45   3   2   0
 2306 atomic    45   3   2   1
 2307 atomic    45   3   2   2
 2308 atomic    45   4   2  -2
 2309 atomic    45   4   2  -1
 2310 atomic    45   4   2   0
 2311 atomic    45   4   2   1
 2312 atomic    45   4   2   2
 2313 atomic    45   5   2  -2
 2314 atomic    45   5   2  -1
 2315 atomic    45   5   2   0
 2316 atomic    45   5   2   1
 2317 atomic    45   5   2   2
 2318 hydro     45   3   2  -2
 2319 hydro     45   3   2  -1
 2320 hydro     45   3   2   0
 2321 hydro     45   3   2   1
 2322 hydro     45   3   2   2
 2323 atomic    45   4   3  -3
 2324 atomic    45   4   3  -2
 2325 atomic    45   4   3  -1
 2326 atomic    45   4   3   0
 2327 atomic    45   4   3   1
 2328 atomic    45   4   3   2
 2329 atomic    45   4   3   3
 2330 hydro     45   4   3  -3
 2331 hydro     45   4   3  -2
 2332 hydro     45   4   3  -1
 2333 hydro     45   4   3   0
 2334 hydro     45   4   3   1
 2335 hydro     45   4   3   2
 2336 hydro     45   4   3   3
 2337 hydro     45   5   4  -4
 2338 hydro     45   5   4  -3
 2339 hydro     45   5   4  -2
 2340 hydro     45   5   4  -1
 2341 hydro     45   5   4   0
 2342 hydro     45   5   4   1
 2343 hydro     45   5   4   2
 2344 hydro     45   5   4   3
 2345 hydro     45   5   4   4
 2346 hydro     45   6   5  -5
 2347 hydro     45   6   5  -4
 2348 hydro     45   6   5  -3
 2349 hydro     45   6   5  -2
 2350 hydro     45   6   5  -1
 2351 hydro     45   6   5   0
 2352 hydro     45   6   5   1
 2353 hydro     45   6   5   2
 2354 hydro     45   6   5   3
 2355 hydro     45   6   5   4
 2356 hydro     45   6   5   5
 2357 atomic    46   1   0   0
 2358 atomic    46   2   0   0
 2359 atomic    46   3   0   0
 2360 atomic    46   4   0   0
 2361 atomic    46   5   0   0
 2362 ionic     46   6   0   0
 2363 atomic    46   6   0   0
 2364 atomic    46   2   1  -1
 2365 atomic    46   2   1   0
 2366 atomic    46   2   1   1
 2367 atomic    46   3   1  -1
 2368 atomic    46   3   1   0
 2369 atomic    46   3   1   1
 2370 atomic    46   4   1  -1
 2371 atomic    46   4   1   0
 2372 atomic    46   4   1   1
 2373 atomic    46   5   1  -1
 2374 atomic    46   5   1   0
 2375 atomic    46   5   1   1
 2376 ionic     46   6   1  -1
 2377 ionic     46   6   1   0
 2378 ionic     46   6   1   1
 2379 atomic    46   3   2  -2
 2380 atomic    46   3   2  -1
 2381 atomic    46   3   2   0
 2382 atomic    46   3   2   1
 2383 atomic    46   3   2   2
 2384 atomic    46   4   2  -2
 2385 atomic    46   4   2  -1
 2386 atomic    46   4   2   0
 2387 atomic    46   4   2   1
 2388 atomic    46   4   2   2
 2389 atomic    46   5   2  -2
 2390 atomic    46   5   2  -1
 2391 atomic    46   5   2   0
 2392 atomic    46   5   2   1
 2393 atomic    46   5   2   2
 2394 hydro     46   3   2  -2
 2395 hydro     46   3   2  -1
 2396 hydro     46   3   2   0
 2397 hydro     46   3   2   1
 2398 hydro     46   3   2   2
 2399 atomic    46   4   3  -3
 2400 atomic    46   4   3  -2
 2401 atomic    46   4   3  -1
 2402 atomic    46   4   3   0
 2403 atomic    46   4   3   1
 2404 atomic    46   4   3   2
 2405 atomic    46   4   3   3
 2406 hydro     46   4   3  -3
 2407 hydro     46   4   3  -2
 2408 hydro     46   4   3  -1
 2409 hydro     46   4   3   0
 2410 hydro     46   4   3   1
 2411 hydro     46   4   3   2
 2412 hydro     46   4   3   3
 2413 hydro     46   5   4  -4
 2414 hydro     46   5   4  -3
 2415 hydro     46   5   4  -2
 2416 hydro     46   5   4  -1
 2417 hydro     46   5   4   0
 2418 hydro     46   5   4   1
 2419 hydro     46   5   4   2
 2420 hydro     46   5   4   3
 2421 hydro     46   5   4   4
 2422 hydro     46   6   5  -5
 2423 hydro     46   6   5  -4
 2424 hydro     46   6   5  -3
 2425 hydro     46   6   5  -2
 2426 hydro     46   6   5  -1
 2427 hydro     46   6   5   0
 2428 hydro     46   6   5   1
 2429 hydro     46   6   5   2
 2430 hydro     46   6   5   3
 2431 hydro     46   6   5   4
 2432 hydro     46   6   5   5
 2433 atomic    47   1   0   0
 2434 atomic    47   2   0   0
 2435 atomic    47   3   0   0
 2436 atomic    47   4   0   0
 2437 atomic    47   5   0   0
 2438 ionic     47   6   0   0
 2439 atomic    47   6   0   0
 2440 atomic    47   2   1  -1
 2441 atomic    47   2   1   0
 2442 atomic    47   2   1   1
 2443 atomic    47   3   1  -1
 2444 atomic    47   3   1   0
 2445 atomic    47   3   1   1
 2446 atomic    47   4   1  -1
 2447 atomic    47   4   1   0
 2448 atomic    47   4   1   1
 2449 atomic    47   5   1  -1
 2450 atomic    47   5   1   0
 2451 atomic    47   5   1   1
 2452 ionic     47   6   1  -1
 2453 ionic     47   6   1   0
 2454 ionic     47   6   1   1
 2455 atomic    47   3   2  -2
 2456 atomic    47   3   2  -1
 2457 atomic    47   3   2   0
 2458 atomic    47   3   2   1
 2459 atomic    47   3   2   2
 2460 atomic    47   4   2  -2
 2461 atomic    47   4   2  -1
 2462 atomic    47   4   2   0
 2463 atomic    47   4   2   1
 2464 atomic    47   4   2   2
 2465 atomic    47   5   2  -2
 2466 atomic    47   5   2  -1
 2467 atomic    47   5   2   0
 2468 atomic    47   5   2   1
 2469 atomic    47   5   2   2
 2470 hydro     47   3   2  -2
 2471 hydro     47   3   2  -1
 2472 hydro     47   3   2   0
 2473 hydro     47   3   2   1
 2474 hydro     47   3   2   2
 2475 atomic    47   4   3  -3
 2476 atomic    47   4   3  -2
 2477 atomic    47   4   3  -1
 2478 atomic    47   4   3   0
 2479 atomic    47   4   3   1
 2480 atomic    47   4   3   2
 2481 atomic    47   4   3   3
 2482 hydro     47   4   3  -3
 2483 hydro     47   4   3  -2
 2484 hydro     47   4   3  -1
 2485 hydro     47   4   3   0
 2486 hydro     47   4   3   1
 2487 hydro     47   4   3   2
 2488 hydro     47   4   3   3
 2489 hydro     47   5   4  -4
 2490 hydro     47   5   4  -3
 2491 hydro     47   5   4  -2
 2492 hydro     47   5   4  -1
 2493 hydro     47   5   4   0
 2494 hydro     47   5   4   1
 2495 hydro     47   5   4   2
 2496 hydro     47   5   4   3
 2497 hydro     47   5   4   4
 2498 hydro     47   6   5  -5
 2499 hydro     47   6   5  -4
 2500 hydro     47   6   5  -3
 2501 hydro     47   6   5  -2
 2502 hydro     47   6   5  -1
 2503 hydro     47   6   5   0
 2504 hydro     47   6   5   1
 2505 hydro     47   6   5   2
 2506 hydro     47   6   5   3
 2507 hydro     47   6   5   4
 2508 hydro     47   6   5   5
 2509 atomic    48   1   0   0
 2510 atomic    48   2   0   0
 2511 atomic    48   3   0   0
 2512 atomic    48   4   0   0
 2513 atomic    48   5   0   0
 2514 ionic     48   6   0   0
 2515 atomic    48   6   0   0
 2516 atomic    48   2   1  -1
 2517 atomic    48   2   1   0
 2518 atomic    48   2   1   1
 2519 atomic    48   3   1  -1
 2520 atomic    48   3   1   0
 2521 atomic    48   3   1   1
 2522 atomic    48   4   1  -1
 2523 atomic    48   4   1   0
 2524 atomic    48   4   1   1
 2525 atomic    48   5   1  -1
 2526 atomic    48   5   1   0
 2527 atomic    48   5   1   1
 2528 ionic     48   6   1  -1
 2529 ionic     48   6   1   0
 2530 ionic     48   6   1   1
 2531 atomic    48   3   2  -2
 2532 atomic    48   3   2  -1
 2533 atomic    48   3   2   0
 2534 atomic    48   3   2   1
 2535 atomic    48   3   2   2
 2536 atomic    48   4   2  -2
 2537 atomic    48   4   2  -1
 2538 atomic    48   4   2   0
 2539 atomic    48   4   2   1
 2540 atomic    48   4   2   2
 2541 atomic    48   5   2  -2
 2542 atomic    48   5   2  -1
 2543 atomic    48   5   2   0
 2544 atomic    48   5   2   1
 2545 atomic    48   5   2   2
 2546 hydro     48   3   2  -2
 2547 hydro     48   3   2  -1
 2548 hydro     48   3   2   0
 2549 hydro     48   3   2   1
 2550 hydro     48   3   2   2
 2551 atomic    48   4   3  -3
 2552 atomic    48   4   3  -2
 2553 atomic    48   4   3  -1
 2554 atomic    48   4   3   0
 2555 atomic    48   4   3   1
 2556 atomic    48   4   3   2
 2557 atomic    48   4   3   3
 2558 hydro     48   4   3  -3
 2559 hydro     48   4   3  -2
 2560 hydro     48   4   3  -1
 2561 hydro     48   4   3   0
 2562 hydro     48   4   3   1
 2563 hydro     48   4   3   2
 2564 hydro     48   4   3   3
 2565 hydro     48   5   4  -4
 2566 hydro     48   5   4  -3
 2567 hydro     48   5   4  -2
 2568 hydro     48   5   4  -1
 2569 hydro     48   5   4   0
 2570 hydro     48   5   4   1
 2571 hydro     48   5   4   2
 2572 hydro     48   5   4   3
 2573 hydro     48   5   4   4
 2574 hydro     48   6   5  -5
 2575 hydro     48   6   5  -4
 2576 hydro     48   6   5  -3
 2577 hydro     48   6   5  -2
 2578 hydro     48   6   5  -1
 2579 hydro     48   6   5   0
 2580 hydro     48   6   5   1
 2581 hydro     48   6   5   2
 2582 hydro     48   6   5   3
 2583 hydro     48   6   5   4
 2584 hydro     48   6   5   5
 2585 atomic    49   1   0   0
 2586 atomic    49   2   0   0
 2587 atomic    49   3   0   0
 2588 atomic    49   4   0   0
 2589 atomic    49   5   0   0
 2590 ionic     49   6   0   0
 2591 atomic    49   6   0   0
 2592 atomic    49   2   1  -1
 2593 atomic    49   2   1   0
 2594 atomic    49   2   1   1
 2595 atomic    49   3   1  -1
 2596 atomic    49   3   1   0
 2597 atomic    49   3   1   1
 2598 atomic    49   4   1  -1
 2599 atomic    49   4   1   0
 2600 atomic    49   4   1   1
 2601 atomic    49   5   1  -1
 2602 atomic    49   5   1   0
 2603 atomic    49   5   1   1
 2604 ionic     49   6   1  -1
 2605 ionic     49   6   1   0
 2606 ionic     49   6   1   1
 2607 atomic    49   3   2  -2
 2608 atomic    49   3   2  -1
 2609 atomic    49   3   2   0
 2610 atomic    49   3   2   1
 2611 atomic    49   3   2   2
 2612 atomic    49   4   2  -2
 2613 atomic    49   4   2  -1
 2614 atomic    49   4   2   0
 2615 atomic    49   4   2   1
 2616 atomic    49   4   2   2
 2617 atomic    49   5   2  -2
 2618 atomic    49   5   2  -1
 2619 atomic    49   5   2   0
 2620 atomic    49   5   2   1
 2621 atomic    49   5   2   2
 2622 hydro     49   3   2  -2
 2623 hydro     49   3   2  -1
 2624 hydro     49   3   2   0
 2625 hydro     49   3   2   1
 2626 hydro     49   3   2   2
 2627 atomic    49   4   3  -3
 2628 atomic    49   4   3  -2
 2629 atomic    49   4   3  -1
 2630 atomic    49   4   3   0
 2631 atomic    49   4   3   1
 2632 atomic    49   4   3   2
 2633 atomic    49   4   3   3
 2634 hydro     49   4   3  -3
 2635 hydro     49   4   3  -2
 2636 hydro     49   4   3  -1
 2637 hydro     49   4   3   0
 2638 hydro     49   4   3   1
 2639 hydro     49   4   3   2
 2640 hydro     49   4   3   3
 2641 hydro     49   5   4  -4
 2642 hydro     49   5   4  -3
 2643 hydro     49   5   4  -2
 2644 hydro     49   5   4  -1
 2645 hydro     49   5   4   0
 2646 hydro     49   5   4   1
 2647 hydro     49   5   4   2
 2648 hydro     49   5   4   3
 2649 hydro     49   5   4   4
 2650 hydro     49   6   5  -5
 2651 hydro     49   6   5  -4
 2652 hydro     49   6   5  -3
 2653 hydro     49   6   5  -2
 2654 hydro     49   6   5  -1
 2655 hydro     49   6   5   0
 2656 hydro     49   6   5   1
 2657 hydro     49   6   5   2
 2658 hydro     49   6   5   3
 2659 hydro     49   6   5   4
 2660 hydro     49   6   5   5
 2661 atomic    50   1   0   0
 2662 atomic    50   2   0   0
 2663 atomic    50   3   0   0
 2664 atomic    50   4   0   0
 2665 atomic    50   5   0   0
 2666 ionic     50   6   0   0
 2667 atomic    50   6   0   0
 2668 atomic    50   2   1  -1
 2669 atomic    50   2   1   0
 2670 atomic    50   2   1   1
 2671 atomic    50   3   1  -1
 2672 atomic    50   3   1   0
 2673 atomic    50   3   1   1
 2674 atomic    50   4   1  -1
 2675 atomic    50   4   1   0
 2676 atomic    50   4   1   1
 2677 atomic    50   5   1  -1
 2678 atomic    50   5   1   0
 2679 atomic    50   5   1   1
 2680 ionic     50   6   1  -1
 2681 ionic     50   6   1   0
 2682 ionic     50   6   1   1
 2683 atomic    50   3   2  -2
 2684 atomic    50   3   2  -1
 2685 atomic    50   3   2   0
 2686 atomic    50   3   2   1
 2687 atomic    50   3   2   2
 2688 atomic    50   4   2  -2
 2689 atomic    50   4   2  -1
 2690 atomic    50   4   2   0
 2691 atomic    50   4   2   1
 2692 atomic    50   4   2   2
 2693 atomic    50   5   2  -2
 2694 atomic    50   5   2  -1
 2695 atomic    50   5   2   0
 2696 atomic    50   5   2   1
 2697 atomic    50   5   2   2
 2698 hydro     50   3   2  -2
 2699 hydro     50   3   2  -1
 2700 hydro     50   3   2   0
 2701 hydro     50   3   2   1
 2702 hydro     50   3   2   2
 2703 atomic    50   4   3  -3
 2704 atomic    50   4   3  -2
 2705 atomic    50   4   3  -1
 2706 atomic    50   4   3   0
 2707 atomic    50   4   3   1
 2708 atomic    50   4   3   2
 2709 atomic    50   4   3   3
 2710 hydro     50   4   3  -3
 2711 hydro     50   4   3  -2
 2712 hydro     50   4   3  -1
 2713 hydro     50   4   3   0
 2714 hydro     50   4   3   1
 2715 hydro     50   4   3   2
 2716 hydro     50   4   3   3
 2717 hydro     50   5   4  -4
 2718 hydro     50   5   4  -3
 2719 hydro     50   5   4  -2
 2720 hydro     50   5   4  -1
 2721 hydro     50   5   4   0
 2722 hydro     50   5   4   1
 2723 hydro     50   5   4   2
 2724 hydro     50   5   4   3
 2725 hydro     50   5   4   4
 2726 hydro     50   6   5  -5
 2727 hydro     50   6   5  -4
 2728 hydro     50   6   5  -3
 2729 hydro     50   6   5  -2
 2730 hydro     50   6   5  -1
 2731 hydro     50   6   5   0
 2732 hydro     50   6   5   1
 2733 hydro     50   6   5   2
 2734 hydro     50   6   5   3
 2735 hydro     50   6   5   4
 2736 hydro     50   6   5   5
 2737 atomic    51   1   0   0
 2738 atomic    51   2   0   0
 2739 atomic    51   3   0   0
 2740 atomic    51   4   0   0
 2741 atomic    51   5   0   0
 2742 ionic     51   6   0   0
 2743 atomic    51   6   0   0
 2744 atomic    51   2   1  -1
 2745 atomic    51   2   1   0
 2746 atomic    51   2   1   1
 2747 atomic    51   3   1  -1
 2748 atomic    51   3   1   0
 2749 atomic    51   3   1   1
 2750 atomic    51   4   1  -1
 2751 atomic    51   4   1   0
 2752 atomic    51   4   1   1
 2753 atomic    51   5   1  -1
 2754 atomic    51   5   1   0
 2755 atomic    51   5   1   1
 2756 ionic     51   6   1  -1
 2757 ionic     51   6   1   0
 2758 ionic     51   6   1   1
 2759 atomic    51   3   2  -2
 2760 atomic    51   3   2  -1
 2761 atomic    51   3   2   0
 2762 atomic    51   3   2   1
 2763 atomic    51   3   2   2
 2764 atomic    51   4   2  -2
 2765 atomic    51   4   2  -1
 2766 atomic    51   4   2   0
 2767 atomic    51   4   2   1
 2768 atomic    51   4   2   2
 2769 atomic    51   5   2  -2
 2770 atomic    51   5   2  -1
 2771 atomic    51   5   2   0
 2772 atomic    51   5   2   1
 2773 atomic    51   5   2   2
 2774 hydro     51   3   2  -2
 2775 hydro     51   3   2  -1
 2776 hydro     51   3   2   0
 2777 hydro     51   3   2   1
 2778 hydro     51   3   2   2
 2779 atomic    51   4   3  -3
 2780 atomic    51   4   3  -2
 2781 atomic    51   4   3  -1
 2782 atomic    51   4   3   0
 2783 atomic    51   4   3   1
 2784 atomic    51   4   3   2
 2785 atomic    51   4   3   3
 2786 hydro     51   4   3  -3
 2787 hydro     51   4   3  -2
 2788 hydro     51   4   3  -1
 2789 hydro     51   4   3   0
 2790 hydro     51   4   3   1
 2791 hydro     51   4   3   2
 2792 hydro     51   4   3   3
 2793 hydro     51   5   4  -4
 2794 hydro     51   5   4  -3
 2795 hydro     51   5   4  -2
 2796 hydro     51   5   4  -1
 2797 hydro     51   5   4   0
 2798 hydro     51   5   4   1
 2799 hydro     51   5   4   2
 2800 hydro     51   5   4   3
 2801 hydro     51   5   4   4
 2802 hydro     51   6   5  -5
 2803 hydro     51   6   5  -4
 2804 hydro     51   6   5  -3
 2805 hydro     51   6   5  -2
 2806 hydro     51   6   5  -1
 2807 hydro     51   6   5   0
 2808 hydro     51   6   5   1
 2809 hydro     51   6   5   2
 2810 hydro     51   6   5   3
 2811 hydro     51   6   5   4
 2812 hydro     51   6   5   5
 2813 atomic    52   1   0   0
 2814 atomic    52   2   0   0
 2815 atomic    52   3   0   0
 2816 atomic    52   4   0   0
 2817 atomic    52   5   0   0
 2818 ionic     52   6   0   0
 2819 atomic    52   6   0   0
 2820 atomic    52   2   1  -1
 2821 atomic    52   2   1   0
 2822 atomic    52   2   1   1
 2823 atomic    52   3   1  -1
 2824 atomic    52   3   1   0
 2825 atomic    52   3   1   1
 2826 atomic    52   4   1  -1
 2827 atomic    52   4   1   0
 2828 atomic    52   4   1   1
 2829 atomic    52   5   1  -1
 2830 atomic    52   5   1   0
 2831 atomic    52   5   1   1
 2832 ionic     52   6   1  -1
 2833 ionic     52   6   1   0
 2834 ionic     52   6   1   1
 2835 atomic    52   3   2  -2
 2836 atomic    52   3   2  -1
 2837 atomic    52   3   2   0
 2838 atomic    52   3   2   1
 2839 atomic    52   3   2   2
 2840 atomic    52   4   2  -2
 2841 atomic    52   4   2  -1
 2842 atomic    52   4   2   0
 2843 atomic    52   4   2   1
 2844 atomic    52   4   2   2
 2845 atomic    52   5   2  -2
 2846 atomic    52   5   2  -1
 2847 atomic    52   5   2   0
 2848 atomic    52   5   2   1
 2849 atomic    52   5   2   2
 2850 hydro     52   3   2  -2
 2851 hydro     52   3   2  -1
 2852 hydro     52   3   2   0
 2853 hydro     52   3   2   1
 2854 hydro     52   3   2   2
 2855 atomic    52   4   3  -3
 2856 atomic    52   4   3  -2
 2857 atomic    52   4   3  -1
 2858 atomic    52   4   3   0
 2859 atomic    52   4   3   1
 2860 atomic    52   4   3   2
 2861 atomic    52   4   3   3
 2862 hydro     52   4   3  -3
 2863 hydro     52   4   3  -2
 2864 hydro     52   4   3  -1
 2865 hydro     52   4   3   0
 2866 hydro     52   4   3   1
 2867 hydro     52   4   3   2
 2868 hydro     52   4   3   3
 2869 hydro     52   5   4  -4
 2870 hydro     52   5   4  -3
 2871 hydro     52   5   4  -2
 2872 hydro     52   5   4  -1
 2873 hydro     52   5   4   0
 2874 hydro     52   5   4   1
 2875 hydro     52   5   4   2
 2876 hydro     52   5   4   3
 2877 hydro     52   5   4   4
 2878 hydro     52   6   5  -5
 2879 hydro     52   6   5  -4
 2880 hydro     52   6   5  -3
 2881 hydro     52   6   5  -2
 2882 hydro     52   6   5  -1
 2883 hydro     52   6   5   0
 2884 hydro     52   6   5   1
 2885 hydro     52   6   5   2
 2886 hydro     52   6   5   3
 2887 hydro     52   6   5   4
 2888 hydro     52   6   5   5
$end
