$basis.indices.aims
# amount of basis functions used:   2893
# fn.   type   at.   n   l   m
    1 atomic     1   1   0   0
    2 hydro      1   3   0   0
    3 atomic     1   2   0   0
    4 atomic     1   2   1  -1
    5 atomic     1   2   1   0
    6 atomic     1   2   1   1
    7 hydro      1   2   1  -1
    8 hydro      1   2   1   0
    9 hydro      1   2   1   1
   10 hydro      1   3   2  -2
   11 hydro      1   3   2  -1
   12 hydro      1   3   2   0
   13 hydro      1   3   2   1
   14 hydro      1   3   2   2
   15 atomic     2   1   0   0
   16 hydro      2   2   0   0
   17 atomic     2   2   0   0
   18 atomic     2   2   1  -1
   19 atomic     2   2   1   0
   20 atomic     2   2   1   1
   21 hydro      2   2   1  -1
   22 hydro      2   2   1   0
   23 hydro      2   2   1   1
   24 hydro      2   3   2  -2
   25 hydro      2   3   2  -1
   26 hydro      2   3   2   0
   27 hydro      2   3   2   1
   28 hydro      2   3   2   2
   29 atomic     3   1   0   0
   30 hydro      3   2   0   0
   31 atomic     3   2   0   0
   32 atomic     3   2   1  -1
   33 atomic     3   2   1   0
   34 atomic     3   2   1   1
   35 hydro      3   2   1  -1
   36 hydro      3   2   1   0
   37 hydro      3   2   1   1
   38 hydro      3   3   2  -2
   39 hydro      3   3   2  -1
   40 hydro      3   3   2   0
   41 hydro      3   3   2   1
   42 hydro      3   3   2   2
   43 atomic     4   1   0   0
   44 hydro      4   2   0   0
   45 atomic     4   2   0   0
   46 atomic     4   2   1  -1
   47 atomic     4   2   1   0
   48 atomic     4   2   1   1
   49 hydro      4   2   1  -1
   50 hydro      4   2   1   0
   51 hydro      4   2   1   1
   52 hydro      4   3   2  -2
   53 hydro      4   3   2  -1
   54 hydro      4   3   2   0
   55 hydro      4   3   2   1
   56 hydro      4   3   2   2
   57 atomic     5   1   0   0
   58 hydro      5   3   0   0
   59 atomic     5   2   0   0
   60 atomic     5   2   1  -1
   61 atomic     5   2   1   0
   62 atomic     5   2   1   1
   63 hydro      5   2   1  -1
   64 hydro      5   2   1   0
   65 hydro      5   2   1   1
   66 hydro      5   3   2  -2
   67 hydro      5   3   2  -1
   68 hydro      5   3   2   0
   69 hydro      5   3   2   1
   70 hydro      5   3   2   2
   71 atomic     6   1   0   0
   72 hydro      6   2   0   0
   73 hydro      6   2   1  -1
   74 hydro      6   2   1   0
   75 hydro      6   2   1   1
   76 atomic     7   1   0   0
   77 hydro      7   2   0   0
   78 hydro      7   2   1  -1
   79 hydro      7   2   1   0
   80 hydro      7   2   1   1
   81 atomic     8   1   0   0
   82 hydro      8   2   0   0
   83 atomic     8   2   0   0
   84 atomic     8   2   1  -1
   85 atomic     8   2   1   0
   86 atomic     8   2   1   1
   87 hydro      8   2   1  -1
   88 hydro      8   2   1   0
   89 hydro      8   2   1   1
   90 hydro      8   3   2  -2
   91 hydro      8   3   2  -1
   92 hydro      8   3   2   0
   93 hydro      8   3   2   1
   94 hydro      8   3   2   2
   95 atomic     9   1   0   0
   96 hydro      9   2   0   0
   97 hydro      9   2   1  -1
   98 hydro      9   2   1   0
   99 hydro      9   2   1   1
  100 atomic    10   1   0   0
  101 hydro     10   2   0   0
  102 hydro     10   2   1  -1
  103 hydro     10   2   1   0
  104 hydro     10   2   1   1
  105 atomic    11   1   0   0
  106 hydro     11   2   0   0
  107 atomic    11   2   0   0
  108 atomic    11   2   1  -1
  109 atomic    11   2   1   0
  110 atomic    11   2   1   1
  111 hydro     11   2   1  -1
  112 hydro     11   2   1   0
  113 hydro     11   2   1   1
  114 hydro     11   3   2  -2
  115 hydro     11   3   2  -1
  116 hydro     11   3   2   0
  117 hydro     11   3   2   1
  118 hydro     11   3   2   2
  119 atomic    12   1   0   0
  120 hydro     12   2   0   0
  121 hydro     12   2   1  -1
  122 hydro     12   2   1   0
  123 hydro     12   2   1   1
  124 atomic    13   1   0   0
  125 hydro     13   2   0   0
  126 hydro     13   2   1  -1
  127 hydro     13   2   1   0
  128 hydro     13   2   1   1
  129 atomic    14   1   0   0
  130 hydro     14   3   0   0
  131 atomic    14   2   0   0
  132 atomic    14   2   1  -1
  133 atomic    14   2   1   0
  134 atomic    14   2   1   1
  135 hydro     14   2   1  -1
  136 hydro     14   2   1   0
  137 hydro     14   2   1   1
  138 hydro     14   3   2  -2
  139 hydro     14   3   2  -1
  140 hydro     14   3   2   0
  141 hydro     14   3   2   1
  142 hydro     14   3   2   2
  143 atomic    15   1   0   0
  144 hydro     15   2   0   0
  145 hydro     15   2   1  -1
  146 hydro     15   2   1   0
  147 hydro     15   2   1   1
  148 atomic    16   1   0   0
  149 hydro     16   2   0   0
  150 hydro     16   2   1  -1
  151 hydro     16   2   1   0
  152 hydro     16   2   1   1
  153 atomic    17   1   0   0
  154 hydro     17   2   0   0
  155 hydro     17   2   1  -1
  156 hydro     17   2   1   0
  157 hydro     17   2   1   1
  158 atomic    18   1   0   0
  159 atomic    18   2   0   0
  160 atomic    18   3   0   0
  161 atomic    18   4   0   0
  162 atomic    18   5   0   0
  163 ionic     18   6   0   0
  164 atomic    18   6   0   0
  165 atomic    18   2   1  -1
  166 atomic    18   2   1   0
  167 atomic    18   2   1   1
  168 atomic    18   3   1  -1
  169 atomic    18   3   1   0
  170 atomic    18   3   1   1
  171 atomic    18   4   1  -1
  172 atomic    18   4   1   0
  173 atomic    18   4   1   1
  174 atomic    18   5   1  -1
  175 atomic    18   5   1   0
  176 atomic    18   5   1   1
  177 ionic     18   6   1  -1
  178 ionic     18   6   1   0
  179 ionic     18   6   1   1
  180 atomic    18   3   2  -2
  181 atomic    18   3   2  -1
  182 atomic    18   3   2   0
  183 atomic    18   3   2   1
  184 atomic    18   3   2   2
  185 atomic    18   4   2  -2
  186 atomic    18   4   2  -1
  187 atomic    18   4   2   0
  188 atomic    18   4   2   1
  189 atomic    18   4   2   2
  190 atomic    18   5   2  -2
  191 atomic    18   5   2  -1
  192 atomic    18   5   2   0
  193 atomic    18   5   2   1
  194 atomic    18   5   2   2
  195 hydro     18   3   2  -2
  196 hydro     18   3   2  -1
  197 hydro     18   3   2   0
  198 hydro     18   3   2   1
  199 hydro     18   3   2   2
  200 atomic    18   4   3  -3
  201 atomic    18   4   3  -2
  202 atomic    18   4   3  -1
  203 atomic    18   4   3   0
  204 atomic    18   4   3   1
  205 atomic    18   4   3   2
  206 atomic    18   4   3   3
  207 hydro     18   4   3  -3
  208 hydro     18   4   3  -2
  209 hydro     18   4   3  -1
  210 hydro     18   4   3   0
  211 hydro     18   4   3   1
  212 hydro     18   4   3   2
  213 hydro     18   4   3   3
  214 hydro     18   5   4  -4
  215 hydro     18   5   4  -3
  216 hydro     18   5   4  -2
  217 hydro     18   5   4  -1
  218 hydro     18   5   4   0
  219 hydro     18   5   4   1
  220 hydro     18   5   4   2
  221 hydro     18   5   4   3
  222 hydro     18   5   4   4
  223 hydro     18   6   5  -5
  224 hydro     18   6   5  -4
  225 hydro     18   6   5  -3
  226 hydro     18   6   5  -2
  227 hydro     18   6   5  -1
  228 hydro     18   6   5   0
  229 hydro     18   6   5   1
  230 hydro     18   6   5   2
  231 hydro     18   6   5   3
  232 hydro     18   6   5   4
  233 hydro     18   6   5   5
  234 atomic    19   1   0   0
  235 atomic    19   2   0   0
  236 atomic    19   3   0   0
  237 atomic    19   4   0   0
  238 atomic    19   5   0   0
  239 ionic     19   6   0   0
  240 atomic    19   6   0   0
  241 atomic    19   2   1  -1
  242 atomic    19   2   1   0
  243 atomic    19   2   1   1
  244 atomic    19   3   1  -1
  245 atomic    19   3   1   0
  246 atomic    19   3   1   1
  247 atomic    19   4   1  -1
  248 atomic    19   4   1   0
  249 atomic    19   4   1   1
  250 atomic    19   5   1  -1
  251 atomic    19   5   1   0
  252 atomic    19   5   1   1
  253 ionic     19   6   1  -1
  254 ionic     19   6   1   0
  255 ionic     19   6   1   1
  256 atomic    19   3   2  -2
  257 atomic    19   3   2  -1
  258 atomic    19   3   2   0
  259 atomic    19   3   2   1
  260 atomic    19   3   2   2
  261 atomic    19   4   2  -2
  262 atomic    19   4   2  -1
  263 atomic    19   4   2   0
  264 atomic    19   4   2   1
  265 atomic    19   4   2   2
  266 atomic    19   5   2  -2
  267 atomic    19   5   2  -1
  268 atomic    19   5   2   0
  269 atomic    19   5   2   1
  270 atomic    19   5   2   2
  271 hydro     19   3   2  -2
  272 hydro     19   3   2  -1
  273 hydro     19   3   2   0
  274 hydro     19   3   2   1
  275 hydro     19   3   2   2
  276 atomic    19   4   3  -3
  277 atomic    19   4   3  -2
  278 atomic    19   4   3  -1
  279 atomic    19   4   3   0
  280 atomic    19   4   3   1
  281 atomic    19   4   3   2
  282 atomic    19   4   3   3
  283 hydro     19   4   3  -3
  284 hydro     19   4   3  -2
  285 hydro     19   4   3  -1
  286 hydro     19   4   3   0
  287 hydro     19   4   3   1
  288 hydro     19   4   3   2
  289 hydro     19   4   3   3
  290 hydro     19   5   4  -4
  291 hydro     19   5   4  -3
  292 hydro     19   5   4  -2
  293 hydro     19   5   4  -1
  294 hydro     19   5   4   0
  295 hydro     19   5   4   1
  296 hydro     19   5   4   2
  297 hydro     19   5   4   3
  298 hydro     19   5   4   4
  299 hydro     19   6   5  -5
  300 hydro     19   6   5  -4
  301 hydro     19   6   5  -3
  302 hydro     19   6   5  -2
  303 hydro     19   6   5  -1
  304 hydro     19   6   5   0
  305 hydro     19   6   5   1
  306 hydro     19   6   5   2
  307 hydro     19   6   5   3
  308 hydro     19   6   5   4
  309 hydro     19   6   5   5
  310 atomic    20   1   0   0
  311 atomic    20   2   0   0
  312 atomic    20   3   0   0
  313 atomic    20   4   0   0
  314 atomic    20   5   0   0
  315 ionic     20   6   0   0
  316 atomic    20   6   0   0
  317 atomic    20   2   1  -1
  318 atomic    20   2   1   0
  319 atomic    20   2   1   1
  320 atomic    20   3   1  -1
  321 atomic    20   3   1   0
  322 atomic    20   3   1   1
  323 atomic    20   4   1  -1
  324 atomic    20   4   1   0
  325 atomic    20   4   1   1
  326 atomic    20   5   1  -1
  327 atomic    20   5   1   0
  328 atomic    20   5   1   1
  329 ionic     20   6   1  -1
  330 ionic     20   6   1   0
  331 ionic     20   6   1   1
  332 atomic    20   3   2  -2
  333 atomic    20   3   2  -1
  334 atomic    20   3   2   0
  335 atomic    20   3   2   1
  336 atomic    20   3   2   2
  337 atomic    20   4   2  -2
  338 atomic    20   4   2  -1
  339 atomic    20   4   2   0
  340 atomic    20   4   2   1
  341 atomic    20   4   2   2
  342 atomic    20   5   2  -2
  343 atomic    20   5   2  -1
  344 atomic    20   5   2   0
  345 atomic    20   5   2   1
  346 atomic    20   5   2   2
  347 hydro     20   3   2  -2
  348 hydro     20   3   2  -1
  349 hydro     20   3   2   0
  350 hydro     20   3   2   1
  351 hydro     20   3   2   2
  352 atomic    20   4   3  -3
  353 atomic    20   4   3  -2
  354 atomic    20   4   3  -1
  355 atomic    20   4   3   0
  356 atomic    20   4   3   1
  357 atomic    20   4   3   2
  358 atomic    20   4   3   3
  359 hydro     20   4   3  -3
  360 hydro     20   4   3  -2
  361 hydro     20   4   3  -1
  362 hydro     20   4   3   0
  363 hydro     20   4   3   1
  364 hydro     20   4   3   2
  365 hydro     20   4   3   3
  366 hydro     20   5   4  -4
  367 hydro     20   5   4  -3
  368 hydro     20   5   4  -2
  369 hydro     20   5   4  -1
  370 hydro     20   5   4   0
  371 hydro     20   5   4   1
  372 hydro     20   5   4   2
  373 hydro     20   5   4   3
  374 hydro     20   5   4   4
  375 hydro     20   6   5  -5
  376 hydro     20   6   5  -4
  377 hydro     20   6   5  -3
  378 hydro     20   6   5  -2
  379 hydro     20   6   5  -1
  380 hydro     20   6   5   0
  381 hydro     20   6   5   1
  382 hydro     20   6   5   2
  383 hydro     20   6   5   3
  384 hydro     20   6   5   4
  385 hydro     20   6   5   5
  386 atomic    21   1   0   0
  387 atomic    21   2   0   0
  388 atomic    21   3   0   0
  389 atomic    21   4   0   0
  390 atomic    21   5   0   0
  391 ionic     21   6   0   0
  392 atomic    21   6   0   0
  393 atomic    21   2   1  -1
  394 atomic    21   2   1   0
  395 atomic    21   2   1   1
  396 atomic    21   3   1  -1
  397 atomic    21   3   1   0
  398 atomic    21   3   1   1
  399 atomic    21   4   1  -1
  400 atomic    21   4   1   0
  401 atomic    21   4   1   1
  402 atomic    21   5   1  -1
  403 atomic    21   5   1   0
  404 atomic    21   5   1   1
  405 ionic     21   6   1  -1
  406 ionic     21   6   1   0
  407 ionic     21   6   1   1
  408 atomic    21   3   2  -2
  409 atomic    21   3   2  -1
  410 atomic    21   3   2   0
  411 atomic    21   3   2   1
  412 atomic    21   3   2   2
  413 atomic    21   4   2  -2
  414 atomic    21   4   2  -1
  415 atomic    21   4   2   0
  416 atomic    21   4   2   1
  417 atomic    21   4   2   2
  418 atomic    21   5   2  -2
  419 atomic    21   5   2  -1
  420 atomic    21   5   2   0
  421 atomic    21   5   2   1
  422 atomic    21   5   2   2
  423 hydro     21   3   2  -2
  424 hydro     21   3   2  -1
  425 hydro     21   3   2   0
  426 hydro     21   3   2   1
  427 hydro     21   3   2   2
  428 atomic    21   4   3  -3
  429 atomic    21   4   3  -2
  430 atomic    21   4   3  -1
  431 atomic    21   4   3   0
  432 atomic    21   4   3   1
  433 atomic    21   4   3   2
  434 atomic    21   4   3   3
  435 hydro     21   4   3  -3
  436 hydro     21   4   3  -2
  437 hydro     21   4   3  -1
  438 hydro     21   4   3   0
  439 hydro     21   4   3   1
  440 hydro     21   4   3   2
  441 hydro     21   4   3   3
  442 hydro     21   5   4  -4
  443 hydro     21   5   4  -3
  444 hydro     21   5   4  -2
  445 hydro     21   5   4  -1
  446 hydro     21   5   4   0
  447 hydro     21   5   4   1
  448 hydro     21   5   4   2
  449 hydro     21   5   4   3
  450 hydro     21   5   4   4
  451 hydro     21   6   5  -5
  452 hydro     21   6   5  -4
  453 hydro     21   6   5  -3
  454 hydro     21   6   5  -2
  455 hydro     21   6   5  -1
  456 hydro     21   6   5   0
  457 hydro     21   6   5   1
  458 hydro     21   6   5   2
  459 hydro     21   6   5   3
  460 hydro     21   6   5   4
  461 hydro     21   6   5   5
  462 atomic    22   1   0   0
  463 atomic    22   2   0   0
  464 atomic    22   3   0   0
  465 atomic    22   4   0   0
  466 atomic    22   5   0   0
  467 ionic     22   6   0   0
  468 atomic    22   6   0   0
  469 atomic    22   2   1  -1
  470 atomic    22   2   1   0
  471 atomic    22   2   1   1
  472 atomic    22   3   1  -1
  473 atomic    22   3   1   0
  474 atomic    22   3   1   1
  475 atomic    22   4   1  -1
  476 atomic    22   4   1   0
  477 atomic    22   4   1   1
  478 atomic    22   5   1  -1
  479 atomic    22   5   1   0
  480 atomic    22   5   1   1
  481 ionic     22   6   1  -1
  482 ionic     22   6   1   0
  483 ionic     22   6   1   1
  484 atomic    22   3   2  -2
  485 atomic    22   3   2  -1
  486 atomic    22   3   2   0
  487 atomic    22   3   2   1
  488 atomic    22   3   2   2
  489 atomic    22   4   2  -2
  490 atomic    22   4   2  -1
  491 atomic    22   4   2   0
  492 atomic    22   4   2   1
  493 atomic    22   4   2   2
  494 atomic    22   5   2  -2
  495 atomic    22   5   2  -1
  496 atomic    22   5   2   0
  497 atomic    22   5   2   1
  498 atomic    22   5   2   2
  499 hydro     22   3   2  -2
  500 hydro     22   3   2  -1
  501 hydro     22   3   2   0
  502 hydro     22   3   2   1
  503 hydro     22   3   2   2
  504 atomic    22   4   3  -3
  505 atomic    22   4   3  -2
  506 atomic    22   4   3  -1
  507 atomic    22   4   3   0
  508 atomic    22   4   3   1
  509 atomic    22   4   3   2
  510 atomic    22   4   3   3
  511 hydro     22   4   3  -3
  512 hydro     22   4   3  -2
  513 hydro     22   4   3  -1
  514 hydro     22   4   3   0
  515 hydro     22   4   3   1
  516 hydro     22   4   3   2
  517 hydro     22   4   3   3
  518 hydro     22   5   4  -4
  519 hydro     22   5   4  -3
  520 hydro     22   5   4  -2
  521 hydro     22   5   4  -1
  522 hydro     22   5   4   0
  523 hydro     22   5   4   1
  524 hydro     22   5   4   2
  525 hydro     22   5   4   3
  526 hydro     22   5   4   4
  527 hydro     22   6   5  -5
  528 hydro     22   6   5  -4
  529 hydro     22   6   5  -3
  530 hydro     22   6   5  -2
  531 hydro     22   6   5  -1
  532 hydro     22   6   5   0
  533 hydro     22   6   5   1
  534 hydro     22   6   5   2
  535 hydro     22   6   5   3
  536 hydro     22   6   5   4
  537 hydro     22   6   5   5
  538 atomic    23   1   0   0
  539 atomic    23   2   0   0
  540 atomic    23   3   0   0
  541 atomic    23   4   0   0
  542 atomic    23   5   0   0
  543 ionic     23   6   0   0
  544 atomic    23   6   0   0
  545 atomic    23   2   1  -1
  546 atomic    23   2   1   0
  547 atomic    23   2   1   1
  548 atomic    23   3   1  -1
  549 atomic    23   3   1   0
  550 atomic    23   3   1   1
  551 atomic    23   4   1  -1
  552 atomic    23   4   1   0
  553 atomic    23   4   1   1
  554 atomic    23   5   1  -1
  555 atomic    23   5   1   0
  556 atomic    23   5   1   1
  557 ionic     23   6   1  -1
  558 ionic     23   6   1   0
  559 ionic     23   6   1   1
  560 atomic    23   3   2  -2
  561 atomic    23   3   2  -1
  562 atomic    23   3   2   0
  563 atomic    23   3   2   1
  564 atomic    23   3   2   2
  565 atomic    23   4   2  -2
  566 atomic    23   4   2  -1
  567 atomic    23   4   2   0
  568 atomic    23   4   2   1
  569 atomic    23   4   2   2
  570 atomic    23   5   2  -2
  571 atomic    23   5   2  -1
  572 atomic    23   5   2   0
  573 atomic    23   5   2   1
  574 atomic    23   5   2   2
  575 hydro     23   3   2  -2
  576 hydro     23   3   2  -1
  577 hydro     23   3   2   0
  578 hydro     23   3   2   1
  579 hydro     23   3   2   2
  580 atomic    23   4   3  -3
  581 atomic    23   4   3  -2
  582 atomic    23   4   3  -1
  583 atomic    23   4   3   0
  584 atomic    23   4   3   1
  585 atomic    23   4   3   2
  586 atomic    23   4   3   3
  587 hydro     23   4   3  -3
  588 hydro     23   4   3  -2
  589 hydro     23   4   3  -1
  590 hydro     23   4   3   0
  591 hydro     23   4   3   1
  592 hydro     23   4   3   2
  593 hydro     23   4   3   3
  594 hydro     23   5   4  -4
  595 hydro     23   5   4  -3
  596 hydro     23   5   4  -2
  597 hydro     23   5   4  -1
  598 hydro     23   5   4   0
  599 hydro     23   5   4   1
  600 hydro     23   5   4   2
  601 hydro     23   5   4   3
  602 hydro     23   5   4   4
  603 hydro     23   6   5  -5
  604 hydro     23   6   5  -4
  605 hydro     23   6   5  -3
  606 hydro     23   6   5  -2
  607 hydro     23   6   5  -1
  608 hydro     23   6   5   0
  609 hydro     23   6   5   1
  610 hydro     23   6   5   2
  611 hydro     23   6   5   3
  612 hydro     23   6   5   4
  613 hydro     23   6   5   5
  614 atomic    24   1   0   0
  615 atomic    24   2   0   0
  616 atomic    24   3   0   0
  617 atomic    24   4   0   0
  618 atomic    24   5   0   0
  619 ionic     24   6   0   0
  620 atomic    24   6   0   0
  621 atomic    24   2   1  -1
  622 atomic    24   2   1   0
  623 atomic    24   2   1   1
  624 atomic    24   3   1  -1
  625 atomic    24   3   1   0
  626 atomic    24   3   1   1
  627 atomic    24   4   1  -1
  628 atomic    24   4   1   0
  629 atomic    24   4   1   1
  630 atomic    24   5   1  -1
  631 atomic    24   5   1   0
  632 atomic    24   5   1   1
  633 ionic     24   6   1  -1
  634 ionic     24   6   1   0
  635 ionic     24   6   1   1
  636 atomic    24   3   2  -2
  637 atomic    24   3   2  -1
  638 atomic    24   3   2   0
  639 atomic    24   3   2   1
  640 atomic    24   3   2   2
  641 atomic    24   4   2  -2
  642 atomic    24   4   2  -1
  643 atomic    24   4   2   0
  644 atomic    24   4   2   1
  645 atomic    24   4   2   2
  646 atomic    24   5   2  -2
  647 atomic    24   5   2  -1
  648 atomic    24   5   2   0
  649 atomic    24   5   2   1
  650 atomic    24   5   2   2
  651 hydro     24   3   2  -2
  652 hydro     24   3   2  -1
  653 hydro     24   3   2   0
  654 hydro     24   3   2   1
  655 hydro     24   3   2   2
  656 atomic    24   4   3  -3
  657 atomic    24   4   3  -2
  658 atomic    24   4   3  -1
  659 atomic    24   4   3   0
  660 atomic    24   4   3   1
  661 atomic    24   4   3   2
  662 atomic    24   4   3   3
  663 hydro     24   4   3  -3
  664 hydro     24   4   3  -2
  665 hydro     24   4   3  -1
  666 hydro     24   4   3   0
  667 hydro     24   4   3   1
  668 hydro     24   4   3   2
  669 hydro     24   4   3   3
  670 hydro     24   5   4  -4
  671 hydro     24   5   4  -3
  672 hydro     24   5   4  -2
  673 hydro     24   5   4  -1
  674 hydro     24   5   4   0
  675 hydro     24   5   4   1
  676 hydro     24   5   4   2
  677 hydro     24   5   4   3
  678 hydro     24   5   4   4
  679 hydro     24   6   5  -5
  680 hydro     24   6   5  -4
  681 hydro     24   6   5  -3
  682 hydro     24   6   5  -2
  683 hydro     24   6   5  -1
  684 hydro     24   6   5   0
  685 hydro     24   6   5   1
  686 hydro     24   6   5   2
  687 hydro     24   6   5   3
  688 hydro     24   6   5   4
  689 hydro     24   6   5   5
  690 atomic    25   1   0   0
  691 atomic    25   2   0   0
  692 atomic    25   3   0   0
  693 atomic    25   4   0   0
  694 atomic    25   5   0   0
  695 ionic     25   6   0   0
  696 atomic    25   6   0   0
  697 atomic    25   2   1  -1
  698 atomic    25   2   1   0
  699 atomic    25   2   1   1
  700 atomic    25   3   1  -1
  701 atomic    25   3   1   0
  702 atomic    25   3   1   1
  703 atomic    25   4   1  -1
  704 atomic    25   4   1   0
  705 atomic    25   4   1   1
  706 atomic    25   5   1  -1
  707 atomic    25   5   1   0
  708 atomic    25   5   1   1
  709 ionic     25   6   1  -1
  710 ionic     25   6   1   0
  711 ionic     25   6   1   1
  712 atomic    25   3   2  -2
  713 atomic    25   3   2  -1
  714 atomic    25   3   2   0
  715 atomic    25   3   2   1
  716 atomic    25   3   2   2
  717 atomic    25   4   2  -2
  718 atomic    25   4   2  -1
  719 atomic    25   4   2   0
  720 atomic    25   4   2   1
  721 atomic    25   4   2   2
  722 atomic    25   5   2  -2
  723 atomic    25   5   2  -1
  724 atomic    25   5   2   0
  725 atomic    25   5   2   1
  726 atomic    25   5   2   2
  727 hydro     25   3   2  -2
  728 hydro     25   3   2  -1
  729 hydro     25   3   2   0
  730 hydro     25   3   2   1
  731 hydro     25   3   2   2
  732 atomic    25   4   3  -3
  733 atomic    25   4   3  -2
  734 atomic    25   4   3  -1
  735 atomic    25   4   3   0
  736 atomic    25   4   3   1
  737 atomic    25   4   3   2
  738 atomic    25   4   3   3
  739 hydro     25   4   3  -3
  740 hydro     25   4   3  -2
  741 hydro     25   4   3  -1
  742 hydro     25   4   3   0
  743 hydro     25   4   3   1
  744 hydro     25   4   3   2
  745 hydro     25   4   3   3
  746 hydro     25   5   4  -4
  747 hydro     25   5   4  -3
  748 hydro     25   5   4  -2
  749 hydro     25   5   4  -1
  750 hydro     25   5   4   0
  751 hydro     25   5   4   1
  752 hydro     25   5   4   2
  753 hydro     25   5   4   3
  754 hydro     25   5   4   4
  755 hydro     25   6   5  -5
  756 hydro     25   6   5  -4
  757 hydro     25   6   5  -3
  758 hydro     25   6   5  -2
  759 hydro     25   6   5  -1
  760 hydro     25   6   5   0
  761 hydro     25   6   5   1
  762 hydro     25   6   5   2
  763 hydro     25   6   5   3
  764 hydro     25   6   5   4
  765 hydro     25   6   5   5
  766 atomic    26   1   0   0
  767 atomic    26   2   0   0
  768 atomic    26   3   0   0
  769 atomic    26   4   0   0
  770 atomic    26   5   0   0
  771 ionic     26   6   0   0
  772 atomic    26   6   0   0
  773 atomic    26   2   1  -1
  774 atomic    26   2   1   0
  775 atomic    26   2   1   1
  776 atomic    26   3   1  -1
  777 atomic    26   3   1   0
  778 atomic    26   3   1   1
  779 atomic    26   4   1  -1
  780 atomic    26   4   1   0
  781 atomic    26   4   1   1
  782 atomic    26   5   1  -1
  783 atomic    26   5   1   0
  784 atomic    26   5   1   1
  785 ionic     26   6   1  -1
  786 ionic     26   6   1   0
  787 ionic     26   6   1   1
  788 atomic    26   3   2  -2
  789 atomic    26   3   2  -1
  790 atomic    26   3   2   0
  791 atomic    26   3   2   1
  792 atomic    26   3   2   2
  793 atomic    26   4   2  -2
  794 atomic    26   4   2  -1
  795 atomic    26   4   2   0
  796 atomic    26   4   2   1
  797 atomic    26   4   2   2
  798 atomic    26   5   2  -2
  799 atomic    26   5   2  -1
  800 atomic    26   5   2   0
  801 atomic    26   5   2   1
  802 atomic    26   5   2   2
  803 hydro     26   3   2  -2
  804 hydro     26   3   2  -1
  805 hydro     26   3   2   0
  806 hydro     26   3   2   1
  807 hydro     26   3   2   2
  808 atomic    26   4   3  -3
  809 atomic    26   4   3  -2
  810 atomic    26   4   3  -1
  811 atomic    26   4   3   0
  812 atomic    26   4   3   1
  813 atomic    26   4   3   2
  814 atomic    26   4   3   3
  815 hydro     26   4   3  -3
  816 hydro     26   4   3  -2
  817 hydro     26   4   3  -1
  818 hydro     26   4   3   0
  819 hydro     26   4   3   1
  820 hydro     26   4   3   2
  821 hydro     26   4   3   3
  822 hydro     26   5   4  -4
  823 hydro     26   5   4  -3
  824 hydro     26   5   4  -2
  825 hydro     26   5   4  -1
  826 hydro     26   5   4   0
  827 hydro     26   5   4   1
  828 hydro     26   5   4   2
  829 hydro     26   5   4   3
  830 hydro     26   5   4   4
  831 hydro     26   6   5  -5
  832 hydro     26   6   5  -4
  833 hydro     26   6   5  -3
  834 hydro     26   6   5  -2
  835 hydro     26   6   5  -1
  836 hydro     26   6   5   0
  837 hydro     26   6   5   1
  838 hydro     26   6   5   2
  839 hydro     26   6   5   3
  840 hydro     26   6   5   4
  841 hydro     26   6   5   5
  842 atomic    27   1   0   0
  843 atomic    27   2   0   0
  844 atomic    27   3   0   0
  845 atomic    27   4   0   0
  846 atomic    27   5   0   0
  847 ionic     27   6   0   0
  848 atomic    27   6   0   0
  849 atomic    27   2   1  -1
  850 atomic    27   2   1   0
  851 atomic    27   2   1   1
  852 atomic    27   3   1  -1
  853 atomic    27   3   1   0
  854 atomic    27   3   1   1
  855 atomic    27   4   1  -1
  856 atomic    27   4   1   0
  857 atomic    27   4   1   1
  858 atomic    27   5   1  -1
  859 atomic    27   5   1   0
  860 atomic    27   5   1   1
  861 ionic     27   6   1  -1
  862 ionic     27   6   1   0
  863 ionic     27   6   1   1
  864 atomic    27   3   2  -2
  865 atomic    27   3   2  -1
  866 atomic    27   3   2   0
  867 atomic    27   3   2   1
  868 atomic    27   3   2   2
  869 atomic    27   4   2  -2
  870 atomic    27   4   2  -1
  871 atomic    27   4   2   0
  872 atomic    27   4   2   1
  873 atomic    27   4   2   2
  874 atomic    27   5   2  -2
  875 atomic    27   5   2  -1
  876 atomic    27   5   2   0
  877 atomic    27   5   2   1
  878 atomic    27   5   2   2
  879 hydro     27   3   2  -2
  880 hydro     27   3   2  -1
  881 hydro     27   3   2   0
  882 hydro     27   3   2   1
  883 hydro     27   3   2   2
  884 atomic    27   4   3  -3
  885 atomic    27   4   3  -2
  886 atomic    27   4   3  -1
  887 atomic    27   4   3   0
  888 atomic    27   4   3   1
  889 atomic    27   4   3   2
  890 atomic    27   4   3   3
  891 hydro     27   4   3  -3
  892 hydro     27   4   3  -2
  893 hydro     27   4   3  -1
  894 hydro     27   4   3   0
  895 hydro     27   4   3   1
  896 hydro     27   4   3   2
  897 hydro     27   4   3   3
  898 hydro     27   5   4  -4
  899 hydro     27   5   4  -3
  900 hydro     27   5   4  -2
  901 hydro     27   5   4  -1
  902 hydro     27   5   4   0
  903 hydro     27   5   4   1
  904 hydro     27   5   4   2
  905 hydro     27   5   4   3
  906 hydro     27   5   4   4
  907 hydro     27   6   5  -5
  908 hydro     27   6   5  -4
  909 hydro     27   6   5  -3
  910 hydro     27   6   5  -2
  911 hydro     27   6   5  -1
  912 hydro     27   6   5   0
  913 hydro     27   6   5   1
  914 hydro     27   6   5   2
  915 hydro     27   6   5   3
  916 hydro     27   6   5   4
  917 hydro     27   6   5   5
  918 atomic    28   1   0   0
  919 atomic    28   2   0   0
  920 atomic    28   3   0   0
  921 atomic    28   4   0   0
  922 atomic    28   5   0   0
  923 ionic     28   6   0   0
  924 atomic    28   6   0   0
  925 atomic    28   2   1  -1
  926 atomic    28   2   1   0
  927 atomic    28   2   1   1
  928 atomic    28   3   1  -1
  929 atomic    28   3   1   0
  930 atomic    28   3   1   1
  931 atomic    28   4   1  -1
  932 atomic    28   4   1   0
  933 atomic    28   4   1   1
  934 atomic    28   5   1  -1
  935 atomic    28   5   1   0
  936 atomic    28   5   1   1
  937 ionic     28   6   1  -1
  938 ionic     28   6   1   0
  939 ionic     28   6   1   1
  940 atomic    28   3   2  -2
  941 atomic    28   3   2  -1
  942 atomic    28   3   2   0
  943 atomic    28   3   2   1
  944 atomic    28   3   2   2
  945 atomic    28   4   2  -2
  946 atomic    28   4   2  -1
  947 atomic    28   4   2   0
  948 atomic    28   4   2   1
  949 atomic    28   4   2   2
  950 atomic    28   5   2  -2
  951 atomic    28   5   2  -1
  952 atomic    28   5   2   0
  953 atomic    28   5   2   1
  954 atomic    28   5   2   2
  955 hydro     28   3   2  -2
  956 hydro     28   3   2  -1
  957 hydro     28   3   2   0
  958 hydro     28   3   2   1
  959 hydro     28   3   2   2
  960 atomic    28   4   3  -3
  961 atomic    28   4   3  -2
  962 atomic    28   4   3  -1
  963 atomic    28   4   3   0
  964 atomic    28   4   3   1
  965 atomic    28   4   3   2
  966 atomic    28   4   3   3
  967 hydro     28   4   3  -3
  968 hydro     28   4   3  -2
  969 hydro     28   4   3  -1
  970 hydro     28   4   3   0
  971 hydro     28   4   3   1
  972 hydro     28   4   3   2
  973 hydro     28   4   3   3
  974 hydro     28   5   4  -4
  975 hydro     28   5   4  -3
  976 hydro     28   5   4  -2
  977 hydro     28   5   4  -1
  978 hydro     28   5   4   0
  979 hydro     28   5   4   1
  980 hydro     28   5   4   2
  981 hydro     28   5   4   3
  982 hydro     28   5   4   4
  983 hydro     28   6   5  -5
  984 hydro     28   6   5  -4
  985 hydro     28   6   5  -3
  986 hydro     28   6   5  -2
  987 hydro     28   6   5  -1
  988 hydro     28   6   5   0
  989 hydro     28   6   5   1
  990 hydro     28   6   5   2
  991 hydro     28   6   5   3
  992 hydro     28   6   5   4
  993 hydro     28   6   5   5
  994 atomic    29   1   0   0
  995 atomic    29   2   0   0
  996 atomic    29   3   0   0
  997 atomic    29   4   0   0
  998 atomic    29   5   0   0
  999 ionic     29   6   0   0
 1000 atomic    29   6   0   0
 1001 atomic    29   2   1  -1
 1002 atomic    29   2   1   0
 1003 atomic    29   2   1   1
 1004 atomic    29   3   1  -1
 1005 atomic    29   3   1   0
 1006 atomic    29   3   1   1
 1007 atomic    29   4   1  -1
 1008 atomic    29   4   1   0
 1009 atomic    29   4   1   1
 1010 atomic    29   5   1  -1
 1011 atomic    29   5   1   0
 1012 atomic    29   5   1   1
 1013 ionic     29   6   1  -1
 1014 ionic     29   6   1   0
 1015 ionic     29   6   1   1
 1016 atomic    29   3   2  -2
 1017 atomic    29   3   2  -1
 1018 atomic    29   3   2   0
 1019 atomic    29   3   2   1
 1020 atomic    29   3   2   2
 1021 atomic    29   4   2  -2
 1022 atomic    29   4   2  -1
 1023 atomic    29   4   2   0
 1024 atomic    29   4   2   1
 1025 atomic    29   4   2   2
 1026 atomic    29   5   2  -2
 1027 atomic    29   5   2  -1
 1028 atomic    29   5   2   0
 1029 atomic    29   5   2   1
 1030 atomic    29   5   2   2
 1031 hydro     29   3   2  -2
 1032 hydro     29   3   2  -1
 1033 hydro     29   3   2   0
 1034 hydro     29   3   2   1
 1035 hydro     29   3   2   2
 1036 atomic    29   4   3  -3
 1037 atomic    29   4   3  -2
 1038 atomic    29   4   3  -1
 1039 atomic    29   4   3   0
 1040 atomic    29   4   3   1
 1041 atomic    29   4   3   2
 1042 atomic    29   4   3   3
 1043 hydro     29   4   3  -3
 1044 hydro     29   4   3  -2
 1045 hydro     29   4   3  -1
 1046 hydro     29   4   3   0
 1047 hydro     29   4   3   1
 1048 hydro     29   4   3   2
 1049 hydro     29   4   3   3
 1050 hydro     29   5   4  -4
 1051 hydro     29   5   4  -3
 1052 hydro     29   5   4  -2
 1053 hydro     29   5   4  -1
 1054 hydro     29   5   4   0
 1055 hydro     29   5   4   1
 1056 hydro     29   5   4   2
 1057 hydro     29   5   4   3
 1058 hydro     29   5   4   4
 1059 hydro     29   6   5  -5
 1060 hydro     29   6   5  -4
 1061 hydro     29   6   5  -3
 1062 hydro     29   6   5  -2
 1063 hydro     29   6   5  -1
 1064 hydro     29   6   5   0
 1065 hydro     29   6   5   1
 1066 hydro     29   6   5   2
 1067 hydro     29   6   5   3
 1068 hydro     29   6   5   4
 1069 hydro     29   6   5   5
 1070 atomic    30   1   0   0
 1071 atomic    30   2   0   0
 1072 atomic    30   3   0   0
 1073 atomic    30   4   0   0
 1074 atomic    30   5   0   0
 1075 ionic     30   6   0   0
 1076 atomic    30   6   0   0
 1077 atomic    30   2   1  -1
 1078 atomic    30   2   1   0
 1079 atomic    30   2   1   1
 1080 atomic    30   3   1  -1
 1081 atomic    30   3   1   0
 1082 atomic    30   3   1   1
 1083 atomic    30   4   1  -1
 1084 atomic    30   4   1   0
 1085 atomic    30   4   1   1
 1086 atomic    30   5   1  -1
 1087 atomic    30   5   1   0
 1088 atomic    30   5   1   1
 1089 ionic     30   6   1  -1
 1090 ionic     30   6   1   0
 1091 ionic     30   6   1   1
 1092 atomic    30   3   2  -2
 1093 atomic    30   3   2  -1
 1094 atomic    30   3   2   0
 1095 atomic    30   3   2   1
 1096 atomic    30   3   2   2
 1097 atomic    30   4   2  -2
 1098 atomic    30   4   2  -1
 1099 atomic    30   4   2   0
 1100 atomic    30   4   2   1
 1101 atomic    30   4   2   2
 1102 atomic    30   5   2  -2
 1103 atomic    30   5   2  -1
 1104 atomic    30   5   2   0
 1105 atomic    30   5   2   1
 1106 atomic    30   5   2   2
 1107 hydro     30   3   2  -2
 1108 hydro     30   3   2  -1
 1109 hydro     30   3   2   0
 1110 hydro     30   3   2   1
 1111 hydro     30   3   2   2
 1112 atomic    30   4   3  -3
 1113 atomic    30   4   3  -2
 1114 atomic    30   4   3  -1
 1115 atomic    30   4   3   0
 1116 atomic    30   4   3   1
 1117 atomic    30   4   3   2
 1118 atomic    30   4   3   3
 1119 hydro     30   4   3  -3
 1120 hydro     30   4   3  -2
 1121 hydro     30   4   3  -1
 1122 hydro     30   4   3   0
 1123 hydro     30   4   3   1
 1124 hydro     30   4   3   2
 1125 hydro     30   4   3   3
 1126 hydro     30   5   4  -4
 1127 hydro     30   5   4  -3
 1128 hydro     30   5   4  -2
 1129 hydro     30   5   4  -1
 1130 hydro     30   5   4   0
 1131 hydro     30   5   4   1
 1132 hydro     30   5   4   2
 1133 hydro     30   5   4   3
 1134 hydro     30   5   4   4
 1135 hydro     30   6   5  -5
 1136 hydro     30   6   5  -4
 1137 hydro     30   6   5  -3
 1138 hydro     30   6   5  -2
 1139 hydro     30   6   5  -1
 1140 hydro     30   6   5   0
 1141 hydro     30   6   5   1
 1142 hydro     30   6   5   2
 1143 hydro     30   6   5   3
 1144 hydro     30   6   5   4
 1145 hydro     30   6   5   5
 1146 atomic    31   1   0   0
 1147 atomic    31   2   0   0
 1148 atomic    31   3   0   0
 1149 atomic    31   4   0   0
 1150 atomic    31   5   0   0
 1151 ionic     31   6   0   0
 1152 atomic    31   6   0   0
 1153 atomic    31   2   1  -1
 1154 atomic    31   2   1   0
 1155 atomic    31   2   1   1
 1156 atomic    31   3   1  -1
 1157 atomic    31   3   1   0
 1158 atomic    31   3   1   1
 1159 atomic    31   4   1  -1
 1160 atomic    31   4   1   0
 1161 atomic    31   4   1   1
 1162 atomic    31   5   1  -1
 1163 atomic    31   5   1   0
 1164 atomic    31   5   1   1
 1165 ionic     31   6   1  -1
 1166 ionic     31   6   1   0
 1167 ionic     31   6   1   1
 1168 atomic    31   3   2  -2
 1169 atomic    31   3   2  -1
 1170 atomic    31   3   2   0
 1171 atomic    31   3   2   1
 1172 atomic    31   3   2   2
 1173 atomic    31   4   2  -2
 1174 atomic    31   4   2  -1
 1175 atomic    31   4   2   0
 1176 atomic    31   4   2   1
 1177 atomic    31   4   2   2
 1178 atomic    31   5   2  -2
 1179 atomic    31   5   2  -1
 1180 atomic    31   5   2   0
 1181 atomic    31   5   2   1
 1182 atomic    31   5   2   2
 1183 hydro     31   3   2  -2
 1184 hydro     31   3   2  -1
 1185 hydro     31   3   2   0
 1186 hydro     31   3   2   1
 1187 hydro     31   3   2   2
 1188 atomic    31   4   3  -3
 1189 atomic    31   4   3  -2
 1190 atomic    31   4   3  -1
 1191 atomic    31   4   3   0
 1192 atomic    31   4   3   1
 1193 atomic    31   4   3   2
 1194 atomic    31   4   3   3
 1195 hydro     31   4   3  -3
 1196 hydro     31   4   3  -2
 1197 hydro     31   4   3  -1
 1198 hydro     31   4   3   0
 1199 hydro     31   4   3   1
 1200 hydro     31   4   3   2
 1201 hydro     31   4   3   3
 1202 hydro     31   5   4  -4
 1203 hydro     31   5   4  -3
 1204 hydro     31   5   4  -2
 1205 hydro     31   5   4  -1
 1206 hydro     31   5   4   0
 1207 hydro     31   5   4   1
 1208 hydro     31   5   4   2
 1209 hydro     31   5   4   3
 1210 hydro     31   5   4   4
 1211 hydro     31   6   5  -5
 1212 hydro     31   6   5  -4
 1213 hydro     31   6   5  -3
 1214 hydro     31   6   5  -2
 1215 hydro     31   6   5  -1
 1216 hydro     31   6   5   0
 1217 hydro     31   6   5   1
 1218 hydro     31   6   5   2
 1219 hydro     31   6   5   3
 1220 hydro     31   6   5   4
 1221 hydro     31   6   5   5
 1222 atomic    32   1   0   0
 1223 atomic    32   2   0   0
 1224 atomic    32   3   0   0
 1225 atomic    32   4   0   0
 1226 atomic    32   5   0   0
 1227 ionic     32   6   0   0
 1228 atomic    32   6   0   0
 1229 atomic    32   2   1  -1
 1230 atomic    32   2   1   0
 1231 atomic    32   2   1   1
 1232 atomic    32   3   1  -1
 1233 atomic    32   3   1   0
 1234 atomic    32   3   1   1
 1235 atomic    32   4   1  -1
 1236 atomic    32   4   1   0
 1237 atomic    32   4   1   1
 1238 atomic    32   5   1  -1
 1239 atomic    32   5   1   0
 1240 atomic    32   5   1   1
 1241 ionic     32   6   1  -1
 1242 ionic     32   6   1   0
 1243 ionic     32   6   1   1
 1244 atomic    32   3   2  -2
 1245 atomic    32   3   2  -1
 1246 atomic    32   3   2   0
 1247 atomic    32   3   2   1
 1248 atomic    32   3   2   2
 1249 atomic    32   4   2  -2
 1250 atomic    32   4   2  -1
 1251 atomic    32   4   2   0
 1252 atomic    32   4   2   1
 1253 atomic    32   4   2   2
 1254 atomic    32   5   2  -2
 1255 atomic    32   5   2  -1
 1256 atomic    32   5   2   0
 1257 atomic    32   5   2   1
 1258 atomic    32   5   2   2
 1259 hydro     32   3   2  -2
 1260 hydro     32   3   2  -1
 1261 hydro     32   3   2   0
 1262 hydro     32   3   2   1
 1263 hydro     32   3   2   2
 1264 atomic    32   4   3  -3
 1265 atomic    32   4   3  -2
 1266 atomic    32   4   3  -1
 1267 atomic    32   4   3   0
 1268 atomic    32   4   3   1
 1269 atomic    32   4   3   2
 1270 atomic    32   4   3   3
 1271 hydro     32   4   3  -3
 1272 hydro     32   4   3  -2
 1273 hydro     32   4   3  -1
 1274 hydro     32   4   3   0
 1275 hydro     32   4   3   1
 1276 hydro     32   4   3   2
 1277 hydro     32   4   3   3
 1278 hydro     32   5   4  -4
 1279 hydro     32   5   4  -3
 1280 hydro     32   5   4  -2
 1281 hydro     32   5   4  -1
 1282 hydro     32   5   4   0
 1283 hydro     32   5   4   1
 1284 hydro     32   5   4   2
 1285 hydro     32   5   4   3
 1286 hydro     32   5   4   4
 1287 hydro     32   6   5  -5
 1288 hydro     32   6   5  -4
 1289 hydro     32   6   5  -3
 1290 hydro     32   6   5  -2
 1291 hydro     32   6   5  -1
 1292 hydro     32   6   5   0
 1293 hydro     32   6   5   1
 1294 hydro     32   6   5   2
 1295 hydro     32   6   5   3
 1296 hydro     32   6   5   4
 1297 hydro     32   6   5   5
 1298 atomic    33   1   0   0
 1299 atomic    33   2   0   0
 1300 atomic    33   3   0   0
 1301 atomic    33   4   0   0
 1302 atomic    33   5   0   0
 1303 ionic     33   6   0   0
 1304 atomic    33   6   0   0
 1305 atomic    33   2   1  -1
 1306 atomic    33   2   1   0
 1307 atomic    33   2   1   1
 1308 atomic    33   3   1  -1
 1309 atomic    33   3   1   0
 1310 atomic    33   3   1   1
 1311 atomic    33   4   1  -1
 1312 atomic    33   4   1   0
 1313 atomic    33   4   1   1
 1314 atomic    33   5   1  -1
 1315 atomic    33   5   1   0
 1316 atomic    33   5   1   1
 1317 ionic     33   6   1  -1
 1318 ionic     33   6   1   0
 1319 ionic     33   6   1   1
 1320 atomic    33   3   2  -2
 1321 atomic    33   3   2  -1
 1322 atomic    33   3   2   0
 1323 atomic    33   3   2   1
 1324 atomic    33   3   2   2
 1325 atomic    33   4   2  -2
 1326 atomic    33   4   2  -1
 1327 atomic    33   4   2   0
 1328 atomic    33   4   2   1
 1329 atomic    33   4   2   2
 1330 atomic    33   5   2  -2
 1331 atomic    33   5   2  -1
 1332 atomic    33   5   2   0
 1333 atomic    33   5   2   1
 1334 atomic    33   5   2   2
 1335 hydro     33   3   2  -2
 1336 hydro     33   3   2  -1
 1337 hydro     33   3   2   0
 1338 hydro     33   3   2   1
 1339 hydro     33   3   2   2
 1340 atomic    33   4   3  -3
 1341 atomic    33   4   3  -2
 1342 atomic    33   4   3  -1
 1343 atomic    33   4   3   0
 1344 atomic    33   4   3   1
 1345 atomic    33   4   3   2
 1346 atomic    33   4   3   3
 1347 hydro     33   4   3  -3
 1348 hydro     33   4   3  -2
 1349 hydro     33   4   3  -1
 1350 hydro     33   4   3   0
 1351 hydro     33   4   3   1
 1352 hydro     33   4   3   2
 1353 hydro     33   4   3   3
 1354 hydro     33   5   4  -4
 1355 hydro     33   5   4  -3
 1356 hydro     33   5   4  -2
 1357 hydro     33   5   4  -1
 1358 hydro     33   5   4   0
 1359 hydro     33   5   4   1
 1360 hydro     33   5   4   2
 1361 hydro     33   5   4   3
 1362 hydro     33   5   4   4
 1363 hydro     33   6   5  -5
 1364 hydro     33   6   5  -4
 1365 hydro     33   6   5  -3
 1366 hydro     33   6   5  -2
 1367 hydro     33   6   5  -1
 1368 hydro     33   6   5   0
 1369 hydro     33   6   5   1
 1370 hydro     33   6   5   2
 1371 hydro     33   6   5   3
 1372 hydro     33   6   5   4
 1373 hydro     33   6   5   5
 1374 atomic    34   1   0   0
 1375 atomic    34   2   0   0
 1376 atomic    34   3   0   0
 1377 atomic    34   4   0   0
 1378 atomic    34   5   0   0
 1379 ionic     34   6   0   0
 1380 atomic    34   6   0   0
 1381 atomic    34   2   1  -1
 1382 atomic    34   2   1   0
 1383 atomic    34   2   1   1
 1384 atomic    34   3   1  -1
 1385 atomic    34   3   1   0
 1386 atomic    34   3   1   1
 1387 atomic    34   4   1  -1
 1388 atomic    34   4   1   0
 1389 atomic    34   4   1   1
 1390 atomic    34   5   1  -1
 1391 atomic    34   5   1   0
 1392 atomic    34   5   1   1
 1393 ionic     34   6   1  -1
 1394 ionic     34   6   1   0
 1395 ionic     34   6   1   1
 1396 atomic    34   3   2  -2
 1397 atomic    34   3   2  -1
 1398 atomic    34   3   2   0
 1399 atomic    34   3   2   1
 1400 atomic    34   3   2   2
 1401 atomic    34   4   2  -2
 1402 atomic    34   4   2  -1
 1403 atomic    34   4   2   0
 1404 atomic    34   4   2   1
 1405 atomic    34   4   2   2
 1406 atomic    34   5   2  -2
 1407 atomic    34   5   2  -1
 1408 atomic    34   5   2   0
 1409 atomic    34   5   2   1
 1410 atomic    34   5   2   2
 1411 hydro     34   3   2  -2
 1412 hydro     34   3   2  -1
 1413 hydro     34   3   2   0
 1414 hydro     34   3   2   1
 1415 hydro     34   3   2   2
 1416 atomic    34   4   3  -3
 1417 atomic    34   4   3  -2
 1418 atomic    34   4   3  -1
 1419 atomic    34   4   3   0
 1420 atomic    34   4   3   1
 1421 atomic    34   4   3   2
 1422 atomic    34   4   3   3
 1423 hydro     34   4   3  -3
 1424 hydro     34   4   3  -2
 1425 hydro     34   4   3  -1
 1426 hydro     34   4   3   0
 1427 hydro     34   4   3   1
 1428 hydro     34   4   3   2
 1429 hydro     34   4   3   3
 1430 hydro     34   5   4  -4
 1431 hydro     34   5   4  -3
 1432 hydro     34   5   4  -2
 1433 hydro     34   5   4  -1
 1434 hydro     34   5   4   0
 1435 hydro     34   5   4   1
 1436 hydro     34   5   4   2
 1437 hydro     34   5   4   3
 1438 hydro     34   5   4   4
 1439 hydro     34   6   5  -5
 1440 hydro     34   6   5  -4
 1441 hydro     34   6   5  -3
 1442 hydro     34   6   5  -2
 1443 hydro     34   6   5  -1
 1444 hydro     34   6   5   0
 1445 hydro     34   6   5   1
 1446 hydro     34   6   5   2
 1447 hydro     34   6   5   3
 1448 hydro     34   6   5   4
 1449 hydro     34   6   5   5
 1450 atomic    35   1   0   0
 1451 atomic    35   2   0   0
 1452 atomic    35   3   0   0
 1453 atomic    35   4   0   0
 1454 atomic    35   5   0   0
 1455 ionic     35   6   0   0
 1456 atomic    35   6   0   0
 1457 atomic    35   2   1  -1
 1458 atomic    35   2   1   0
 1459 atomic    35   2   1   1
 1460 atomic    35   3   1  -1
 1461 atomic    35   3   1   0
 1462 atomic    35   3   1   1
 1463 atomic    35   4   1  -1
 1464 atomic    35   4   1   0
 1465 atomic    35   4   1   1
 1466 atomic    35   5   1  -1
 1467 atomic    35   5   1   0
 1468 atomic    35   5   1   1
 1469 ionic     35   6   1  -1
 1470 ionic     35   6   1   0
 1471 ionic     35   6   1   1
 1472 atomic    35   3   2  -2
 1473 atomic    35   3   2  -1
 1474 atomic    35   3   2   0
 1475 atomic    35   3   2   1
 1476 atomic    35   3   2   2
 1477 atomic    35   4   2  -2
 1478 atomic    35   4   2  -1
 1479 atomic    35   4   2   0
 1480 atomic    35   4   2   1
 1481 atomic    35   4   2   2
 1482 atomic    35   5   2  -2
 1483 atomic    35   5   2  -1
 1484 atomic    35   5   2   0
 1485 atomic    35   5   2   1
 1486 atomic    35   5   2   2
 1487 hydro     35   3   2  -2
 1488 hydro     35   3   2  -1
 1489 hydro     35   3   2   0
 1490 hydro     35   3   2   1
 1491 hydro     35   3   2   2
 1492 atomic    35   4   3  -3
 1493 atomic    35   4   3  -2
 1494 atomic    35   4   3  -1
 1495 atomic    35   4   3   0
 1496 atomic    35   4   3   1
 1497 atomic    35   4   3   2
 1498 atomic    35   4   3   3
 1499 hydro     35   4   3  -3
 1500 hydro     35   4   3  -2
 1501 hydro     35   4   3  -1
 1502 hydro     35   4   3   0
 1503 hydro     35   4   3   1
 1504 hydro     35   4   3   2
 1505 hydro     35   4   3   3
 1506 hydro     35   5   4  -4
 1507 hydro     35   5   4  -3
 1508 hydro     35   5   4  -2
 1509 hydro     35   5   4  -1
 1510 hydro     35   5   4   0
 1511 hydro     35   5   4   1
 1512 hydro     35   5   4   2
 1513 hydro     35   5   4   3
 1514 hydro     35   5   4   4
 1515 hydro     35   6   5  -5
 1516 hydro     35   6   5  -4
 1517 hydro     35   6   5  -3
 1518 hydro     35   6   5  -2
 1519 hydro     35   6   5  -1
 1520 hydro     35   6   5   0
 1521 hydro     35   6   5   1
 1522 hydro     35   6   5   2
 1523 hydro     35   6   5   3
 1524 hydro     35   6   5   4
 1525 hydro     35   6   5   5
 1526 atomic    36   1   0   0
 1527 atomic    36   2   0   0
 1528 atomic    36   3   0   0
 1529 atomic    36   4   0   0
 1530 atomic    36   5   0   0
 1531 ionic     36   6   0   0
 1532 atomic    36   6   0   0
 1533 atomic    36   2   1  -1
 1534 atomic    36   2   1   0
 1535 atomic    36   2   1   1
 1536 atomic    36   3   1  -1
 1537 atomic    36   3   1   0
 1538 atomic    36   3   1   1
 1539 atomic    36   4   1  -1
 1540 atomic    36   4   1   0
 1541 atomic    36   4   1   1
 1542 atomic    36   5   1  -1
 1543 atomic    36   5   1   0
 1544 atomic    36   5   1   1
 1545 ionic     36   6   1  -1
 1546 ionic     36   6   1   0
 1547 ionic     36   6   1   1
 1548 atomic    36   3   2  -2
 1549 atomic    36   3   2  -1
 1550 atomic    36   3   2   0
 1551 atomic    36   3   2   1
 1552 atomic    36   3   2   2
 1553 atomic    36   4   2  -2
 1554 atomic    36   4   2  -1
 1555 atomic    36   4   2   0
 1556 atomic    36   4   2   1
 1557 atomic    36   4   2   2
 1558 atomic    36   5   2  -2
 1559 atomic    36   5   2  -1
 1560 atomic    36   5   2   0
 1561 atomic    36   5   2   1
 1562 atomic    36   5   2   2
 1563 hydro     36   3   2  -2
 1564 hydro     36   3   2  -1
 1565 hydro     36   3   2   0
 1566 hydro     36   3   2   1
 1567 hydro     36   3   2   2
 1568 atomic    36   4   3  -3
 1569 atomic    36   4   3  -2
 1570 atomic    36   4   3  -1
 1571 atomic    36   4   3   0
 1572 atomic    36   4   3   1
 1573 atomic    36   4   3   2
 1574 atomic    36   4   3   3
 1575 hydro     36   4   3  -3
 1576 hydro     36   4   3  -2
 1577 hydro     36   4   3  -1
 1578 hydro     36   4   3   0
 1579 hydro     36   4   3   1
 1580 hydro     36   4   3   2
 1581 hydro     36   4   3   3
 1582 hydro     36   5   4  -4
 1583 hydro     36   5   4  -3
 1584 hydro     36   5   4  -2
 1585 hydro     36   5   4  -1
 1586 hydro     36   5   4   0
 1587 hydro     36   5   4   1
 1588 hydro     36   5   4   2
 1589 hydro     36   5   4   3
 1590 hydro     36   5   4   4
 1591 hydro     36   6   5  -5
 1592 hydro     36   6   5  -4
 1593 hydro     36   6   5  -3
 1594 hydro     36   6   5  -2
 1595 hydro     36   6   5  -1
 1596 hydro     36   6   5   0
 1597 hydro     36   6   5   1
 1598 hydro     36   6   5   2
 1599 hydro     36   6   5   3
 1600 hydro     36   6   5   4
 1601 hydro     36   6   5   5
 1602 atomic    37   1   0   0
 1603 atomic    37   2   0   0
 1604 atomic    37   3   0   0
 1605 atomic    37   4   0   0
 1606 atomic    37   5   0   0
 1607 ionic     37   6   0   0
 1608 atomic    37   6   0   0
 1609 atomic    37   2   1  -1
 1610 atomic    37   2   1   0
 1611 atomic    37   2   1   1
 1612 atomic    37   3   1  -1
 1613 atomic    37   3   1   0
 1614 atomic    37   3   1   1
 1615 atomic    37   4   1  -1
 1616 atomic    37   4   1   0
 1617 atomic    37   4   1   1
 1618 atomic    37   5   1  -1
 1619 atomic    37   5   1   0
 1620 atomic    37   5   1   1
 1621 ionic     37   6   1  -1
 1622 ionic     37   6   1   0
 1623 ionic     37   6   1   1
 1624 atomic    37   3   2  -2
 1625 atomic    37   3   2  -1
 1626 atomic    37   3   2   0
 1627 atomic    37   3   2   1
 1628 atomic    37   3   2   2
 1629 atomic    37   4   2  -2
 1630 atomic    37   4   2  -1
 1631 atomic    37   4   2   0
 1632 atomic    37   4   2   1
 1633 atomic    37   4   2   2
 1634 atomic    37   5   2  -2
 1635 atomic    37   5   2  -1
 1636 atomic    37   5   2   0
 1637 atomic    37   5   2   1
 1638 atomic    37   5   2   2
 1639 hydro     37   3   2  -2
 1640 hydro     37   3   2  -1
 1641 hydro     37   3   2   0
 1642 hydro     37   3   2   1
 1643 hydro     37   3   2   2
 1644 atomic    37   4   3  -3
 1645 atomic    37   4   3  -2
 1646 atomic    37   4   3  -1
 1647 atomic    37   4   3   0
 1648 atomic    37   4   3   1
 1649 atomic    37   4   3   2
 1650 atomic    37   4   3   3
 1651 hydro     37   4   3  -3
 1652 hydro     37   4   3  -2
 1653 hydro     37   4   3  -1
 1654 hydro     37   4   3   0
 1655 hydro     37   4   3   1
 1656 hydro     37   4   3   2
 1657 hydro     37   4   3   3
 1658 hydro     37   5   4  -4
 1659 hydro     37   5   4  -3
 1660 hydro     37   5   4  -2
 1661 hydro     37   5   4  -1
 1662 hydro     37   5   4   0
 1663 hydro     37   5   4   1
 1664 hydro     37   5   4   2
 1665 hydro     37   5   4   3
 1666 hydro     37   5   4   4
 1667 hydro     37   6   5  -5
 1668 hydro     37   6   5  -4
 1669 hydro     37   6   5  -3
 1670 hydro     37   6   5  -2
 1671 hydro     37   6   5  -1
 1672 hydro     37   6   5   0
 1673 hydro     37   6   5   1
 1674 hydro     37   6   5   2
 1675 hydro     37   6   5   3
 1676 hydro     37   6   5   4
 1677 hydro     37   6   5   5
 1678 atomic    38   1   0   0
 1679 atomic    38   2   0   0
 1680 atomic    38   3   0   0
 1681 atomic    38   4   0   0
 1682 atomic    38   5   0   0
 1683 ionic     38   6   0   0
 1684 atomic    38   6   0   0
 1685 atomic    38   2   1  -1
 1686 atomic    38   2   1   0
 1687 atomic    38   2   1   1
 1688 atomic    38   3   1  -1
 1689 atomic    38   3   1   0
 1690 atomic    38   3   1   1
 1691 atomic    38   4   1  -1
 1692 atomic    38   4   1   0
 1693 atomic    38   4   1   1
 1694 atomic    38   5   1  -1
 1695 atomic    38   5   1   0
 1696 atomic    38   5   1   1
 1697 ionic     38   6   1  -1
 1698 ionic     38   6   1   0
 1699 ionic     38   6   1   1
 1700 atomic    38   3   2  -2
 1701 atomic    38   3   2  -1
 1702 atomic    38   3   2   0
 1703 atomic    38   3   2   1
 1704 atomic    38   3   2   2
 1705 atomic    38   4   2  -2
 1706 atomic    38   4   2  -1
 1707 atomic    38   4   2   0
 1708 atomic    38   4   2   1
 1709 atomic    38   4   2   2
 1710 atomic    38   5   2  -2
 1711 atomic    38   5   2  -1
 1712 atomic    38   5   2   0
 1713 atomic    38   5   2   1
 1714 atomic    38   5   2   2
 1715 hydro     38   3   2  -2
 1716 hydro     38   3   2  -1
 1717 hydro     38   3   2   0
 1718 hydro     38   3   2   1
 1719 hydro     38   3   2   2
 1720 atomic    38   4   3  -3
 1721 atomic    38   4   3  -2
 1722 atomic    38   4   3  -1
 1723 atomic    38   4   3   0
 1724 atomic    38   4   3   1
 1725 atomic    38   4   3   2
 1726 atomic    38   4   3   3
 1727 hydro     38   4   3  -3
 1728 hydro     38   4   3  -2
 1729 hydro     38   4   3  -1
 1730 hydro     38   4   3   0
 1731 hydro     38   4   3   1
 1732 hydro     38   4   3   2
 1733 hydro     38   4   3   3
 1734 hydro     38   5   4  -4
 1735 hydro     38   5   4  -3
 1736 hydro     38   5   4  -2
 1737 hydro     38   5   4  -1
 1738 hydro     38   5   4   0
 1739 hydro     38   5   4   1
 1740 hydro     38   5   4   2
 1741 hydro     38   5   4   3
 1742 hydro     38   5   4   4
 1743 hydro     38   6   5  -5
 1744 hydro     38   6   5  -4
 1745 hydro     38   6   5  -3
 1746 hydro     38   6   5  -2
 1747 hydro     38   6   5  -1
 1748 hydro     38   6   5   0
 1749 hydro     38   6   5   1
 1750 hydro     38   6   5   2
 1751 hydro     38   6   5   3
 1752 hydro     38   6   5   4
 1753 hydro     38   6   5   5
 1754 atomic    39   1   0   0
 1755 atomic    39   2   0   0
 1756 atomic    39   3   0   0
 1757 atomic    39   4   0   0
 1758 atomic    39   5   0   0
 1759 ionic     39   6   0   0
 1760 atomic    39   6   0   0
 1761 atomic    39   2   1  -1
 1762 atomic    39   2   1   0
 1763 atomic    39   2   1   1
 1764 atomic    39   3   1  -1
 1765 atomic    39   3   1   0
 1766 atomic    39   3   1   1
 1767 atomic    39   4   1  -1
 1768 atomic    39   4   1   0
 1769 atomic    39   4   1   1
 1770 atomic    39   5   1  -1
 1771 atomic    39   5   1   0
 1772 atomic    39   5   1   1
 1773 ionic     39   6   1  -1
 1774 ionic     39   6   1   0
 1775 ionic     39   6   1   1
 1776 atomic    39   3   2  -2
 1777 atomic    39   3   2  -1
 1778 atomic    39   3   2   0
 1779 atomic    39   3   2   1
 1780 atomic    39   3   2   2
 1781 atomic    39   4   2  -2
 1782 atomic    39   4   2  -1
 1783 atomic    39   4   2   0
 1784 atomic    39   4   2   1
 1785 atomic    39   4   2   2
 1786 atomic    39   5   2  -2
 1787 atomic    39   5   2  -1
 1788 atomic    39   5   2   0
 1789 atomic    39   5   2   1
 1790 atomic    39   5   2   2
 1791 hydro     39   3   2  -2
 1792 hydro     39   3   2  -1
 1793 hydro     39   3   2   0
 1794 hydro     39   3   2   1
 1795 hydro     39   3   2   2
 1796 atomic    39   4   3  -3
 1797 atomic    39   4   3  -2
 1798 atomic    39   4   3  -1
 1799 atomic    39   4   3   0
 1800 atomic    39   4   3   1
 1801 atomic    39   4   3   2
 1802 atomic    39   4   3   3
 1803 hydro     39   4   3  -3
 1804 hydro     39   4   3  -2
 1805 hydro     39   4   3  -1
 1806 hydro     39   4   3   0
 1807 hydro     39   4   3   1
 1808 hydro     39   4   3   2
 1809 hydro     39   4   3   3
 1810 hydro     39   5   4  -4
 1811 hydro     39   5   4  -3
 1812 hydro     39   5   4  -2
 1813 hydro     39   5   4  -1
 1814 hydro     39   5   4   0
 1815 hydro     39   5   4   1
 1816 hydro     39   5   4   2
 1817 hydro     39   5   4   3
 1818 hydro     39   5   4   4
 1819 hydro     39   6   5  -5
 1820 hydro     39   6   5  -4
 1821 hydro     39   6   5  -3
 1822 hydro     39   6   5  -2
 1823 hydro     39   6   5  -1
 1824 hydro     39   6   5   0
 1825 hydro     39   6   5   1
 1826 hydro     39   6   5   2
 1827 hydro     39   6   5   3
 1828 hydro     39   6   5   4
 1829 hydro     39   6   5   5
 1830 atomic    40   1   0   0
 1831 atomic    40   2   0   0
 1832 atomic    40   3   0   0
 1833 atomic    40   4   0   0
 1834 atomic    40   5   0   0
 1835 ionic     40   6   0   0
 1836 atomic    40   6   0   0
 1837 atomic    40   2   1  -1
 1838 atomic    40   2   1   0
 1839 atomic    40   2   1   1
 1840 atomic    40   3   1  -1
 1841 atomic    40   3   1   0
 1842 atomic    40   3   1   1
 1843 atomic    40   4   1  -1
 1844 atomic    40   4   1   0
 1845 atomic    40   4   1   1
 1846 atomic    40   5   1  -1
 1847 atomic    40   5   1   0
 1848 atomic    40   5   1   1
 1849 ionic     40   6   1  -1
 1850 ionic     40   6   1   0
 1851 ionic     40   6   1   1
 1852 atomic    40   3   2  -2
 1853 atomic    40   3   2  -1
 1854 atomic    40   3   2   0
 1855 atomic    40   3   2   1
 1856 atomic    40   3   2   2
 1857 atomic    40   4   2  -2
 1858 atomic    40   4   2  -1
 1859 atomic    40   4   2   0
 1860 atomic    40   4   2   1
 1861 atomic    40   4   2   2
 1862 atomic    40   5   2  -2
 1863 atomic    40   5   2  -1
 1864 atomic    40   5   2   0
 1865 atomic    40   5   2   1
 1866 atomic    40   5   2   2
 1867 hydro     40   3   2  -2
 1868 hydro     40   3   2  -1
 1869 hydro     40   3   2   0
 1870 hydro     40   3   2   1
 1871 hydro     40   3   2   2
 1872 atomic    40   4   3  -3
 1873 atomic    40   4   3  -2
 1874 atomic    40   4   3  -1
 1875 atomic    40   4   3   0
 1876 atomic    40   4   3   1
 1877 atomic    40   4   3   2
 1878 atomic    40   4   3   3
 1879 hydro     40   4   3  -3
 1880 hydro     40   4   3  -2
 1881 hydro     40   4   3  -1
 1882 hydro     40   4   3   0
 1883 hydro     40   4   3   1
 1884 hydro     40   4   3   2
 1885 hydro     40   4   3   3
 1886 hydro     40   5   4  -4
 1887 hydro     40   5   4  -3
 1888 hydro     40   5   4  -2
 1889 hydro     40   5   4  -1
 1890 hydro     40   5   4   0
 1891 hydro     40   5   4   1
 1892 hydro     40   5   4   2
 1893 hydro     40   5   4   3
 1894 hydro     40   5   4   4
 1895 hydro     40   6   5  -5
 1896 hydro     40   6   5  -4
 1897 hydro     40   6   5  -3
 1898 hydro     40   6   5  -2
 1899 hydro     40   6   5  -1
 1900 hydro     40   6   5   0
 1901 hydro     40   6   5   1
 1902 hydro     40   6   5   2
 1903 hydro     40   6   5   3
 1904 hydro     40   6   5   4
 1905 hydro     40   6   5   5
 1906 atomic    41   1   0   0
 1907 atomic    41   2   0   0
 1908 atomic    41   3   0   0
 1909 atomic    41   4   0   0
 1910 atomic    41   5   0   0
 1911 ionic     41   6   0   0
 1912 atomic    41   6   0   0
 1913 atomic    41   2   1  -1
 1914 atomic    41   2   1   0
 1915 atomic    41   2   1   1
 1916 atomic    41   3   1  -1
 1917 atomic    41   3   1   0
 1918 atomic    41   3   1   1
 1919 atomic    41   4   1  -1
 1920 atomic    41   4   1   0
 1921 atomic    41   4   1   1
 1922 atomic    41   5   1  -1
 1923 atomic    41   5   1   0
 1924 atomic    41   5   1   1
 1925 ionic     41   6   1  -1
 1926 ionic     41   6   1   0
 1927 ionic     41   6   1   1
 1928 atomic    41   3   2  -2
 1929 atomic    41   3   2  -1
 1930 atomic    41   3   2   0
 1931 atomic    41   3   2   1
 1932 atomic    41   3   2   2
 1933 atomic    41   4   2  -2
 1934 atomic    41   4   2  -1
 1935 atomic    41   4   2   0
 1936 atomic    41   4   2   1
 1937 atomic    41   4   2   2
 1938 atomic    41   5   2  -2
 1939 atomic    41   5   2  -1
 1940 atomic    41   5   2   0
 1941 atomic    41   5   2   1
 1942 atomic    41   5   2   2
 1943 hydro     41   3   2  -2
 1944 hydro     41   3   2  -1
 1945 hydro     41   3   2   0
 1946 hydro     41   3   2   1
 1947 hydro     41   3   2   2
 1948 atomic    41   4   3  -3
 1949 atomic    41   4   3  -2
 1950 atomic    41   4   3  -1
 1951 atomic    41   4   3   0
 1952 atomic    41   4   3   1
 1953 atomic    41   4   3   2
 1954 atomic    41   4   3   3
 1955 hydro     41   4   3  -3
 1956 hydro     41   4   3  -2
 1957 hydro     41   4   3  -1
 1958 hydro     41   4   3   0
 1959 hydro     41   4   3   1
 1960 hydro     41   4   3   2
 1961 hydro     41   4   3   3
 1962 hydro     41   5   4  -4
 1963 hydro     41   5   4  -3
 1964 hydro     41   5   4  -2
 1965 hydro     41   5   4  -1
 1966 hydro     41   5   4   0
 1967 hydro     41   5   4   1
 1968 hydro     41   5   4   2
 1969 hydro     41   5   4   3
 1970 hydro     41   5   4   4
 1971 hydro     41   6   5  -5
 1972 hydro     41   6   5  -4
 1973 hydro     41   6   5  -3
 1974 hydro     41   6   5  -2
 1975 hydro     41   6   5  -1
 1976 hydro     41   6   5   0
 1977 hydro     41   6   5   1
 1978 hydro     41   6   5   2
 1979 hydro     41   6   5   3
 1980 hydro     41   6   5   4
 1981 hydro     41   6   5   5
 1982 atomic    42   1   0   0
 1983 atomic    42   2   0   0
 1984 atomic    42   3   0   0
 1985 atomic    42   4   0   0
 1986 atomic    42   5   0   0
 1987 ionic     42   6   0   0
 1988 atomic    42   6   0   0
 1989 atomic    42   2   1  -1
 1990 atomic    42   2   1   0
 1991 atomic    42   2   1   1
 1992 atomic    42   3   1  -1
 1993 atomic    42   3   1   0
 1994 atomic    42   3   1   1
 1995 atomic    42   4   1  -1
 1996 atomic    42   4   1   0
 1997 atomic    42   4   1   1
 1998 atomic    42   5   1  -1
 1999 atomic    42   5   1   0
 2000 atomic    42   5   1   1
 2001 ionic     42   6   1  -1
 2002 ionic     42   6   1   0
 2003 ionic     42   6   1   1
 2004 atomic    42   3   2  -2
 2005 atomic    42   3   2  -1
 2006 atomic    42   3   2   0
 2007 atomic    42   3   2   1
 2008 atomic    42   3   2   2
 2009 atomic    42   4   2  -2
 2010 atomic    42   4   2  -1
 2011 atomic    42   4   2   0
 2012 atomic    42   4   2   1
 2013 atomic    42   4   2   2
 2014 atomic    42   5   2  -2
 2015 atomic    42   5   2  -1
 2016 atomic    42   5   2   0
 2017 atomic    42   5   2   1
 2018 atomic    42   5   2   2
 2019 hydro     42   3   2  -2
 2020 hydro     42   3   2  -1
 2021 hydro     42   3   2   0
 2022 hydro     42   3   2   1
 2023 hydro     42   3   2   2
 2024 atomic    42   4   3  -3
 2025 atomic    42   4   3  -2
 2026 atomic    42   4   3  -1
 2027 atomic    42   4   3   0
 2028 atomic    42   4   3   1
 2029 atomic    42   4   3   2
 2030 atomic    42   4   3   3
 2031 hydro     42   4   3  -3
 2032 hydro     42   4   3  -2
 2033 hydro     42   4   3  -1
 2034 hydro     42   4   3   0
 2035 hydro     42   4   3   1
 2036 hydro     42   4   3   2
 2037 hydro     42   4   3   3
 2038 hydro     42   5   4  -4
 2039 hydro     42   5   4  -3
 2040 hydro     42   5   4  -2
 2041 hydro     42   5   4  -1
 2042 hydro     42   5   4   0
 2043 hydro     42   5   4   1
 2044 hydro     42   5   4   2
 2045 hydro     42   5   4   3
 2046 hydro     42   5   4   4
 2047 hydro     42   6   5  -5
 2048 hydro     42   6   5  -4
 2049 hydro     42   6   5  -3
 2050 hydro     42   6   5  -2
 2051 hydro     42   6   5  -1
 2052 hydro     42   6   5   0
 2053 hydro     42   6   5   1
 2054 hydro     42   6   5   2
 2055 hydro     42   6   5   3
 2056 hydro     42   6   5   4
 2057 hydro     42   6   5   5
 2058 atomic    43   1   0   0
 2059 atomic    43   2   0   0
 2060 atomic    43   3   0   0
 2061 atomic    43   4   0   0
 2062 atomic    43   5   0   0
 2063 ionic     43   6   0   0
 2064 atomic    43   6   0   0
 2065 atomic    43   2   1  -1
 2066 atomic    43   2   1   0
 2067 atomic    43   2   1   1
 2068 atomic    43   3   1  -1
 2069 atomic    43   3   1   0
 2070 atomic    43   3   1   1
 2071 atomic    43   4   1  -1
 2072 atomic    43   4   1   0
 2073 atomic    43   4   1   1
 2074 atomic    43   5   1  -1
 2075 atomic    43   5   1   0
 2076 atomic    43   5   1   1
 2077 ionic     43   6   1  -1
 2078 ionic     43   6   1   0
 2079 ionic     43   6   1   1
 2080 atomic    43   3   2  -2
 2081 atomic    43   3   2  -1
 2082 atomic    43   3   2   0
 2083 atomic    43   3   2   1
 2084 atomic    43   3   2   2
 2085 atomic    43   4   2  -2
 2086 atomic    43   4   2  -1
 2087 atomic    43   4   2   0
 2088 atomic    43   4   2   1
 2089 atomic    43   4   2   2
 2090 atomic    43   5   2  -2
 2091 atomic    43   5   2  -1
 2092 atomic    43   5   2   0
 2093 atomic    43   5   2   1
 2094 atomic    43   5   2   2
 2095 hydro     43   3   2  -2
 2096 hydro     43   3   2  -1
 2097 hydro     43   3   2   0
 2098 hydro     43   3   2   1
 2099 hydro     43   3   2   2
 2100 atomic    43   4   3  -3
 2101 atomic    43   4   3  -2
 2102 atomic    43   4   3  -1
 2103 atomic    43   4   3   0
 2104 atomic    43   4   3   1
 2105 atomic    43   4   3   2
 2106 atomic    43   4   3   3
 2107 hydro     43   4   3  -3
 2108 hydro     43   4   3  -2
 2109 hydro     43   4   3  -1
 2110 hydro     43   4   3   0
 2111 hydro     43   4   3   1
 2112 hydro     43   4   3   2
 2113 hydro     43   4   3   3
 2114 hydro     43   5   4  -4
 2115 hydro     43   5   4  -3
 2116 hydro     43   5   4  -2
 2117 hydro     43   5   4  -1
 2118 hydro     43   5   4   0
 2119 hydro     43   5   4   1
 2120 hydro     43   5   4   2
 2121 hydro     43   5   4   3
 2122 hydro     43   5   4   4
 2123 hydro     43   6   5  -5
 2124 hydro     43   6   5  -4
 2125 hydro     43   6   5  -3
 2126 hydro     43   6   5  -2
 2127 hydro     43   6   5  -1
 2128 hydro     43   6   5   0
 2129 hydro     43   6   5   1
 2130 hydro     43   6   5   2
 2131 hydro     43   6   5   3
 2132 hydro     43   6   5   4
 2133 hydro     43   6   5   5
 2134 atomic    44   1   0   0
 2135 atomic    44   2   0   0
 2136 atomic    44   3   0   0
 2137 atomic    44   4   0   0
 2138 atomic    44   5   0   0
 2139 ionic     44   6   0   0
 2140 atomic    44   6   0   0
 2141 atomic    44   2   1  -1
 2142 atomic    44   2   1   0
 2143 atomic    44   2   1   1
 2144 atomic    44   3   1  -1
 2145 atomic    44   3   1   0
 2146 atomic    44   3   1   1
 2147 atomic    44   4   1  -1
 2148 atomic    44   4   1   0
 2149 atomic    44   4   1   1
 2150 atomic    44   5   1  -1
 2151 atomic    44   5   1   0
 2152 atomic    44   5   1   1
 2153 ionic     44   6   1  -1
 2154 ionic     44   6   1   0
 2155 ionic     44   6   1   1
 2156 atomic    44   3   2  -2
 2157 atomic    44   3   2  -1
 2158 atomic    44   3   2   0
 2159 atomic    44   3   2   1
 2160 atomic    44   3   2   2
 2161 atomic    44   4   2  -2
 2162 atomic    44   4   2  -1
 2163 atomic    44   4   2   0
 2164 atomic    44   4   2   1
 2165 atomic    44   4   2   2
 2166 atomic    44   5   2  -2
 2167 atomic    44   5   2  -1
 2168 atomic    44   5   2   0
 2169 atomic    44   5   2   1
 2170 atomic    44   5   2   2
 2171 hydro     44   3   2  -2
 2172 hydro     44   3   2  -1
 2173 hydro     44   3   2   0
 2174 hydro     44   3   2   1
 2175 hydro     44   3   2   2
 2176 atomic    44   4   3  -3
 2177 atomic    44   4   3  -2
 2178 atomic    44   4   3  -1
 2179 atomic    44   4   3   0
 2180 atomic    44   4   3   1
 2181 atomic    44   4   3   2
 2182 atomic    44   4   3   3
 2183 hydro     44   4   3  -3
 2184 hydro     44   4   3  -2
 2185 hydro     44   4   3  -1
 2186 hydro     44   4   3   0
 2187 hydro     44   4   3   1
 2188 hydro     44   4   3   2
 2189 hydro     44   4   3   3
 2190 hydro     44   5   4  -4
 2191 hydro     44   5   4  -3
 2192 hydro     44   5   4  -2
 2193 hydro     44   5   4  -1
 2194 hydro     44   5   4   0
 2195 hydro     44   5   4   1
 2196 hydro     44   5   4   2
 2197 hydro     44   5   4   3
 2198 hydro     44   5   4   4
 2199 hydro     44   6   5  -5
 2200 hydro     44   6   5  -4
 2201 hydro     44   6   5  -3
 2202 hydro     44   6   5  -2
 2203 hydro     44   6   5  -1
 2204 hydro     44   6   5   0
 2205 hydro     44   6   5   1
 2206 hydro     44   6   5   2
 2207 hydro     44   6   5   3
 2208 hydro     44   6   5   4
 2209 hydro     44   6   5   5
 2210 atomic    45   1   0   0
 2211 atomic    45   2   0   0
 2212 atomic    45   3   0   0
 2213 atomic    45   4   0   0
 2214 atomic    45   5   0   0
 2215 ionic     45   6   0   0
 2216 atomic    45   6   0   0
 2217 atomic    45   2   1  -1
 2218 atomic    45   2   1   0
 2219 atomic    45   2   1   1
 2220 atomic    45   3   1  -1
 2221 atomic    45   3   1   0
 2222 atomic    45   3   1   1
 2223 atomic    45   4   1  -1
 2224 atomic    45   4   1   0
 2225 atomic    45   4   1   1
 2226 atomic    45   5   1  -1
 2227 atomic    45   5   1   0
 2228 atomic    45   5   1   1
 2229 ionic     45   6   1  -1
 2230 ionic     45   6   1   0
 2231 ionic     45   6   1   1
 2232 atomic    45   3   2  -2
 2233 atomic    45   3   2  -1
 2234 atomic    45   3   2   0
 2235 atomic    45   3   2   1
 2236 atomic    45   3   2   2
 2237 atomic    45   4   2  -2
 2238 atomic    45   4   2  -1
 2239 atomic    45   4   2   0
 2240 atomic    45   4   2   1
 2241 atomic    45   4   2   2
 2242 atomic    45   5   2  -2
 2243 atomic    45   5   2  -1
 2244 atomic    45   5   2   0
 2245 atomic    45   5   2   1
 2246 atomic    45   5   2   2
 2247 hydro     45   3   2  -2
 2248 hydro     45   3   2  -1
 2249 hydro     45   3   2   0
 2250 hydro     45   3   2   1
 2251 hydro     45   3   2   2
 2252 atomic    45   4   3  -3
 2253 atomic    45   4   3  -2
 2254 atomic    45   4   3  -1
 2255 atomic    45   4   3   0
 2256 atomic    45   4   3   1
 2257 atomic    45   4   3   2
 2258 atomic    45   4   3   3
 2259 hydro     45   4   3  -3
 2260 hydro     45   4   3  -2
 2261 hydro     45   4   3  -1
 2262 hydro     45   4   3   0
 2263 hydro     45   4   3   1
 2264 hydro     45   4   3   2
 2265 hydro     45   4   3   3
 2266 hydro     45   5   4  -4
 2267 hydro     45   5   4  -3
 2268 hydro     45   5   4  -2
 2269 hydro     45   5   4  -1
 2270 hydro     45   5   4   0
 2271 hydro     45   5   4   1
 2272 hydro     45   5   4   2
 2273 hydro     45   5   4   3
 2274 hydro     45   5   4   4
 2275 hydro     45   6   5  -5
 2276 hydro     45   6   5  -4
 2277 hydro     45   6   5  -3
 2278 hydro     45   6   5  -2
 2279 hydro     45   6   5  -1
 2280 hydro     45   6   5   0
 2281 hydro     45   6   5   1
 2282 hydro     45   6   5   2
 2283 hydro     45   6   5   3
 2284 hydro     45   6   5   4
 2285 hydro     45   6   5   5
 2286 atomic    46   1   0   0
 2287 atomic    46   2   0   0
 2288 atomic    46   3   0   0
 2289 atomic    46   4   0   0
 2290 atomic    46   5   0   0
 2291 ionic     46   6   0   0
 2292 atomic    46   6   0   0
 2293 atomic    46   2   1  -1
 2294 atomic    46   2   1   0
 2295 atomic    46   2   1   1
 2296 atomic    46   3   1  -1
 2297 atomic    46   3   1   0
 2298 atomic    46   3   1   1
 2299 atomic    46   4   1  -1
 2300 atomic    46   4   1   0
 2301 atomic    46   4   1   1
 2302 atomic    46   5   1  -1
 2303 atomic    46   5   1   0
 2304 atomic    46   5   1   1
 2305 ionic     46   6   1  -1
 2306 ionic     46   6   1   0
 2307 ionic     46   6   1   1
 2308 atomic    46   3   2  -2
 2309 atomic    46   3   2  -1
 2310 atomic    46   3   2   0
 2311 atomic    46   3   2   1
 2312 atomic    46   3   2   2
 2313 atomic    46   4   2  -2
 2314 atomic    46   4   2  -1
 2315 atomic    46   4   2   0
 2316 atomic    46   4   2   1
 2317 atomic    46   4   2   2
 2318 atomic    46   5   2  -2
 2319 atomic    46   5   2  -1
 2320 atomic    46   5   2   0
 2321 atomic    46   5   2   1
 2322 atomic    46   5   2   2
 2323 hydro     46   3   2  -2
 2324 hydro     46   3   2  -1
 2325 hydro     46   3   2   0
 2326 hydro     46   3   2   1
 2327 hydro     46   3   2   2
 2328 atomic    46   4   3  -3
 2329 atomic    46   4   3  -2
 2330 atomic    46   4   3  -1
 2331 atomic    46   4   3   0
 2332 atomic    46   4   3   1
 2333 atomic    46   4   3   2
 2334 atomic    46   4   3   3
 2335 hydro     46   4   3  -3
 2336 hydro     46   4   3  -2
 2337 hydro     46   4   3  -1
 2338 hydro     46   4   3   0
 2339 hydro     46   4   3   1
 2340 hydro     46   4   3   2
 2341 hydro     46   4   3   3
 2342 hydro     46   5   4  -4
 2343 hydro     46   5   4  -3
 2344 hydro     46   5   4  -2
 2345 hydro     46   5   4  -1
 2346 hydro     46   5   4   0
 2347 hydro     46   5   4   1
 2348 hydro     46   5   4   2
 2349 hydro     46   5   4   3
 2350 hydro     46   5   4   4
 2351 hydro     46   6   5  -5
 2352 hydro     46   6   5  -4
 2353 hydro     46   6   5  -3
 2354 hydro     46   6   5  -2
 2355 hydro     46   6   5  -1
 2356 hydro     46   6   5   0
 2357 hydro     46   6   5   1
 2358 hydro     46   6   5   2
 2359 hydro     46   6   5   3
 2360 hydro     46   6   5   4
 2361 hydro     46   6   5   5
 2362 atomic    47   1   0   0
 2363 atomic    47   2   0   0
 2364 atomic    47   3   0   0
 2365 atomic    47   4   0   0
 2366 atomic    47   5   0   0
 2367 ionic     47   6   0   0
 2368 atomic    47   6   0   0
 2369 atomic    47   2   1  -1
 2370 atomic    47   2   1   0
 2371 atomic    47   2   1   1
 2372 atomic    47   3   1  -1
 2373 atomic    47   3   1   0
 2374 atomic    47   3   1   1
 2375 atomic    47   4   1  -1
 2376 atomic    47   4   1   0
 2377 atomic    47   4   1   1
 2378 atomic    47   5   1  -1
 2379 atomic    47   5   1   0
 2380 atomic    47   5   1   1
 2381 ionic     47   6   1  -1
 2382 ionic     47   6   1   0
 2383 ionic     47   6   1   1
 2384 atomic    47   3   2  -2
 2385 atomic    47   3   2  -1
 2386 atomic    47   3   2   0
 2387 atomic    47   3   2   1
 2388 atomic    47   3   2   2
 2389 atomic    47   4   2  -2
 2390 atomic    47   4   2  -1
 2391 atomic    47   4   2   0
 2392 atomic    47   4   2   1
 2393 atomic    47   4   2   2
 2394 atomic    47   5   2  -2
 2395 atomic    47   5   2  -1
 2396 atomic    47   5   2   0
 2397 atomic    47   5   2   1
 2398 atomic    47   5   2   2
 2399 hydro     47   3   2  -2
 2400 hydro     47   3   2  -1
 2401 hydro     47   3   2   0
 2402 hydro     47   3   2   1
 2403 hydro     47   3   2   2
 2404 atomic    47   4   3  -3
 2405 atomic    47   4   3  -2
 2406 atomic    47   4   3  -1
 2407 atomic    47   4   3   0
 2408 atomic    47   4   3   1
 2409 atomic    47   4   3   2
 2410 atomic    47   4   3   3
 2411 hydro     47   4   3  -3
 2412 hydro     47   4   3  -2
 2413 hydro     47   4   3  -1
 2414 hydro     47   4   3   0
 2415 hydro     47   4   3   1
 2416 hydro     47   4   3   2
 2417 hydro     47   4   3   3
 2418 hydro     47   5   4  -4
 2419 hydro     47   5   4  -3
 2420 hydro     47   5   4  -2
 2421 hydro     47   5   4  -1
 2422 hydro     47   5   4   0
 2423 hydro     47   5   4   1
 2424 hydro     47   5   4   2
 2425 hydro     47   5   4   3
 2426 hydro     47   5   4   4
 2427 hydro     47   6   5  -5
 2428 hydro     47   6   5  -4
 2429 hydro     47   6   5  -3
 2430 hydro     47   6   5  -2
 2431 hydro     47   6   5  -1
 2432 hydro     47   6   5   0
 2433 hydro     47   6   5   1
 2434 hydro     47   6   5   2
 2435 hydro     47   6   5   3
 2436 hydro     47   6   5   4
 2437 hydro     47   6   5   5
 2438 atomic    48   1   0   0
 2439 atomic    48   2   0   0
 2440 atomic    48   3   0   0
 2441 atomic    48   4   0   0
 2442 atomic    48   5   0   0
 2443 ionic     48   6   0   0
 2444 atomic    48   6   0   0
 2445 atomic    48   2   1  -1
 2446 atomic    48   2   1   0
 2447 atomic    48   2   1   1
 2448 atomic    48   3   1  -1
 2449 atomic    48   3   1   0
 2450 atomic    48   3   1   1
 2451 atomic    48   4   1  -1
 2452 atomic    48   4   1   0
 2453 atomic    48   4   1   1
 2454 atomic    48   5   1  -1
 2455 atomic    48   5   1   0
 2456 atomic    48   5   1   1
 2457 ionic     48   6   1  -1
 2458 ionic     48   6   1   0
 2459 ionic     48   6   1   1
 2460 atomic    48   3   2  -2
 2461 atomic    48   3   2  -1
 2462 atomic    48   3   2   0
 2463 atomic    48   3   2   1
 2464 atomic    48   3   2   2
 2465 atomic    48   4   2  -2
 2466 atomic    48   4   2  -1
 2467 atomic    48   4   2   0
 2468 atomic    48   4   2   1
 2469 atomic    48   4   2   2
 2470 atomic    48   5   2  -2
 2471 atomic    48   5   2  -1
 2472 atomic    48   5   2   0
 2473 atomic    48   5   2   1
 2474 atomic    48   5   2   2
 2475 hydro     48   3   2  -2
 2476 hydro     48   3   2  -1
 2477 hydro     48   3   2   0
 2478 hydro     48   3   2   1
 2479 hydro     48   3   2   2
 2480 atomic    48   4   3  -3
 2481 atomic    48   4   3  -2
 2482 atomic    48   4   3  -1
 2483 atomic    48   4   3   0
 2484 atomic    48   4   3   1
 2485 atomic    48   4   3   2
 2486 atomic    48   4   3   3
 2487 hydro     48   4   3  -3
 2488 hydro     48   4   3  -2
 2489 hydro     48   4   3  -1
 2490 hydro     48   4   3   0
 2491 hydro     48   4   3   1
 2492 hydro     48   4   3   2
 2493 hydro     48   4   3   3
 2494 hydro     48   5   4  -4
 2495 hydro     48   5   4  -3
 2496 hydro     48   5   4  -2
 2497 hydro     48   5   4  -1
 2498 hydro     48   5   4   0
 2499 hydro     48   5   4   1
 2500 hydro     48   5   4   2
 2501 hydro     48   5   4   3
 2502 hydro     48   5   4   4
 2503 hydro     48   6   5  -5
 2504 hydro     48   6   5  -4
 2505 hydro     48   6   5  -3
 2506 hydro     48   6   5  -2
 2507 hydro     48   6   5  -1
 2508 hydro     48   6   5   0
 2509 hydro     48   6   5   1
 2510 hydro     48   6   5   2
 2511 hydro     48   6   5   3
 2512 hydro     48   6   5   4
 2513 hydro     48   6   5   5
 2514 atomic    49   1   0   0
 2515 atomic    49   2   0   0
 2516 atomic    49   3   0   0
 2517 atomic    49   4   0   0
 2518 atomic    49   5   0   0
 2519 ionic     49   6   0   0
 2520 atomic    49   6   0   0
 2521 atomic    49   2   1  -1
 2522 atomic    49   2   1   0
 2523 atomic    49   2   1   1
 2524 atomic    49   3   1  -1
 2525 atomic    49   3   1   0
 2526 atomic    49   3   1   1
 2527 atomic    49   4   1  -1
 2528 atomic    49   4   1   0
 2529 atomic    49   4   1   1
 2530 atomic    49   5   1  -1
 2531 atomic    49   5   1   0
 2532 atomic    49   5   1   1
 2533 ionic     49   6   1  -1
 2534 ionic     49   6   1   0
 2535 ionic     49   6   1   1
 2536 atomic    49   3   2  -2
 2537 atomic    49   3   2  -1
 2538 atomic    49   3   2   0
 2539 atomic    49   3   2   1
 2540 atomic    49   3   2   2
 2541 atomic    49   4   2  -2
 2542 atomic    49   4   2  -1
 2543 atomic    49   4   2   0
 2544 atomic    49   4   2   1
 2545 atomic    49   4   2   2
 2546 atomic    49   5   2  -2
 2547 atomic    49   5   2  -1
 2548 atomic    49   5   2   0
 2549 atomic    49   5   2   1
 2550 atomic    49   5   2   2
 2551 hydro     49   3   2  -2
 2552 hydro     49   3   2  -1
 2553 hydro     49   3   2   0
 2554 hydro     49   3   2   1
 2555 hydro     49   3   2   2
 2556 atomic    49   4   3  -3
 2557 atomic    49   4   3  -2
 2558 atomic    49   4   3  -1
 2559 atomic    49   4   3   0
 2560 atomic    49   4   3   1
 2561 atomic    49   4   3   2
 2562 atomic    49   4   3   3
 2563 hydro     49   4   3  -3
 2564 hydro     49   4   3  -2
 2565 hydro     49   4   3  -1
 2566 hydro     49   4   3   0
 2567 hydro     49   4   3   1
 2568 hydro     49   4   3   2
 2569 hydro     49   4   3   3
 2570 hydro     49   5   4  -4
 2571 hydro     49   5   4  -3
 2572 hydro     49   5   4  -2
 2573 hydro     49   5   4  -1
 2574 hydro     49   5   4   0
 2575 hydro     49   5   4   1
 2576 hydro     49   5   4   2
 2577 hydro     49   5   4   3
 2578 hydro     49   5   4   4
 2579 hydro     49   6   5  -5
 2580 hydro     49   6   5  -4
 2581 hydro     49   6   5  -3
 2582 hydro     49   6   5  -2
 2583 hydro     49   6   5  -1
 2584 hydro     49   6   5   0
 2585 hydro     49   6   5   1
 2586 hydro     49   6   5   2
 2587 hydro     49   6   5   3
 2588 hydro     49   6   5   4
 2589 hydro     49   6   5   5
 2590 atomic    50   1   0   0
 2591 atomic    50   2   0   0
 2592 atomic    50   3   0   0
 2593 atomic    50   4   0   0
 2594 atomic    50   5   0   0
 2595 ionic     50   6   0   0
 2596 atomic    50   6   0   0
 2597 atomic    50   2   1  -1
 2598 atomic    50   2   1   0
 2599 atomic    50   2   1   1
 2600 atomic    50   3   1  -1
 2601 atomic    50   3   1   0
 2602 atomic    50   3   1   1
 2603 atomic    50   4   1  -1
 2604 atomic    50   4   1   0
 2605 atomic    50   4   1   1
 2606 atomic    50   5   1  -1
 2607 atomic    50   5   1   0
 2608 atomic    50   5   1   1
 2609 ionic     50   6   1  -1
 2610 ionic     50   6   1   0
 2611 ionic     50   6   1   1
 2612 atomic    50   3   2  -2
 2613 atomic    50   3   2  -1
 2614 atomic    50   3   2   0
 2615 atomic    50   3   2   1
 2616 atomic    50   3   2   2
 2617 atomic    50   4   2  -2
 2618 atomic    50   4   2  -1
 2619 atomic    50   4   2   0
 2620 atomic    50   4   2   1
 2621 atomic    50   4   2   2
 2622 atomic    50   5   2  -2
 2623 atomic    50   5   2  -1
 2624 atomic    50   5   2   0
 2625 atomic    50   5   2   1
 2626 atomic    50   5   2   2
 2627 hydro     50   3   2  -2
 2628 hydro     50   3   2  -1
 2629 hydro     50   3   2   0
 2630 hydro     50   3   2   1
 2631 hydro     50   3   2   2
 2632 atomic    50   4   3  -3
 2633 atomic    50   4   3  -2
 2634 atomic    50   4   3  -1
 2635 atomic    50   4   3   0
 2636 atomic    50   4   3   1
 2637 atomic    50   4   3   2
 2638 atomic    50   4   3   3
 2639 hydro     50   4   3  -3
 2640 hydro     50   4   3  -2
 2641 hydro     50   4   3  -1
 2642 hydro     50   4   3   0
 2643 hydro     50   4   3   1
 2644 hydro     50   4   3   2
 2645 hydro     50   4   3   3
 2646 hydro     50   5   4  -4
 2647 hydro     50   5   4  -3
 2648 hydro     50   5   4  -2
 2649 hydro     50   5   4  -1
 2650 hydro     50   5   4   0
 2651 hydro     50   5   4   1
 2652 hydro     50   5   4   2
 2653 hydro     50   5   4   3
 2654 hydro     50   5   4   4
 2655 hydro     50   6   5  -5
 2656 hydro     50   6   5  -4
 2657 hydro     50   6   5  -3
 2658 hydro     50   6   5  -2
 2659 hydro     50   6   5  -1
 2660 hydro     50   6   5   0
 2661 hydro     50   6   5   1
 2662 hydro     50   6   5   2
 2663 hydro     50   6   5   3
 2664 hydro     50   6   5   4
 2665 hydro     50   6   5   5
 2666 atomic    51   1   0   0
 2667 atomic    51   2   0   0
 2668 atomic    51   3   0   0
 2669 atomic    51   4   0   0
 2670 atomic    51   5   0   0
 2671 ionic     51   6   0   0
 2672 atomic    51   6   0   0
 2673 atomic    51   2   1  -1
 2674 atomic    51   2   1   0
 2675 atomic    51   2   1   1
 2676 atomic    51   3   1  -1
 2677 atomic    51   3   1   0
 2678 atomic    51   3   1   1
 2679 atomic    51   4   1  -1
 2680 atomic    51   4   1   0
 2681 atomic    51   4   1   1
 2682 atomic    51   5   1  -1
 2683 atomic    51   5   1   0
 2684 atomic    51   5   1   1
 2685 ionic     51   6   1  -1
 2686 ionic     51   6   1   0
 2687 ionic     51   6   1   1
 2688 atomic    51   3   2  -2
 2689 atomic    51   3   2  -1
 2690 atomic    51   3   2   0
 2691 atomic    51   3   2   1
 2692 atomic    51   3   2   2
 2693 atomic    51   4   2  -2
 2694 atomic    51   4   2  -1
 2695 atomic    51   4   2   0
 2696 atomic    51   4   2   1
 2697 atomic    51   4   2   2
 2698 atomic    51   5   2  -2
 2699 atomic    51   5   2  -1
 2700 atomic    51   5   2   0
 2701 atomic    51   5   2   1
 2702 atomic    51   5   2   2
 2703 hydro     51   3   2  -2
 2704 hydro     51   3   2  -1
 2705 hydro     51   3   2   0
 2706 hydro     51   3   2   1
 2707 hydro     51   3   2   2
 2708 atomic    51   4   3  -3
 2709 atomic    51   4   3  -2
 2710 atomic    51   4   3  -1
 2711 atomic    51   4   3   0
 2712 atomic    51   4   3   1
 2713 atomic    51   4   3   2
 2714 atomic    51   4   3   3
 2715 hydro     51   4   3  -3
 2716 hydro     51   4   3  -2
 2717 hydro     51   4   3  -1
 2718 hydro     51   4   3   0
 2719 hydro     51   4   3   1
 2720 hydro     51   4   3   2
 2721 hydro     51   4   3   3
 2722 hydro     51   5   4  -4
 2723 hydro     51   5   4  -3
 2724 hydro     51   5   4  -2
 2725 hydro     51   5   4  -1
 2726 hydro     51   5   4   0
 2727 hydro     51   5   4   1
 2728 hydro     51   5   4   2
 2729 hydro     51   5   4   3
 2730 hydro     51   5   4   4
 2731 hydro     51   6   5  -5
 2732 hydro     51   6   5  -4
 2733 hydro     51   6   5  -3
 2734 hydro     51   6   5  -2
 2735 hydro     51   6   5  -1
 2736 hydro     51   6   5   0
 2737 hydro     51   6   5   1
 2738 hydro     51   6   5   2
 2739 hydro     51   6   5   3
 2740 hydro     51   6   5   4
 2741 hydro     51   6   5   5
 2742 atomic    52   1   0   0
 2743 atomic    52   2   0   0
 2744 atomic    52   3   0   0
 2745 atomic    52   4   0   0
 2746 atomic    52   5   0   0
 2747 ionic     52   6   0   0
 2748 atomic    52   6   0   0
 2749 atomic    52   2   1  -1
 2750 atomic    52   2   1   0
 2751 atomic    52   2   1   1
 2752 atomic    52   3   1  -1
 2753 atomic    52   3   1   0
 2754 atomic    52   3   1   1
 2755 atomic    52   4   1  -1
 2756 atomic    52   4   1   0
 2757 atomic    52   4   1   1
 2758 atomic    52   5   1  -1
 2759 atomic    52   5   1   0
 2760 atomic    52   5   1   1
 2761 ionic     52   6   1  -1
 2762 ionic     52   6   1   0
 2763 ionic     52   6   1   1
 2764 atomic    52   3   2  -2
 2765 atomic    52   3   2  -1
 2766 atomic    52   3   2   0
 2767 atomic    52   3   2   1
 2768 atomic    52   3   2   2
 2769 atomic    52   4   2  -2
 2770 atomic    52   4   2  -1
 2771 atomic    52   4   2   0
 2772 atomic    52   4   2   1
 2773 atomic    52   4   2   2
 2774 atomic    52   5   2  -2
 2775 atomic    52   5   2  -1
 2776 atomic    52   5   2   0
 2777 atomic    52   5   2   1
 2778 atomic    52   5   2   2
 2779 hydro     52   3   2  -2
 2780 hydro     52   3   2  -1
 2781 hydro     52   3   2   0
 2782 hydro     52   3   2   1
 2783 hydro     52   3   2   2
 2784 atomic    52   4   3  -3
 2785 atomic    52   4   3  -2
 2786 atomic    52   4   3  -1
 2787 atomic    52   4   3   0
 2788 atomic    52   4   3   1
 2789 atomic    52   4   3   2
 2790 atomic    52   4   3   3
 2791 hydro     52   4   3  -3
 2792 hydro     52   4   3  -2
 2793 hydro     52   4   3  -1
 2794 hydro     52   4   3   0
 2795 hydro     52   4   3   1
 2796 hydro     52   4   3   2
 2797 hydro     52   4   3   3
 2798 hydro     52   5   4  -4
 2799 hydro     52   5   4  -3
 2800 hydro     52   5   4  -2
 2801 hydro     52   5   4  -1
 2802 hydro     52   5   4   0
 2803 hydro     52   5   4   1
 2804 hydro     52   5   4   2
 2805 hydro     52   5   4   3
 2806 hydro     52   5   4   4
 2807 hydro     52   6   5  -5
 2808 hydro     52   6   5  -4
 2809 hydro     52   6   5  -3
 2810 hydro     52   6   5  -2
 2811 hydro     52   6   5  -1
 2812 hydro     52   6   5   0
 2813 hydro     52   6   5   1
 2814 hydro     52   6   5   2
 2815 hydro     52   6   5   3
 2816 hydro     52   6   5   4
 2817 hydro     52   6   5   5
 2818 atomic    53   1   0   0
 2819 atomic    53   2   0   0
 2820 atomic    53   3   0   0
 2821 atomic    53   4   0   0
 2822 atomic    53   5   0   0
 2823 ionic     53   6   0   0
 2824 atomic    53   6   0   0
 2825 atomic    53   2   1  -1
 2826 atomic    53   2   1   0
 2827 atomic    53   2   1   1
 2828 atomic    53   3   1  -1
 2829 atomic    53   3   1   0
 2830 atomic    53   3   1   1
 2831 atomic    53   4   1  -1
 2832 atomic    53   4   1   0
 2833 atomic    53   4   1   1
 2834 atomic    53   5   1  -1
 2835 atomic    53   5   1   0
 2836 atomic    53   5   1   1
 2837 ionic     53   6   1  -1
 2838 ionic     53   6   1   0
 2839 ionic     53   6   1   1
 2840 atomic    53   3   2  -2
 2841 atomic    53   3   2  -1
 2842 atomic    53   3   2   0
 2843 atomic    53   3   2   1
 2844 atomic    53   3   2   2
 2845 atomic    53   4   2  -2
 2846 atomic    53   4   2  -1
 2847 atomic    53   4   2   0
 2848 atomic    53   4   2   1
 2849 atomic    53   4   2   2
 2850 atomic    53   5   2  -2
 2851 atomic    53   5   2  -1
 2852 atomic    53   5   2   0
 2853 atomic    53   5   2   1
 2854 atomic    53   5   2   2
 2855 hydro     53   3   2  -2
 2856 hydro     53   3   2  -1
 2857 hydro     53   3   2   0
 2858 hydro     53   3   2   1
 2859 hydro     53   3   2   2
 2860 atomic    53   4   3  -3
 2861 atomic    53   4   3  -2
 2862 atomic    53   4   3  -1
 2863 atomic    53   4   3   0
 2864 atomic    53   4   3   1
 2865 atomic    53   4   3   2
 2866 atomic    53   4   3   3
 2867 hydro     53   4   3  -3
 2868 hydro     53   4   3  -2
 2869 hydro     53   4   3  -1
 2870 hydro     53   4   3   0
 2871 hydro     53   4   3   1
 2872 hydro     53   4   3   2
 2873 hydro     53   4   3   3
 2874 hydro     53   5   4  -4
 2875 hydro     53   5   4  -3
 2876 hydro     53   5   4  -2
 2877 hydro     53   5   4  -1
 2878 hydro     53   5   4   0
 2879 hydro     53   5   4   1
 2880 hydro     53   5   4   2
 2881 hydro     53   5   4   3
 2882 hydro     53   5   4   4
 2883 hydro     53   6   5  -5
 2884 hydro     53   6   5  -4
 2885 hydro     53   6   5  -3
 2886 hydro     53   6   5  -2
 2887 hydro     53   6   5  -1
 2888 hydro     53   6   5   0
 2889 hydro     53   6   5   1
 2890 hydro     53   6   5   2
 2891 hydro     53   6   5   3
 2892 hydro     53   6   5   4
 2893 hydro     53   6   5   5
$end
